#
# There is insufficient memory for the Java Runtime Environment to continue.
# Native memory allocation (mmap) failed to map 484442112 bytes for Failed to commit area from 0x00000000b7d00000 to 0x00000000d4b00000 of length 484442112.
# Possible reasons:
#   The system is out of physical RAM or swap space
#   The process is running with CompressedOops enabled, and the Java Heap may be blocking the growth of the native heap
# Possible solutions:
#   Reduce memory load on the system
#   Increase physical memory or swap space
#   Check if swap backing store is full
#   Decrease Java heap size (-Xmx/-Xms)
#   Decrease number of Java threads
#   Decrease Java thread stack sizes (-Xss)
#   Set larger code cache with -XX:ReservedCodeCacheSize=
#   JVM is running with Unscaled Compressed Oops mode in which the Java heap is
#     placed in the first 4GB address space. The Java Heap base address is the
#     maximum limit for the native heap growth. Please use -XX:HeapBaseMinAddress
#     to set the Java Heap base and to place the Java Heap above 4GB virtual address.
# This output file may be truncated or incomplete.
#
#  Out of Memory Error (./src/hotspot/os/windows/os_windows.cpp:3301), pid=37936, tid=11440
#
# JRE version: OpenJDK Runtime Environment (11.0.10) (build 11.0.10+0-b96-7249189)
# Java VM: OpenJDK 64-Bit Server VM (11.0.10+0-b96-7249189, mixed mode, tiered, compressed oops, g1 gc, windows-amd64)
# No core dump will be written. Minidumps are not enabled by default on client versions of Windows
#

---------------  S U M M A R Y ------------

Command Line: --add-opens=java.base/java.util=ALL-UNNAMED --add-opens=java.base/java.lang=ALL-UNNAMED --add-opens=java.base/java.lang.invoke=ALL-UNNAMED --add-opens=java.prefs/java.util.prefs=ALL-UNNAMED -Xmx1536m -Dfile.encoding=windows-1252 -Duser.country=US -Duser.language=en -Duser.variant org.gradle.launcher.daemon.bootstrap.GradleDaemon 5.4.1

Host: Intel(R) Core(TM) i5-8250U CPU @ 1.60GHz, 8 cores, 7G,  Windows 10 , 64 bit Build 19041 (10.0.19041.1023)
Time: Mon Aug 16 16:09:59 2021 India Standard Time elapsed time: 92.757023 seconds (0d 0h 1m 32s)

---------------  T H R E A D  ---------------

Current thread (0x00000172db728000):  VMThread "VM Thread" [stack: 0x00000047fdd00000,0x00000047fde00000] [id=11440]

Stack: [0x00000047fdd00000,0x00000047fde00000]
[error occurred during error reporting (printing stack bounds), id 0xc0000005, EXCEPTION_ACCESS_VIOLATION (0xc0000005) at pc=0x00000172c5910f2d]

Native frames: (J=compiled Java code, j=interpreted, Vv=VM code, C=native code)
V  [jvm.dll+0x5ecfaa]
V  [jvm.dll+0x722bd5]
V  [jvm.dll+0x72412d]
V  [jvm.dll+0x724745]
V  [jvm.dll+0x7246fb]
V  [jvm.dll+0x5ec348]
V  [jvm.dll+0x5ecad8]
C  [ntdll.dll+0xa217f]
C  [ntdll.dll+0x51454]
C  [ntdll.dll+0xa0cae]
C  0x00000172c5910f2d

VM_Operation (0x00000047823fd6e0): G1CollectForAllocation, mode: safepoint, requested by thread 0x00000172ddef2000


---------------  P R O C E S S  ---------------

Threads class SMR info:
_java_thread_list=0x00000172de88b810, length=68, elements={
0x00000172c061a800, 0x00000172db72a000, 0x00000172db72b000, 0x00000172db747800,
0x00000172db749800, 0x00000172db74b000, 0x00000172db756000, 0x00000172db75f000,
0x00000172db762000, 0x00000172dc21a000, 0x00000172dda88800, 0x00000172dd736800,
0x00000172dd8a3000, 0x00000172dd748800, 0x00000172dd749800, 0x00000172ddee6000,
0x00000172ddeea800, 0x00000172ddef1000, 0x00000172e21fb000, 0x00000172e21fe000,
0x00000172e21fb800, 0x00000172e21f9000, 0x00000172e21fc800, 0x00000172e21fd800,
0x00000172e2200000, 0x00000172e21fa000, 0x00000172dc24e800, 0x00000172e2200800,
0x00000172e2207000, 0x00000172e2203000, 0x00000172e2204000, 0x00000172e2204800,
0x00000172e2206800, 0x00000172e2201800, 0x00000172e2202000, 0x00000172e2205800,
0x00000172e2208000, 0x00000172ddee5000, 0x00000172e30f5800, 0x00000172ddee3800,
0x00000172ddeea000, 0x00000172ddee4000, 0x00000172ddeee000, 0x00000172ddeef000,
0x00000172ddeef800, 0x00000172ddeec800, 0x00000172ddef0800, 0x00000172ddeed000,
0x00000172ddeeb800, 0x00000172ddef2000, 0x00000172dd74b000, 0x00000172dd74a000,
0x00000172dcebc800, 0x00000172dceb9800, 0x00000172dcebd800, 0x00000172dceba800,
0x00000172dcebe800, 0x00000172dcebc000, 0x00000172dcebb000, 0x00000172dceb8800,
0x00000172e317b000, 0x00000172e317a000, 0x00000172e317c000, 0x00000172e317d800,
0x00000172e317e800, 0x00000172e317f000, 0x00000172e3182800, 0x00000172e317c800
}

Java Threads: ( => current thread )
  0x00000172c061a800 JavaThread "main" [_thread_blocked, id=28888, stack(0x00000047fd700000,0x00000047fd800000)]
  0x00000172db72a000 JavaThread "Reference Handler" daemon [_thread_blocked, id=30448, stack(0x00000047fde00000,0x00000047fdf00000)]
  0x00000172db72b000 JavaThread "Finalizer" daemon [_thread_blocked, id=8904, stack(0x00000047fdf00000,0x00000047fe000000)]
  0x00000172db747800 JavaThread "Signal Dispatcher" daemon [_thread_blocked, id=17016, stack(0x00000047fe000000,0x00000047fe100000)]
  0x00000172db749800 JavaThread "Attach Listener" daemon [_thread_blocked, id=30436, stack(0x00000047fe100000,0x00000047fe200000)]
  0x00000172db74b000 JavaThread "Service Thread" daemon [_thread_blocked, id=14392, stack(0x00000047fe200000,0x00000047fe300000)]
  0x00000172db756000 JavaThread "C2 CompilerThread0" daemon [_thread_in_native, id=18344, stack(0x00000047fe300000,0x00000047fe400000)]
  0x00000172db75f000 JavaThread "C1 CompilerThread0" daemon [_thread_blocked, id=30004, stack(0x00000047fe400000,0x00000047fe500000)]
  0x00000172db762000 JavaThread "Sweeper thread" daemon [_thread_blocked, id=28940, stack(0x00000047fe500000,0x00000047fe600000)]
  0x00000172dc21a000 JavaThread "Common-Cleaner" daemon [_thread_blocked, id=18716, stack(0x00000047fe600000,0x00000047fe700000)]
  0x00000172dda88800 JavaThread "Daemon health stats" [_thread_blocked, id=11900, stack(0x00000047fec00000,0x00000047fed00000)]
  0x00000172dd736800 JavaThread "Incoming local TCP Connector on port 52041" [_thread_in_native, id=17864, stack(0x00000047fe800000,0x00000047fe900000)]
  0x00000172dd8a3000 JavaThread "Daemon periodic checks" [_thread_blocked, id=12496, stack(0x00000047feb00000,0x00000047fec00000)]
  0x00000172dd748800 JavaThread "Cache worker for file hash cache (C:\Users\Asus\.gradle\caches\5.4.1\fileHashes)" [_thread_blocked, id=9832, stack(0x00000047ff400000,0x00000047ff500000)]
  0x00000172dd749800 JavaThread "File lock request listener" [_thread_in_native, id=30892, stack(0x00000047ff500000,0x00000047ff600000)]
  0x00000172ddee6000 JavaThread "Cache worker for journal cache (C:\Users\Asus\.gradle\caches\journal-1)" [_thread_blocked, id=9528, stack(0x00000047ff600000,0x00000047ff700000)]
  0x00000172ddeea800 JavaThread "Cache worker for execution history cache (C:\Users\Asus\.gradle\caches\5.4.1\executionHistory)" [_thread_blocked, id=26968, stack(0x0000004780100000,0x0000004780200000)]
  0x00000172ddef1000 JavaThread "Memory manager" [_thread_blocked, id=33216, stack(0x0000004780c00000,0x0000004780d00000)]
  0x00000172e21fb000 JavaThread "Daemon Thread 2" [_thread_blocked, id=13476, stack(0x0000004780300000,0x0000004780400000)]
  0x00000172e21fe000 JavaThread "Handler for socket connection from /127.0.0.1:52041 to /127.0.0.1:61058" [_thread_in_native, id=30648, stack(0x0000004780400000,0x0000004780500000)]
  0x00000172e21fb800 JavaThread "Cancel handler" [_thread_blocked, id=29352, stack(0x0000004780500000,0x0000004780600000)]
  0x00000172e21f9000 JavaThread "Daemon worker Thread 2" [_thread_blocked, id=15896, stack(0x0000004780600000,0x0000004780700000)]
  0x00000172e21fc800 JavaThread "Asynchronous log dispatcher for DefaultDaemonConnection: socket connection from /127.0.0.1:52041 to /127.0.0.1:61058" [_thread_blocked, id=10896, stack(0x0000004780700000,0x0000004780800000)]
  0x00000172e21fd800 JavaThread "Stdin handler" [_thread_blocked, id=32544, stack(0x0000004780800000,0x0000004780900000)]
  0x00000172e2200000 JavaThread "Thread-38" [_thread_blocked, id=28348, stack(0x0000004780900000,0x0000004780a00000)]
  0x00000172e21fa000 JavaThread "Cache worker for file hash cache (C:\Users\Asus\AndroidStudioProjects\Aucrypto\.gradle\5.4.1\fileHashes)" [_thread_blocked, id=30848, stack(0x0000004780a00000,0x0000004780b00000)]
  0x00000172dc24e800 JavaThread "C2 CompilerThread1" daemon [_thread_blocked, id=38308, stack(0x0000004780b00000,0x0000004780c00000)]
  0x00000172e2200800 JavaThread "Cache worker for cache directory md-supplier (C:\Users\Asus\.gradle\caches\5.4.1\md-supplier)" [_thread_blocked, id=26948, stack(0x0000004780d00000,0x0000004780e00000)]
  0x00000172e2207000 JavaThread "Cache worker for cache directory md-rule (C:\Users\Asus\.gradle\caches\5.4.1\md-rule)" [_thread_blocked, id=35652, stack(0x0000004780e00000,0x0000004780f00000)]
  0x00000172e2203000 JavaThread "Build operations" [_thread_blocked, id=34824, stack(0x0000004780f00000,0x0000004781000000)]
  0x00000172e2204000 JavaThread "Build operations Thread 2" [_thread_blocked, id=336, stack(0x0000004781000000,0x0000004781100000)]
  0x00000172e2204800 JavaThread "Build operations Thread 3" [_thread_blocked, id=17956, stack(0x0000004781100000,0x0000004781200000)]
  0x00000172e2206800 JavaThread "Build operations Thread 4" [_thread_blocked, id=22644, stack(0x0000004781200000,0x0000004781300000)]
  0x00000172e2201800 JavaThread "Build operations Thread 5" [_thread_blocked, id=22440, stack(0x0000004781300000,0x0000004781400000)]
  0x00000172e2202000 JavaThread "Build operations Thread 6" [_thread_blocked, id=33896, stack(0x0000004781400000,0x0000004781500000)]
  0x00000172e2205800 JavaThread "Build operations Thread 7" [_thread_blocked, id=6376, stack(0x0000004781500000,0x0000004781600000)]
  0x00000172e2208000 JavaThread "Build operations Thread 8" [_thread_blocked, id=36944, stack(0x0000004781600000,0x0000004781700000)]
  0x00000172ddee5000 JavaThread "Cache worker for Build Output Cleanup Cache (C:\Users\Asus\AndroidStudioProjects\Aucrypto\.gradle\buildOutputCleanup)" [_thread_blocked, id=35132, stack(0x0000004781700000,0x0000004781800000)]
  0x00000172e30f5800 JavaThread "C2 CompilerThread2" daemon [_thread_blocked, id=38124, stack(0x0000004781800000,0x0000004781900000)]
  0x00000172ddee3800 JavaThread "Cache worker for file content cache (C:\Users\Asus\.gradle\caches\5.4.1\fileContent)" [_thread_blocked, id=3536, stack(0x0000004781900000,0x0000004781a00000)]
  0x00000172ddeea000 JavaThread "Cache worker for file content cache (C:\Users\Asus\AndroidStudioProjects\Aucrypto\.gradle\5.4.1\fileContent)" [_thread_blocked, id=10384, stack(0x0000004781a00000,0x0000004781b00000)]
  0x00000172ddee4000 JavaThread "Execution worker for ':'" [_thread_blocked, id=6620, stack(0x0000004781b00000,0x0000004781c00000)]
  0x00000172ddeee000 JavaThread "Execution worker for ':' Thread 2" [_thread_blocked, id=17176, stack(0x0000004781c00000,0x0000004781d00000)]
  0x00000172ddeef000 JavaThread "Execution worker for ':' Thread 3" [_thread_blocked, id=33304, stack(0x0000004781d00000,0x0000004781e00000)]
  0x00000172ddeef800 JavaThread "Execution worker for ':' Thread 4" [_thread_blocked, id=21856, stack(0x0000004781e00000,0x0000004781f00000)]
  0x00000172ddeec800 JavaThread "Execution worker for ':' Thread 5" [_thread_blocked, id=27040, stack(0x0000004781f00000,0x0000004782000000)]
  0x00000172ddef0800 JavaThread "Execution worker for ':' Thread 6" [_thread_blocked, id=14276, stack(0x0000004782000000,0x0000004782100000)]
  0x00000172ddeed000 JavaThread "Execution worker for ':' Thread 7" [_thread_blocked, id=37608, stack(0x0000004782100000,0x0000004782200000)]
  0x00000172ddeeb800 JavaThread "Cache worker for execution history cache (C:\Users\Asus\AndroidStudioProjects\Aucrypto\.gradle\5.4.1\executionHistory)" [_thread_blocked, id=29416, stack(0x0000004782200000,0x0000004782300000)]
  0x00000172ddef2000 JavaThread "WorkerExecutor Queue" [_thread_blocked, id=29552, stack(0x0000004782300000,0x0000004782400000)]
  0x00000172dd74b000 JavaThread "Cache worker for Java compile cache (C:\Users\Asus\.gradle\caches\5.4.1\javaCompile)" [_thread_blocked, id=30152, stack(0x0000004782400000,0x0000004782500000)]
  0x00000172dd74a000 JavaThread "Cache worker for Java compile cache (C:\Users\Asus\AndroidStudioProjects\Aucrypto\.gradle\5.4.1\javaCompile)" [_thread_blocked, id=31648, stack(0x0000004782500000,0x0000004782600000)]
  0x00000172dcebc800 JavaThread "ForkJoinPool.commonPool-worker-3" daemon [_thread_blocked, id=18096, stack(0x0000004782600000,0x0000004782700000)]
  0x00000172dceb9800 JavaThread "ForkJoinPool.commonPool-worker-5" daemon [_thread_blocked, id=9696, stack(0x0000004782700000,0x0000004782800000)]
  0x00000172dcebd800 JavaThread "ForkJoinPool.commonPool-worker-7" daemon [_thread_blocked, id=33968, stack(0x0000004782800000,0x0000004782900000)]
  0x00000172dceba800 JavaThread "ForkJoinPool.commonPool-worker-9" daemon [_thread_blocked, id=31328, stack(0x0000004782900000,0x0000004782a00000)]
  0x00000172dcebe800 JavaThread "ForkJoinPool.commonPool-worker-11" daemon [_thread_blocked, id=29348, stack(0x0000004782a00000,0x0000004782b00000)]
  0x00000172dcebc000 JavaThread "ForkJoinPool.commonPool-worker-13" daemon [_thread_blocked, id=24652, stack(0x0000004782b00000,0x0000004782c00000)]
  0x00000172dcebb000 JavaThread "ForkJoinPool.commonPool-worker-15" daemon [_thread_blocked, id=26824, stack(0x0000004782c00000,0x0000004782d00000)]
  0x00000172dceb8800 JavaThread "WorkerExecutor Queue Thread 2" [_thread_blocked, id=24920, stack(0x0000004782d00000,0x0000004782e00000)]
  0x00000172e317b000 JavaThread "ForkJoinPool-3-worker-3" daemon [_thread_blocked, id=10912, stack(0x0000004782e00000,0x0000004782f00000)]
  0x00000172e317a000 JavaThread "ForkJoinPool-3-worker-5" daemon [_thread_blocked, id=27292, stack(0x0000004782f00000,0x0000004783000000)]
  0x00000172e317c000 JavaThread "ForkJoinPool-3-worker-7" daemon [_thread_blocked, id=8896, stack(0x0000004783000000,0x0000004783100000)]
  0x00000172e317d800 JavaThread "ForkJoinPool-3-worker-9" daemon [_thread_blocked, id=14076, stack(0x0000004783100000,0x0000004783200000)]
  0x00000172e317e800 JavaThread "ForkJoinPool-3-worker-11" daemon [_thread_blocked, id=25252, stack(0x0000004783200000,0x0000004783300000)]
  0x00000172e317f000 JavaThread "ForkJoinPool-3-worker-13" daemon [_thread_blocked, id=34112, stack(0x0000004783300000,0x0000004783400000)]
  0x00000172e3182800 JavaThread "ForkJoinPool-3-worker-15" daemon [_thread_blocked, id=32588, stack(0x0000004783400000,0x0000004783500000)]
  0x00000172e317c800 JavaThread "ForkJoinPool-3-worker-1" daemon [_thread_blocked, id=13696, stack(0x0000004783500000,0x0000004783600000)]

Other Threads:
=>0x00000172db728000 VMThread "VM Thread" [stack: 0x00000047fdd00000,0x00000047fde00000] [id=11440]
  0x00000172dc223000 WatcherThread [stack: 0x00000047fe700000,0x00000047fe800000] [id=3804]
  0x00000172c0632000 GCTaskThread "GC Thread#0" [stack: 0x00000047fd800000,0x00000047fd900000] [id=33348]
  0x00000172dcb83800 GCTaskThread "GC Thread#1" [stack: 0x00000047fe900000,0x00000047fea00000] [id=30316]
  0x00000172dd104800 GCTaskThread "GC Thread#2" [stack: 0x00000047fea00000,0x00000047feb00000] [id=11532]
  0x00000172de317800 GCTaskThread "GC Thread#3" [stack: 0x00000047ff800000,0x00000047ff900000] [id=6624]
  0x00000172de425000 GCTaskThread "GC Thread#4" [stack: 0x00000047ff900000,0x00000047ffa00000] [id=19528]
  0x00000172ddc68800 GCTaskThread "GC Thread#5" [stack: 0x00000047ffa00000,0x00000047ffb00000] [id=36480]
  0x00000172ddc69000 GCTaskThread "GC Thread#6" [stack: 0x00000047ffb00000,0x00000047ffc00000] [id=9024]
  0x00000172ddc56800 GCTaskThread "GC Thread#7" [stack: 0x00000047ffc00000,0x00000047ffd00000] [id=3416]
  0x00000172c065a800 ConcurrentGCThread "G1 Main Marker" [stack: 0x00000047fd900000,0x00000047fda00000] [id=35208]
  0x00000172c065d000 ConcurrentGCThread "G1 Conc#0" [stack: 0x00000047fda00000,0x00000047fdb00000] [id=11960]
  0x00000172ddca1000 ConcurrentGCThread "G1 Conc#1" [stack: 0x00000047ffd00000,0x00000047ffe00000] [id=22520]
  0x00000172db580800 ConcurrentGCThread "G1 Refine#0" [stack: 0x00000047fdb00000,0x00000047fdc00000] [id=21180]
  0x00000172e4fcc000 ConcurrentGCThread "G1 Refine#1" [stack: 0x0000004783600000,0x0000004783700000] [id=24040]
  0x00000172e2144000 ConcurrentGCThread "G1 Refine#2" [stack: 0x0000004783700000,0x0000004783800000] [id=29252]
  0x00000172e1a8d000 ConcurrentGCThread "G1 Refine#3" [stack: 0x0000004783800000,0x0000004783900000] [id=24452]
  0x00000172dea7c800 ConcurrentGCThread "G1 Refine#4" [stack: 0x0000004783900000,0x0000004783a00000] [id=17568]
  0x00000172e7af1800 ConcurrentGCThread "G1 Refine#5" [stack: 0x0000004783a00000,0x0000004783b00000] [id=12984]
  0x00000172c06f1800 ConcurrentGCThread "G1 Young RemSet Sampling" [stack: 0x00000047fdc00000,0x00000047fdd00000] [id=15044]

Threads with active compile tasks:
C2 CompilerThread0  92784 11633       4       com.android.tools.r8.graph.DexAnnotationSet::e (94 bytes)
C2 CompilerThread1  92784 11658       4       com.android.tools.r8.graph.DexEncodedMethod::a (6 bytes)
C2 CompilerThread2  92785 11636       4       com.android.tools.r8.graph.DexAnnotationSet::a (15 bytes)

VM state:at safepoint (normal execution)

VM Mutex/Monitor currently owned by a thread:  ([mutex/lock_event])
[0x00000172c0617c20] Threads_lock - owner thread: 0x00000172db728000
[0x00000172c06163f0] Heap_lock - owner thread: 0x00000172ddef2000

Heap address: 0x00000000a0000000, size: 1536 MB, Compressed Oops mode: 32-bit
Narrow klass base: 0x0000000000000000, Narrow klass shift: 3
Compressed class space size: 1073741824 Address: 0x0000000100000000

Heap:
 garbage-first heap   total 863232K, used 237418K [0x00000000a0000000, 0x0000000100000000)
  region size 1024K, 3 young (3072K), 3 survivors (3072K)
 Metaspace       used 92695K, capacity 95013K, committed 95232K, reserved 1132544K
  class space    used 11664K, capacity 12457K, committed 12544K, reserved 1048576K
Heap Regions: E=young(eden), S=young(survivor), O=old, HS=humongous(starts), HC=humongous(continues), CS=collection set, F=free, A=archive, TAMS=top-at-mark-start (previous, next)
|   0|0x00000000a0000000, 0x00000000a0100000, 0x00000000a0100000|100%|HS|  |TAMS 0x00000000a0100000, 0x00000000a0000000| Complete 
|   1|0x00000000a0100000, 0x00000000a0200000, 0x00000000a0200000|100%|HC|  |TAMS 0x00000000a0200000, 0x00000000a0100000| Complete 
|   2|0x00000000a0200000, 0x00000000a0300000, 0x00000000a0300000|100%|HS|  |TAMS 0x00000000a0300000, 0x00000000a0200000| Complete 
|   3|0x00000000a0300000, 0x00000000a0400000, 0x00000000a0400000|100%|HS|  |TAMS 0x00000000a0400000, 0x00000000a0300000| Complete 
|   4|0x00000000a0400000, 0x00000000a0500000, 0x00000000a0500000|100%|HC|  |TAMS 0x00000000a0500000, 0x00000000a0400000| Complete 
|   5|0x00000000a0500000, 0x00000000a0600000, 0x00000000a0600000|100%| O|  |TAMS 0x00000000a0600000, 0x00000000a0500000| Untracked 
|   6|0x00000000a0600000, 0x00000000a0700000, 0x00000000a0700000|100%| O|  |TAMS 0x00000000a0700000, 0x00000000a0600000| Complete 
|   7|0x00000000a0700000, 0x00000000a0800000, 0x00000000a0800000|100%|HS|  |TAMS 0x00000000a0800000, 0x00000000a0700000| Complete 
|   8|0x00000000a0800000, 0x00000000a0900000, 0x00000000a0900000|100%|HC|  |TAMS 0x00000000a0900000, 0x00000000a0800000| Complete 
|   9|0x00000000a0900000, 0x00000000a0a00000, 0x00000000a0a00000|100%|HC|  |TAMS 0x00000000a0a00000, 0x00000000a0900000| Complete 
|  10|0x00000000a0a00000, 0x00000000a0b00000, 0x00000000a0b00000|100%|HS|  |TAMS 0x00000000a0b00000, 0x00000000a0a00000| Complete 
|  11|0x00000000a0b00000, 0x00000000a0c00000, 0x00000000a0c00000|100%|HC|  |TAMS 0x00000000a0c00000, 0x00000000a0b00000| Complete 
|  12|0x00000000a0c00000, 0x00000000a0d00000, 0x00000000a0d00000|100%|HC|  |TAMS 0x00000000a0d00000, 0x00000000a0c00000| Complete 
|  13|0x00000000a0d00000, 0x00000000a0e00000, 0x00000000a0e00000|100%|HC|  |TAMS 0x00000000a0e00000, 0x00000000a0d00000| Complete 
|  14|0x00000000a0e00000, 0x00000000a0f00000, 0x00000000a0f00000|100%|HC|  |TAMS 0x00000000a0f00000, 0x00000000a0e00000| Complete 
|  15|0x00000000a0f00000, 0x00000000a1000000, 0x00000000a1000000|100%| O|  |TAMS 0x00000000a1000000, 0x00000000a0f00000| Untracked 
|  16|0x00000000a1000000, 0x00000000a1100000, 0x00000000a1100000|100%| O|  |TAMS 0x00000000a1100000, 0x00000000a1000000| Untracked 
|  17|0x00000000a1100000, 0x00000000a1200000, 0x00000000a1200000|100%| O|  |TAMS 0x00000000a1200000, 0x00000000a1100000| Untracked 
|  18|0x00000000a1200000, 0x00000000a1300000, 0x00000000a1300000|100%| O|  |TAMS 0x00000000a1300000, 0x00000000a1200000| Untracked 
|  19|0x00000000a1300000, 0x00000000a1400000, 0x00000000a1400000|100%| O|  |TAMS 0x00000000a1400000, 0x00000000a1300000| Untracked 
|  20|0x00000000a1400000, 0x00000000a1500000, 0x00000000a1500000|100%| O|  |TAMS 0x00000000a1500000, 0x00000000a1400000| Untracked 
|  21|0x00000000a1500000, 0x00000000a1600000, 0x00000000a1600000|100%| O|  |TAMS 0x00000000a1600000, 0x00000000a1500000| Untracked 
|  22|0x00000000a1600000, 0x00000000a1700000, 0x00000000a1700000|100%| O|  |TAMS 0x00000000a1700000, 0x00000000a1600000| Untracked 
|  23|0x00000000a1700000, 0x00000000a1800000, 0x00000000a1800000|100%| O|  |TAMS 0x00000000a1800000, 0x00000000a1700000| Untracked 
|  24|0x00000000a1800000, 0x00000000a1900000, 0x00000000a1900000|100%| O|  |TAMS 0x00000000a1900000, 0x00000000a1800000| Complete 
|  25|0x00000000a1900000, 0x00000000a1a00000, 0x00000000a1a00000|100%| O|  |TAMS 0x00000000a1a00000, 0x00000000a1900000| Untracked 
|  26|0x00000000a1a00000, 0x00000000a1b00000, 0x00000000a1b00000|100%| O|  |TAMS 0x00000000a1b00000, 0x00000000a1a00000| Untracked 
|  27|0x00000000a1b00000, 0x00000000a1c00000, 0x00000000a1c00000|100%| O|  |TAMS 0x00000000a1c00000, 0x00000000a1b00000| Untracked 
|  28|0x00000000a1c00000, 0x00000000a1d00000, 0x00000000a1d00000|100%| O|  |TAMS 0x00000000a1d00000, 0x00000000a1c00000| Untracked 
|  29|0x00000000a1d00000, 0x00000000a1e00000, 0x00000000a1e00000|100%| O|  |TAMS 0x00000000a1e00000, 0x00000000a1d00000| Untracked 
|  30|0x00000000a1e00000, 0x00000000a1f00000, 0x00000000a1f00000|100%| O|  |TAMS 0x00000000a1f00000, 0x00000000a1e00000| Untracked 
|  31|0x00000000a1f00000, 0x00000000a2000000, 0x00000000a2000000|100%| O|  |TAMS 0x00000000a2000000, 0x00000000a1f00000| Complete 
|  32|0x00000000a2000000, 0x00000000a2100000, 0x00000000a2100000|100%| O|  |TAMS 0x00000000a2100000, 0x00000000a2000000| Untracked 
|  33|0x00000000a2100000, 0x00000000a2200000, 0x00000000a2200000|100%| O|  |TAMS 0x00000000a2200000, 0x00000000a2100000| Untracked 
|  34|0x00000000a2200000, 0x00000000a2300000, 0x00000000a2300000|100%| O|  |TAMS 0x00000000a2300000, 0x00000000a2200000| Untracked 
|  35|0x00000000a2300000, 0x00000000a2400000, 0x00000000a2400000|100%| O|  |TAMS 0x00000000a2400000, 0x00000000a2300000| Untracked 
|  36|0x00000000a2400000, 0x00000000a2500000, 0x00000000a2500000|100%| O|  |TAMS 0x00000000a2500000, 0x00000000a2400000| Complete 
|  37|0x00000000a2500000, 0x00000000a2600000, 0x00000000a2600000|100%|HS|  |TAMS 0x00000000a2600000, 0x00000000a2500000| Complete 
|  38|0x00000000a2600000, 0x00000000a2700000, 0x00000000a2700000|100%|HC|  |TAMS 0x00000000a2700000, 0x00000000a2600000| Complete 
|  39|0x00000000a2700000, 0x00000000a2800000, 0x00000000a2800000|100%| O|  |TAMS 0x00000000a2800000, 0x00000000a2700000| Untracked 
|  40|0x00000000a2800000, 0x00000000a2900000, 0x00000000a2900000|100%| O|  |TAMS 0x00000000a2900000, 0x00000000a2800000| Complete 
|  41|0x00000000a2900000, 0x00000000a2a00000, 0x00000000a2a00000|100%| O|  |TAMS 0x00000000a2a00000, 0x00000000a2900000| Complete 
|  42|0x00000000a2a00000, 0x00000000a2b00000, 0x00000000a2b00000|100%| O|  |TAMS 0x00000000a2b00000, 0x00000000a2a00000| Complete 
|  43|0x00000000a2b00000, 0x00000000a2c00000, 0x00000000a2c00000|100%| O|  |TAMS 0x00000000a2c00000, 0x00000000a2b00000| Untracked 
|  44|0x00000000a2c00000, 0x00000000a2d00000, 0x00000000a2d00000|100%| O|  |TAMS 0x00000000a2d00000, 0x00000000a2c00000| Untracked 
|  45|0x00000000a2d00000, 0x00000000a2e00000, 0x00000000a2e00000|100%| O|  |TAMS 0x00000000a2e00000, 0x00000000a2d00000| Untracked 
|  46|0x00000000a2e00000, 0x00000000a2f00000, 0x00000000a2f00000|100%| O|  |TAMS 0x00000000a2f00000, 0x00000000a2e00000| Untracked 
|  47|0x00000000a2f00000, 0x00000000a3000000, 0x00000000a3000000|100%| O|  |TAMS 0x00000000a3000000, 0x00000000a2f00000| Untracked 
|  48|0x00000000a3000000, 0x00000000a3100000, 0x00000000a3100000|100%|HS|  |TAMS 0x00000000a3100000, 0x00000000a3000000| Complete 
|  49|0x00000000a3100000, 0x00000000a3200000, 0x00000000a3200000|100%| O|  |TAMS 0x00000000a3200000, 0x00000000a3100000| Untracked 
|  50|0x00000000a3200000, 0x00000000a3300000, 0x00000000a3300000|100%| O|  |TAMS 0x00000000a3300000, 0x00000000a3200000| Untracked 
|  51|0x00000000a3300000, 0x00000000a3400000, 0x00000000a3400000|100%| O|  |TAMS 0x00000000a3400000, 0x00000000a3300000| Untracked 
|  52|0x00000000a3400000, 0x00000000a3500000, 0x00000000a3500000|100%| O|  |TAMS 0x00000000a3500000, 0x00000000a3400000| Complete 
|  53|0x00000000a3500000, 0x00000000a3600000, 0x00000000a3600000|100%| O|  |TAMS 0x00000000a3600000, 0x00000000a3500000| Complete 
|  54|0x00000000a3600000, 0x00000000a3700000, 0x00000000a3700000|100%| O|  |TAMS 0x00000000a3700000, 0x00000000a3600000| Complete 
|  55|0x00000000a3700000, 0x00000000a3800000, 0x00000000a3800000|100%| O|  |TAMS 0x00000000a3800000, 0x00000000a3700000| Untracked 
|  56|0x00000000a3800000, 0x00000000a3900000, 0x00000000a3900000|100%| O|  |TAMS 0x00000000a3900000, 0x00000000a3800000| Complete 
|  57|0x00000000a3900000, 0x00000000a3a00000, 0x00000000a3a00000|100%| O|  |TAMS 0x00000000a3a00000, 0x00000000a3900000| Untracked 
|  58|0x00000000a3a00000, 0x00000000a3b00000, 0x00000000a3b00000|100%| O|  |TAMS 0x00000000a3b00000, 0x00000000a3a00000| Complete 
|  59|0x00000000a3b00000, 0x00000000a3c00000, 0x00000000a3c00000|100%| O|  |TAMS 0x00000000a3c00000, 0x00000000a3b00000| Complete 
|  60|0x00000000a3c00000, 0x00000000a3d00000, 0x00000000a3d00000|100%| O|  |TAMS 0x00000000a3d00000, 0x00000000a3c00000| Untracked 
|  61|0x00000000a3d00000, 0x00000000a3e00000, 0x00000000a3e00000|100%| O|  |TAMS 0x00000000a3e00000, 0x00000000a3d00000| Complete 
|  62|0x00000000a3e00000, 0x00000000a3f00000, 0x00000000a3f00000|100%| O|  |TAMS 0x00000000a3f00000, 0x00000000a3e00000| Complete 
|  63|0x00000000a3f00000, 0x00000000a4000000, 0x00000000a4000000|100%| O|  |TAMS 0x00000000a4000000, 0x00000000a3f00000| Untracked 
|  64|0x00000000a4000000, 0x00000000a4100000, 0x00000000a4100000|100%| O|  |TAMS 0x00000000a4100000, 0x00000000a4000000| Untracked 
|  65|0x00000000a4100000, 0x00000000a4200000, 0x00000000a4200000|100%| O|  |TAMS 0x00000000a4200000, 0x00000000a4100000| Complete 
|  66|0x00000000a4200000, 0x00000000a4300000, 0x00000000a4300000|100%| O|  |TAMS 0x00000000a4300000, 0x00000000a4200000| Complete 
|  67|0x00000000a4300000, 0x00000000a4400000, 0x00000000a4400000|100%| O|  |TAMS 0x00000000a4400000, 0x00000000a4300000| Complete 
|  68|0x00000000a4400000, 0x00000000a4500000, 0x00000000a4500000|100%| O|  |TAMS 0x00000000a4500000, 0x00000000a4400000| Untracked 
|  69|0x00000000a4500000, 0x00000000a4600000, 0x00000000a4600000|100%| O|  |TAMS 0x00000000a4600000, 0x00000000a4500000| Complete 
|  70|0x00000000a4600000, 0x00000000a4700000, 0x00000000a4700000|100%| O|  |TAMS 0x00000000a4700000, 0x00000000a4600000| Untracked 
|  71|0x00000000a4700000, 0x00000000a4800000, 0x00000000a4800000|100%| O|  |TAMS 0x00000000a4800000, 0x00000000a4700000| Untracked 
|  72|0x00000000a4800000, 0x00000000a4900000, 0x00000000a4900000|100%| O|  |TAMS 0x00000000a4900000, 0x00000000a4800000| Untracked 
|  73|0x00000000a4900000, 0x00000000a4a00000, 0x00000000a4a00000|100%| O|  |TAMS 0x00000000a4a00000, 0x00000000a4900000| Complete 
|  74|0x00000000a4a00000, 0x00000000a4b00000, 0x00000000a4b00000|100%| O|  |TAMS 0x00000000a4b00000, 0x00000000a4a00000| Untracked 
|  75|0x00000000a4b00000, 0x00000000a4c00000, 0x00000000a4c00000|100%| O|  |TAMS 0x00000000a4c00000, 0x00000000a4b00000| Complete 
|  76|0x00000000a4c00000, 0x00000000a4d00000, 0x00000000a4d00000|100%| O|  |TAMS 0x00000000a4d00000, 0x00000000a4c00000| Complete 
|  77|0x00000000a4d00000, 0x00000000a4e00000, 0x00000000a4e00000|100%| O|  |TAMS 0x00000000a4e00000, 0x00000000a4d00000| Complete 
|  78|0x00000000a4e00000, 0x00000000a4f00000, 0x00000000a4f00000|100%| O|  |TAMS 0x00000000a4f00000, 0x00000000a4e00000| Complete 
|  79|0x00000000a4f00000, 0x00000000a5000000, 0x00000000a5000000|100%| O|  |TAMS 0x00000000a5000000, 0x00000000a4f00000| Untracked 
|  80|0x00000000a5000000, 0x00000000a5100000, 0x00000000a5100000|100%| O|  |TAMS 0x00000000a5100000, 0x00000000a5000000| Untracked 
|  81|0x00000000a5100000, 0x00000000a5200000, 0x00000000a5200000|100%| O|  |TAMS 0x00000000a5200000, 0x00000000a5100000| Complete 
|  82|0x00000000a5200000, 0x00000000a5300000, 0x00000000a5300000|100%| O|  |TAMS 0x00000000a5300000, 0x00000000a5200000| Untracked 
|  83|0x00000000a5300000, 0x00000000a5400000, 0x00000000a5400000|100%| O|  |TAMS 0x00000000a5400000, 0x00000000a5300000| Untracked 
|  84|0x00000000a5400000, 0x00000000a5500000, 0x00000000a5500000|100%| O|  |TAMS 0x00000000a5500000, 0x00000000a5400000| Untracked 
|  85|0x00000000a5500000, 0x00000000a5600000, 0x00000000a5600000|100%| O|  |TAMS 0x00000000a5600000, 0x00000000a5500000| Untracked 
|  86|0x00000000a5600000, 0x00000000a5700000, 0x00000000a5700000|100%| O|  |TAMS 0x00000000a5700000, 0x00000000a5600000| Untracked 
|  87|0x00000000a5700000, 0x00000000a5800000, 0x00000000a5800000|100%| O|  |TAMS 0x00000000a5800000, 0x00000000a5700000| Untracked 
|  88|0x00000000a5800000, 0x00000000a5900000, 0x00000000a5900000|100%| O|  |TAMS 0x00000000a5900000, 0x00000000a5800000| Complete 
|  89|0x00000000a5900000, 0x00000000a5a00000, 0x00000000a5a00000|100%| O|  |TAMS 0x00000000a5a00000, 0x00000000a5900000| Complete 
|  90|0x00000000a5a00000, 0x00000000a5b00000, 0x00000000a5b00000|100%|HS|  |TAMS 0x00000000a5b00000, 0x00000000a5a00000| Complete 
|  91|0x00000000a5b00000, 0x00000000a5c00000, 0x00000000a5c00000|100%|HS|  |TAMS 0x00000000a5c00000, 0x00000000a5b00000| Complete 
|  92|0x00000000a5c00000, 0x00000000a5d00000, 0x00000000a5d00000|100%|HS|  |TAMS 0x00000000a5d00000, 0x00000000a5c00000| Complete 
|  93|0x00000000a5d00000, 0x00000000a5e00000, 0x00000000a5e00000|100%|HC|  |TAMS 0x00000000a5e00000, 0x00000000a5d00000| Complete 
|  94|0x00000000a5e00000, 0x00000000a5f00000, 0x00000000a5f00000|100%|HS|  |TAMS 0x00000000a5f00000, 0x00000000a5e00000| Complete 
|  95|0x00000000a5f00000, 0x00000000a6000000, 0x00000000a6000000|100%|HS|  |TAMS 0x00000000a6000000, 0x00000000a5f00000| Complete 
|  96|0x00000000a6000000, 0x00000000a6100000, 0x00000000a6100000|100%|HS|  |TAMS 0x00000000a6100000, 0x00000000a6000000| Complete 
|  97|0x00000000a6100000, 0x00000000a6200000, 0x00000000a6200000|100%|HS|  |TAMS 0x00000000a6200000, 0x00000000a6100000| Complete 
|  98|0x00000000a6200000, 0x00000000a6300000, 0x00000000a6300000|100%|HC|  |TAMS 0x00000000a6300000, 0x00000000a6200000| Complete 
|  99|0x00000000a6300000, 0x00000000a6400000, 0x00000000a6400000|100%|HC|  |TAMS 0x00000000a6400000, 0x00000000a6300000| Complete 
| 100|0x00000000a6400000, 0x00000000a6500000, 0x00000000a6500000|100%| O|  |TAMS 0x00000000a6500000, 0x00000000a6400000| Complete 
| 101|0x00000000a6500000, 0x00000000a6600000, 0x00000000a6600000|100%| O|  |TAMS 0x00000000a6500000, 0x00000000a6500000| Untracked 
| 102|0x00000000a6600000, 0x00000000a6700000, 0x00000000a6700000|100%| O|  |TAMS 0x00000000a6600000, 0x00000000a6600000| Untracked 
| 103|0x00000000a6700000, 0x00000000a6800000, 0x00000000a6800000|100%| O|  |TAMS 0x00000000a6700000, 0x00000000a6700000| Untracked 
| 104|0x00000000a6800000, 0x00000000a6900000, 0x00000000a6900000|100%| O|  |TAMS 0x00000000a6900000, 0x00000000a6800000| Complete 
| 105|0x00000000a6900000, 0x00000000a6a00000, 0x00000000a6a00000|100%| O|  |TAMS 0x00000000a6900000, 0x00000000a6900000| Untracked 
| 106|0x00000000a6a00000, 0x00000000a6b00000, 0x00000000a6b00000|100%| O|  |TAMS 0x00000000a6b00000, 0x00000000a6a00000| Complete 
| 107|0x00000000a6b00000, 0x00000000a6c00000, 0x00000000a6c00000|100%| O|  |TAMS 0x00000000a6c00000, 0x00000000a6b00000| Complete 
| 108|0x00000000a6c00000, 0x00000000a6d00000, 0x00000000a6d00000|100%| O|  |TAMS 0x00000000a6d00000, 0x00000000a6c00000| Complete 
| 109|0x00000000a6d00000, 0x00000000a6e00000, 0x00000000a6e00000|100%| O|  |TAMS 0x00000000a6e00000, 0x00000000a6d00000| Complete 
| 110|0x00000000a6e00000, 0x00000000a6f00000, 0x00000000a6f00000|100%| O|  |TAMS 0x00000000a6e00000, 0x00000000a6e00000| Untracked 
| 111|0x00000000a6f00000, 0x00000000a7000000, 0x00000000a7000000|100%| O|  |TAMS 0x00000000a6f00000, 0x00000000a6f00000| Untracked 
| 112|0x00000000a7000000, 0x00000000a7100000, 0x00000000a7100000|100%| O|  |TAMS 0x00000000a7000000, 0x00000000a7000000| Untracked 
| 113|0x00000000a7100000, 0x00000000a7200000, 0x00000000a7200000|100%| O|  |TAMS 0x00000000a7200000, 0x00000000a7100000| Untracked 
| 114|0x00000000a7200000, 0x00000000a7300000, 0x00000000a7300000|100%| O|  |TAMS 0x00000000a7200000, 0x00000000a7200000| Untracked 
| 115|0x00000000a7300000, 0x00000000a7400000, 0x00000000a7400000|100%| O|  |TAMS 0x00000000a7400000, 0x00000000a7300000| Complete 
| 116|0x00000000a7400000, 0x00000000a7400000, 0x00000000a7500000|  0%| F|  |TAMS 0x00000000a7400000, 0x00000000a7400000| Untracked 
| 117|0x00000000a7500000, 0x00000000a7600000, 0x00000000a7600000|100%| O|  |TAMS 0x00000000a7600000, 0x00000000a7500000| Complete 
| 118|0x00000000a7600000, 0x00000000a7700000, 0x00000000a7700000|100%| O|  |TAMS 0x00000000a7700000, 0x00000000a7600000| Complete 
| 119|0x00000000a7700000, 0x00000000a7700000, 0x00000000a7800000|  0%| F|  |TAMS 0x00000000a7700000, 0x00000000a7700000| Untracked 
| 120|0x00000000a7800000, 0x00000000a7900000, 0x00000000a7900000|100%|HS|  |TAMS 0x00000000a7900000, 0x00000000a7800000| Complete 
| 121|0x00000000a7900000, 0x00000000a7a00000, 0x00000000a7a00000|100%| O|  |TAMS 0x00000000a7a00000, 0x00000000a7900000| Complete 
| 122|0x00000000a7a00000, 0x00000000a7b00000, 0x00000000a7b00000|100%| O|  |TAMS 0x00000000a7b00000, 0x00000000a7a00000| Complete 
| 123|0x00000000a7b00000, 0x00000000a7c00000, 0x00000000a7c00000|100%| O|  |TAMS 0x00000000a7b00000, 0x00000000a7b00000| Untracked 
| 124|0x00000000a7c00000, 0x00000000a7d00000, 0x00000000a7d00000|100%| O|  |TAMS 0x00000000a7c00000, 0x00000000a7c00000| Untracked 
| 125|0x00000000a7d00000, 0x00000000a7e00000, 0x00000000a7e00000|100%| O|  |TAMS 0x00000000a7d00000, 0x00000000a7d00000| Untracked 
| 126|0x00000000a7e00000, 0x00000000a7f00000, 0x00000000a7f00000|100%|HS|  |TAMS 0x00000000a7f00000, 0x00000000a7e00000| Complete 
| 127|0x00000000a7f00000, 0x00000000a8000000, 0x00000000a8000000|100%| O|  |TAMS 0x00000000a8000000, 0x00000000a7f00000| Untracked 
| 128|0x00000000a8000000, 0x00000000a8100000, 0x00000000a8100000|100%| O|  |TAMS 0x00000000a8100000, 0x00000000a8000000| Untracked 
| 129|0x00000000a8100000, 0x00000000a8200000, 0x00000000a8200000|100%| O|  |TAMS 0x00000000a8200000, 0x00000000a8100000| Complete 
| 130|0x00000000a8200000, 0x00000000a8200000, 0x00000000a8300000|  0%| F|  |TAMS 0x00000000a8200000, 0x00000000a8200000| Untracked 
| 131|0x00000000a8300000, 0x00000000a8300000, 0x00000000a8400000|  0%| F|  |TAMS 0x00000000a8300000, 0x00000000a8300000| Untracked 
| 132|0x00000000a8400000, 0x00000000a8500000, 0x00000000a8500000|100%| O|  |TAMS 0x00000000a8500000, 0x00000000a8400000| Complete 
| 133|0x00000000a8500000, 0x00000000a8500000, 0x00000000a8600000|  0%| F|  |TAMS 0x00000000a8500000, 0x00000000a8500000| Untracked 
| 134|0x00000000a8600000, 0x00000000a8700000, 0x00000000a8700000|100%| O|  |TAMS 0x00000000a8700000, 0x00000000a8600000| Complete 
| 135|0x00000000a8700000, 0x00000000a8800000, 0x00000000a8800000|100%| O|  |TAMS 0x00000000a8800000, 0x00000000a8700000| Complete 
| 136|0x00000000a8800000, 0x00000000a8800000, 0x00000000a8900000|  0%| F|  |TAMS 0x00000000a8800000, 0x00000000a8800000| Untracked 
| 137|0x00000000a8900000, 0x00000000a8a00000, 0x00000000a8a00000|100%| O|  |TAMS 0x00000000a8a00000, 0x00000000a8900000| Complete 
| 138|0x00000000a8a00000, 0x00000000a8b00000, 0x00000000a8b00000|100%| O|  |TAMS 0x00000000a8b00000, 0x00000000a8a00000| Complete 
| 139|0x00000000a8b00000, 0x00000000a8c00000, 0x00000000a8c00000|100%| O|  |TAMS 0x00000000a8c00000, 0x00000000a8b00000| Complete 
| 140|0x00000000a8c00000, 0x00000000a8d00000, 0x00000000a8d00000|100%| O|  |TAMS 0x00000000a8d00000, 0x00000000a8c00000| Complete 
| 141|0x00000000a8d00000, 0x00000000a8e00000, 0x00000000a8e00000|100%| O|  |TAMS 0x00000000a8e00000, 0x00000000a8d00000| Complete 
| 142|0x00000000a8e00000, 0x00000000a8f00000, 0x00000000a8f00000|100%| O|  |TAMS 0x00000000a8f00000, 0x00000000a8e00000| Untracked 
| 143|0x00000000a8f00000, 0x00000000a9000000, 0x00000000a9000000|100%| O|  |TAMS 0x00000000a9000000, 0x00000000a8f00000| Untracked 
| 144|0x00000000a9000000, 0x00000000a9100000, 0x00000000a9100000|100%| O|  |TAMS 0x00000000a9100000, 0x00000000a9000000| Complete 
| 145|0x00000000a9100000, 0x00000000a9100000, 0x00000000a9200000|  0%| F|  |TAMS 0x00000000a9100000, 0x00000000a9100000| Untracked 
| 146|0x00000000a9200000, 0x00000000a9300000, 0x00000000a9300000|100%| O|  |TAMS 0x00000000a9300000, 0x00000000a9200000| Untracked 
| 147|0x00000000a9300000, 0x00000000a9400000, 0x00000000a9400000|100%| O|  |TAMS 0x00000000a9400000, 0x00000000a9300000| Untracked 
| 148|0x00000000a9400000, 0x00000000a9500000, 0x00000000a9500000|100%| O|  |TAMS 0x00000000a9500000, 0x00000000a9400000| Complete 
| 149|0x00000000a9500000, 0x00000000a9600000, 0x00000000a9600000|100%| O|  |TAMS 0x00000000a9600000, 0x00000000a9500000| Complete 
| 150|0x00000000a9600000, 0x00000000a9700000, 0x00000000a9700000|100%| O|  |TAMS 0x00000000a9700000, 0x00000000a9600000| Untracked 
| 151|0x00000000a9700000, 0x00000000a9800000, 0x00000000a9800000|100%| O|  |TAMS 0x00000000a9800000, 0x00000000a9700000| Untracked 
| 152|0x00000000a9800000, 0x00000000a9900000, 0x00000000a9900000|100%| O|  |TAMS 0x00000000a9900000, 0x00000000a9800000| Complete 
| 153|0x00000000a9900000, 0x00000000a9a00000, 0x00000000a9a00000|100%| O|  |TAMS 0x00000000a9a00000, 0x00000000a9900000| Untracked 
| 154|0x00000000a9a00000, 0x00000000a9b00000, 0x00000000a9b00000|100%| O|  |TAMS 0x00000000a9b00000, 0x00000000a9a00000| Untracked 
| 155|0x00000000a9b00000, 0x00000000a9c00000, 0x00000000a9c00000|100%| O|  |TAMS 0x00000000a9c00000, 0x00000000a9b00000| Untracked 
| 156|0x00000000a9c00000, 0x00000000a9d00000, 0x00000000a9d00000|100%| O|  |TAMS 0x00000000a9d00000, 0x00000000a9c00000| Untracked 
| 157|0x00000000a9d00000, 0x00000000a9e00000, 0x00000000a9e00000|100%| O|  |TAMS 0x00000000a9e00000, 0x00000000a9d00000| Untracked 
| 158|0x00000000a9e00000, 0x00000000a9f00000, 0x00000000a9f00000|100%| O|  |TAMS 0x00000000a9f00000, 0x00000000a9e00000| Untracked 
| 159|0x00000000a9f00000, 0x00000000aa000000, 0x00000000aa000000|100%| O|  |TAMS 0x00000000aa000000, 0x00000000a9f00000| Untracked 
| 160|0x00000000aa000000, 0x00000000aa100000, 0x00000000aa100000|100%| O|  |TAMS 0x00000000aa100000, 0x00000000aa000000| Untracked 
| 161|0x00000000aa100000, 0x00000000aa200000, 0x00000000aa200000|100%| O|  |TAMS 0x00000000aa200000, 0x00000000aa100000| Complete 
| 162|0x00000000aa200000, 0x00000000aa300000, 0x00000000aa300000|100%| O|  |TAMS 0x00000000aa300000, 0x00000000aa200000| Untracked 
| 163|0x00000000aa300000, 0x00000000aa400000, 0x00000000aa400000|100%| O|  |TAMS 0x00000000aa400000, 0x00000000aa300000| Untracked 
| 164|0x00000000aa400000, 0x00000000aa500000, 0x00000000aa500000|100%| O|  |TAMS 0x00000000aa500000, 0x00000000aa400000| Untracked 
| 165|0x00000000aa500000, 0x00000000aa600000, 0x00000000aa600000|100%| O|  |TAMS 0x00000000aa600000, 0x00000000aa500000| Untracked 
| 166|0x00000000aa600000, 0x00000000aa700000, 0x00000000aa700000|100%| O|  |TAMS 0x00000000aa700000, 0x00000000aa600000| Untracked 
| 167|0x00000000aa700000, 0x00000000aa800000, 0x00000000aa800000|100%| O|  |TAMS 0x00000000aa800000, 0x00000000aa700000| Untracked 
| 168|0x00000000aa800000, 0x00000000aa900000, 0x00000000aa900000|100%| O|  |TAMS 0x00000000aa900000, 0x00000000aa800000| Untracked 
| 169|0x00000000aa900000, 0x00000000aaa00000, 0x00000000aaa00000|100%| O|  |TAMS 0x00000000aaa00000, 0x00000000aa900000| Untracked 
| 170|0x00000000aaa00000, 0x00000000aab00000, 0x00000000aab00000|100%| O|  |TAMS 0x00000000aab00000, 0x00000000aaa00000| Complete 
| 171|0x00000000aab00000, 0x00000000aac00000, 0x00000000aac00000|100%| O|  |TAMS 0x00000000aac00000, 0x00000000aab00000| Untracked 
| 172|0x00000000aac00000, 0x00000000aad00000, 0x00000000aad00000|100%| O|  |TAMS 0x00000000aad00000, 0x00000000aac00000| Untracked 
| 173|0x00000000aad00000, 0x00000000aae00000, 0x00000000aae00000|100%| O|  |TAMS 0x00000000aae00000, 0x00000000aad00000| Untracked 
| 174|0x00000000aae00000, 0x00000000aaf00000, 0x00000000aaf00000|100%| O|  |TAMS 0x00000000aaf00000, 0x00000000aae00000| Untracked 
| 175|0x00000000aaf00000, 0x00000000ab000000, 0x00000000ab000000|100%| O|  |TAMS 0x00000000ab000000, 0x00000000aaf00000| Untracked 
| 176|0x00000000ab000000, 0x00000000ab100000, 0x00000000ab100000|100%| O|  |TAMS 0x00000000ab100000, 0x00000000ab000000| Untracked 
| 177|0x00000000ab100000, 0x00000000ab200000, 0x00000000ab200000|100%| O|  |TAMS 0x00000000ab200000, 0x00000000ab100000| Untracked 
| 178|0x00000000ab200000, 0x00000000ab300000, 0x00000000ab300000|100%| O|  |TAMS 0x00000000ab300000, 0x00000000ab200000| Complete 
| 179|0x00000000ab300000, 0x00000000ab400000, 0x00000000ab400000|100%| O|  |TAMS 0x00000000ab400000, 0x00000000ab300000| Complete 
| 180|0x00000000ab400000, 0x00000000ab500000, 0x00000000ab500000|100%| O|  |TAMS 0x00000000ab500000, 0x00000000ab400000| Untracked 
| 181|0x00000000ab500000, 0x00000000ab600000, 0x00000000ab600000|100%| O|  |TAMS 0x00000000ab600000, 0x00000000ab500000| Untracked 
| 182|0x00000000ab600000, 0x00000000ab700000, 0x00000000ab700000|100%| O|  |TAMS 0x00000000ab700000, 0x00000000ab600000| Untracked 
| 183|0x00000000ab700000, 0x00000000ab800000, 0x00000000ab800000|100%| O|  |TAMS 0x00000000ab800000, 0x00000000ab700000| Untracked 
| 184|0x00000000ab800000, 0x00000000ab900000, 0x00000000ab900000|100%| O|  |TAMS 0x00000000ab900000, 0x00000000ab800000| Untracked 
| 185|0x00000000ab900000, 0x00000000aba00000, 0x00000000aba00000|100%| O|  |TAMS 0x00000000aba00000, 0x00000000ab900000| Untracked 
| 186|0x00000000aba00000, 0x00000000abb00000, 0x00000000abb00000|100%| O|  |TAMS 0x00000000abb00000, 0x00000000aba00000| Untracked 
| 187|0x00000000abb00000, 0x00000000abc00000, 0x00000000abc00000|100%| O|  |TAMS 0x00000000abc00000, 0x00000000abb00000| Complete 
| 188|0x00000000abc00000, 0x00000000abd00000, 0x00000000abd00000|100%| O|  |TAMS 0x00000000abd00000, 0x00000000abc00000| Untracked 
| 189|0x00000000abd00000, 0x00000000abe00000, 0x00000000abe00000|100%| O|  |TAMS 0x00000000abe00000, 0x00000000abd00000| Untracked 
| 190|0x00000000abe00000, 0x00000000abf00000, 0x00000000abf00000|100%| O|  |TAMS 0x00000000abf00000, 0x00000000abe00000| Untracked 
| 191|0x00000000abf00000, 0x00000000ac000000, 0x00000000ac000000|100%| O|  |TAMS 0x00000000ac000000, 0x00000000abf00000| Untracked 
| 192|0x00000000ac000000, 0x00000000ac100000, 0x00000000ac100000|100%| O|  |TAMS 0x00000000ac100000, 0x00000000ac000000| Untracked 
| 193|0x00000000ac100000, 0x00000000ac200000, 0x00000000ac200000|100%| O|  |TAMS 0x00000000ac200000, 0x00000000ac100000| Untracked 
| 194|0x00000000ac200000, 0x00000000ac300000, 0x00000000ac300000|100%| O|  |TAMS 0x00000000ac300000, 0x00000000ac200000| Untracked 
| 195|0x00000000ac300000, 0x00000000ac400000, 0x00000000ac400000|100%| O|  |TAMS 0x00000000ac400000, 0x00000000ac300000| Untracked 
| 196|0x00000000ac400000, 0x00000000ac500000, 0x00000000ac500000|100%| O|  |TAMS 0x00000000ac500000, 0x00000000ac400000| Untracked 
| 197|0x00000000ac500000, 0x00000000ac600000, 0x00000000ac600000|100%| O|  |TAMS 0x00000000ac600000, 0x00000000ac500000| Untracked 
| 198|0x00000000ac600000, 0x00000000ac700000, 0x00000000ac700000|100%| O|  |TAMS 0x00000000ac700000, 0x00000000ac600000| Untracked 
| 199|0x00000000ac700000, 0x00000000ac800000, 0x00000000ac800000|100%| O|  |TAMS 0x00000000ac800000, 0x00000000ac700000| Untracked 
| 200|0x00000000ac800000, 0x00000000ac900000, 0x00000000ac900000|100%| O|  |TAMS 0x00000000ac900000, 0x00000000ac800000| Untracked 
| 201|0x00000000ac900000, 0x00000000aca00000, 0x00000000aca00000|100%| O|  |TAMS 0x00000000aca00000, 0x00000000ac900000| Complete 
| 202|0x00000000aca00000, 0x00000000acb00000, 0x00000000acb00000|100%| O|  |TAMS 0x00000000acb00000, 0x00000000aca00000| Complete 
| 203|0x00000000acb00000, 0x00000000acc00000, 0x00000000acc00000|100%| O|  |TAMS 0x00000000acc00000, 0x00000000acb00000| Untracked 
| 204|0x00000000acc00000, 0x00000000acd00000, 0x00000000acd00000|100%| O|  |TAMS 0x00000000acd00000, 0x00000000acc00000| Complete 
| 205|0x00000000acd00000, 0x00000000ace00000, 0x00000000ace00000|100%| O|  |TAMS 0x00000000ace00000, 0x00000000acd00000| Untracked 
| 206|0x00000000ace00000, 0x00000000acf00000, 0x00000000acf00000|100%| O|  |TAMS 0x00000000acf00000, 0x00000000ace00000| Untracked 
| 207|0x00000000acf00000, 0x00000000ad000000, 0x00000000ad000000|100%| O|  |TAMS 0x00000000ad000000, 0x00000000acf00000| Untracked 
| 208|0x00000000ad000000, 0x00000000ad100000, 0x00000000ad100000|100%| O|  |TAMS 0x00000000ad100000, 0x00000000ad000000| Untracked 
| 209|0x00000000ad100000, 0x00000000ad200000, 0x00000000ad200000|100%| O|  |TAMS 0x00000000ad200000, 0x00000000ad100000| Untracked 
| 210|0x00000000ad200000, 0x00000000ad300000, 0x00000000ad300000|100%| O|  |TAMS 0x00000000ad300000, 0x00000000ad200000| Untracked 
| 211|0x00000000ad300000, 0x00000000ad400000, 0x00000000ad400000|100%| O|  |TAMS 0x00000000ad400000, 0x00000000ad300000| Untracked 
| 212|0x00000000ad400000, 0x00000000ad500000, 0x00000000ad500000|100%| O|  |TAMS 0x00000000ad500000, 0x00000000ad400000| Untracked 
| 213|0x00000000ad500000, 0x00000000ad600000, 0x00000000ad600000|100%| O|  |TAMS 0x00000000ad600000, 0x00000000ad500000| Untracked 
| 214|0x00000000ad600000, 0x00000000ad700000, 0x00000000ad700000|100%| O|  |TAMS 0x00000000ad700000, 0x00000000ad600000| Untracked 
| 215|0x00000000ad700000, 0x00000000ad800000, 0x00000000ad800000|100%| O|  |TAMS 0x00000000ad800000, 0x00000000ad700000| Untracked 
| 216|0x00000000ad800000, 0x00000000ad900000, 0x00000000ad900000|100%| O|  |TAMS 0x00000000ad900000, 0x00000000ad800000| Untracked 
| 217|0x00000000ad900000, 0x00000000ada00000, 0x00000000ada00000|100%| O|  |TAMS 0x00000000ada00000, 0x00000000ad900000| Untracked 
| 218|0x00000000ada00000, 0x00000000adb00000, 0x00000000adb00000|100%| O|  |TAMS 0x00000000adb00000, 0x00000000ada00000| Untracked 
| 219|0x00000000adb00000, 0x00000000adc00000, 0x00000000adc00000|100%| O|  |TAMS 0x00000000adc00000, 0x00000000adb00000| Complete 
| 220|0x00000000adc00000, 0x00000000add00000, 0x00000000add00000|100%| O|  |TAMS 0x00000000add00000, 0x00000000adc00000| Complete 
| 221|0x00000000add00000, 0x00000000ade00000, 0x00000000ade00000|100%| O|  |TAMS 0x00000000ade00000, 0x00000000add00000| Untracked 
| 222|0x00000000ade00000, 0x00000000adf00000, 0x00000000adf00000|100%| O|  |TAMS 0x00000000ade00000, 0x00000000ade00000| Untracked 
| 223|0x00000000adf00000, 0x00000000ae000000, 0x00000000ae000000|100%| O|  |TAMS 0x00000000adf00000, 0x00000000adf00000| Untracked 
| 224|0x00000000ae000000, 0x00000000ae100000, 0x00000000ae100000|100%| O|  |TAMS 0x00000000ae000000, 0x00000000ae000000| Untracked 
| 225|0x00000000ae100000, 0x00000000ae200000, 0x00000000ae200000|100%| O|  |TAMS 0x00000000ae100000, 0x00000000ae100000| Untracked 
| 226|0x00000000ae200000, 0x00000000ae300000, 0x00000000ae300000|100%| O|  |TAMS 0x00000000ae200000, 0x00000000ae200000| Untracked 
| 227|0x00000000ae300000, 0x00000000ae400000, 0x00000000ae400000|100%| O|  |TAMS 0x00000000ae300000, 0x00000000ae300000| Untracked 
| 228|0x00000000ae400000, 0x00000000ae500000, 0x00000000ae500000|100%| O|  |TAMS 0x00000000ae400000, 0x00000000ae400000| Untracked 
| 229|0x00000000ae500000, 0x00000000ae600000, 0x00000000ae600000|100%| O|  |TAMS 0x00000000ae500000, 0x00000000ae500000| Untracked 
| 230|0x00000000ae600000, 0x00000000ae700000, 0x00000000ae700000|100%| O|  |TAMS 0x00000000ae600000, 0x00000000ae600000| Untracked 
| 231|0x00000000ae700000, 0x00000000ae800000, 0x00000000ae800000|100%| O|  |TAMS 0x00000000ae700000, 0x00000000ae700000| Untracked 
| 232|0x00000000ae800000, 0x00000000ae900000, 0x00000000ae900000|100%| O|  |TAMS 0x00000000ae800000, 0x00000000ae800000| Untracked 
| 233|0x00000000ae900000, 0x00000000aea00000, 0x00000000aea00000|100%| O|  |TAMS 0x00000000ae900000, 0x00000000ae900000| Untracked 
| 234|0x00000000aea00000, 0x00000000aeb00000, 0x00000000aeb00000|100%| O|  |TAMS 0x00000000aea00000, 0x00000000aea00000| Untracked 
| 235|0x00000000aeb00000, 0x00000000aebdaa00, 0x00000000aec00000| 85%| O|  |TAMS 0x00000000aeb00000, 0x00000000aeb00000| Untracked 
| 236|0x00000000aec00000, 0x00000000aec00000, 0x00000000aed00000|  0%| F|  |TAMS 0x00000000aec00000, 0x00000000aec00000| Untracked 
| 237|0x00000000aed00000, 0x00000000aed00000, 0x00000000aee00000|  0%| F|  |TAMS 0x00000000aed00000, 0x00000000aed00000| Untracked 
| 238|0x00000000aee00000, 0x00000000aee00000, 0x00000000aef00000|  0%| F|  |TAMS 0x00000000aee00000, 0x00000000aee00000| Untracked 
| 239|0x00000000aef00000, 0x00000000aef00000, 0x00000000af000000|  0%| F|  |TAMS 0x00000000aef00000, 0x00000000aef00000| Untracked 
| 240|0x00000000af000000, 0x00000000af000000, 0x00000000af100000|  0%| F|  |TAMS 0x00000000af000000, 0x00000000af000000| Untracked 
| 241|0x00000000af100000, 0x00000000af100000, 0x00000000af200000|  0%| F|  |TAMS 0x00000000af100000, 0x00000000af100000| Untracked 
| 242|0x00000000af200000, 0x00000000af200000, 0x00000000af300000|  0%| F|  |TAMS 0x00000000af200000, 0x00000000af200000| Untracked 
| 243|0x00000000af300000, 0x00000000af300000, 0x00000000af400000|  0%| F|  |TAMS 0x00000000af300000, 0x00000000af300000| Untracked 
| 244|0x00000000af400000, 0x00000000af400000, 0x00000000af500000|  0%| F|  |TAMS 0x00000000af400000, 0x00000000af400000| Untracked 
| 245|0x00000000af500000, 0x00000000af500000, 0x00000000af600000|  0%| F|  |TAMS 0x00000000af500000, 0x00000000af500000| Untracked 
| 246|0x00000000af600000, 0x00000000af600000, 0x00000000af700000|  0%| F|  |TAMS 0x00000000af600000, 0x00000000af600000| Untracked 
| 247|0x00000000af700000, 0x00000000af700000, 0x00000000af800000|  0%| F|  |TAMS 0x00000000af700000, 0x00000000af700000| Untracked 
| 248|0x00000000af800000, 0x00000000af800000, 0x00000000af900000|  0%| F|  |TAMS 0x00000000af800000, 0x00000000af800000| Untracked 
| 249|0x00000000af900000, 0x00000000af900000, 0x00000000afa00000|  0%| F|  |TAMS 0x00000000af900000, 0x00000000af900000| Untracked 
| 250|0x00000000afa00000, 0x00000000afa00000, 0x00000000afb00000|  0%| F|  |TAMS 0x00000000afa00000, 0x00000000afa00000| Untracked 
| 251|0x00000000afb00000, 0x00000000afb00000, 0x00000000afc00000|  0%| F|  |TAMS 0x00000000afb00000, 0x00000000afb00000| Untracked 
| 252|0x00000000afc00000, 0x00000000afc00000, 0x00000000afd00000|  0%| F|  |TAMS 0x00000000afc00000, 0x00000000afc00000| Untracked 
| 253|0x00000000afd00000, 0x00000000afd00000, 0x00000000afe00000|  0%| F|  |TAMS 0x00000000afd00000, 0x00000000afd00000| Untracked 
| 254|0x00000000afe00000, 0x00000000afe00000, 0x00000000aff00000|  0%| F|  |TAMS 0x00000000afe00000, 0x00000000afe00000| Untracked 
| 255|0x00000000aff00000, 0x00000000aff00000, 0x00000000b0000000|  0%| F|  |TAMS 0x00000000aff00000, 0x00000000aff00000| Untracked 
| 256|0x00000000b0000000, 0x00000000b0000000, 0x00000000b0100000|  0%| F|  |TAMS 0x00000000b0000000, 0x00000000b0000000| Untracked 
| 257|0x00000000b0100000, 0x00000000b0100000, 0x00000000b0200000|  0%| F|  |TAMS 0x00000000b0100000, 0x00000000b0100000| Untracked 
| 258|0x00000000b0200000, 0x00000000b0200000, 0x00000000b0300000|  0%| F|  |TAMS 0x00000000b0200000, 0x00000000b0200000| Untracked 
| 259|0x00000000b0300000, 0x00000000b0300000, 0x00000000b0400000|  0%| F|  |TAMS 0x00000000b0300000, 0x00000000b0300000| Untracked 
| 260|0x00000000b0400000, 0x00000000b0400000, 0x00000000b0500000|  0%| F|  |TAMS 0x00000000b0400000, 0x00000000b0400000| Untracked 
| 261|0x00000000b0500000, 0x00000000b0500000, 0x00000000b0600000|  0%| F|  |TAMS 0x00000000b0500000, 0x00000000b0500000| Untracked 
| 262|0x00000000b0600000, 0x00000000b0600000, 0x00000000b0700000|  0%| F|  |TAMS 0x00000000b0600000, 0x00000000b0600000| Untracked 
| 263|0x00000000b0700000, 0x00000000b0700000, 0x00000000b0800000|  0%| F|  |TAMS 0x00000000b0700000, 0x00000000b0700000| Untracked 
| 264|0x00000000b0800000, 0x00000000b0800000, 0x00000000b0900000|  0%| F|  |TAMS 0x00000000b0800000, 0x00000000b0800000| Untracked 
| 265|0x00000000b0900000, 0x00000000b0900000, 0x00000000b0a00000|  0%| F|  |TAMS 0x00000000b0900000, 0x00000000b0900000| Untracked 
| 266|0x00000000b0a00000, 0x00000000b0a00000, 0x00000000b0b00000|  0%| F|  |TAMS 0x00000000b0a00000, 0x00000000b0a00000| Untracked 
| 267|0x00000000b0b00000, 0x00000000b0b00000, 0x00000000b0c00000|  0%| F|  |TAMS 0x00000000b0b00000, 0x00000000b0b00000| Untracked 
| 268|0x00000000b0c00000, 0x00000000b0c00000, 0x00000000b0d00000|  0%| F|  |TAMS 0x00000000b0c00000, 0x00000000b0c00000| Untracked 
| 269|0x00000000b0d00000, 0x00000000b0d00000, 0x00000000b0e00000|  0%| F|  |TAMS 0x00000000b0d00000, 0x00000000b0d00000| Untracked 
| 270|0x00000000b0e00000, 0x00000000b0e00000, 0x00000000b0f00000|  0%| F|  |TAMS 0x00000000b0e00000, 0x00000000b0e00000| Untracked 
| 271|0x00000000b0f00000, 0x00000000b0f00000, 0x00000000b1000000|  0%| F|  |TAMS 0x00000000b0f00000, 0x00000000b0f00000| Untracked 
| 272|0x00000000b1000000, 0x00000000b1000000, 0x00000000b1100000|  0%| F|  |TAMS 0x00000000b1000000, 0x00000000b1000000| Untracked 
| 273|0x00000000b1100000, 0x00000000b1100000, 0x00000000b1200000|  0%| F|  |TAMS 0x00000000b1100000, 0x00000000b1100000| Untracked 
| 274|0x00000000b1200000, 0x00000000b1200000, 0x00000000b1300000|  0%| F|  |TAMS 0x00000000b1200000, 0x00000000b1200000| Untracked 
| 275|0x00000000b1300000, 0x00000000b1300000, 0x00000000b1400000|  0%| F|  |TAMS 0x00000000b1300000, 0x00000000b1300000| Untracked 
| 276|0x00000000b1400000, 0x00000000b1400000, 0x00000000b1500000|  0%| F|  |TAMS 0x00000000b1400000, 0x00000000b1400000| Untracked 
| 277|0x00000000b1500000, 0x00000000b1500000, 0x00000000b1600000|  0%| F|  |TAMS 0x00000000b1500000, 0x00000000b1500000| Untracked 
| 278|0x00000000b1600000, 0x00000000b1600000, 0x00000000b1700000|  0%| F|  |TAMS 0x00000000b1600000, 0x00000000b1600000| Untracked 
| 279|0x00000000b1700000, 0x00000000b1700000, 0x00000000b1800000|  0%| F|  |TAMS 0x00000000b1700000, 0x00000000b1700000| Untracked 
| 280|0x00000000b1800000, 0x00000000b1800000, 0x00000000b1900000|  0%| F|  |TAMS 0x00000000b1800000, 0x00000000b1800000| Untracked 
| 281|0x00000000b1900000, 0x00000000b1900000, 0x00000000b1a00000|  0%| F|  |TAMS 0x00000000b1900000, 0x00000000b1900000| Untracked 
| 282|0x00000000b1a00000, 0x00000000b1a00000, 0x00000000b1b00000|  0%| F|  |TAMS 0x00000000b1a00000, 0x00000000b1a00000| Untracked 
| 283|0x00000000b1b00000, 0x00000000b1b00000, 0x00000000b1c00000|  0%| F|  |TAMS 0x00000000b1b00000, 0x00000000b1b00000| Untracked 
| 284|0x00000000b1c00000, 0x00000000b1c00000, 0x00000000b1d00000|  0%| F|  |TAMS 0x00000000b1c00000, 0x00000000b1c00000| Untracked 
| 285|0x00000000b1d00000, 0x00000000b1d00000, 0x00000000b1e00000|  0%| F|  |TAMS 0x00000000b1d00000, 0x00000000b1d00000| Untracked 
| 286|0x00000000b1e00000, 0x00000000b1e00000, 0x00000000b1f00000|  0%| F|  |TAMS 0x00000000b1e00000, 0x00000000b1e00000| Untracked 
| 287|0x00000000b1f00000, 0x00000000b1f00000, 0x00000000b2000000|  0%| F|  |TAMS 0x00000000b1f00000, 0x00000000b1f00000| Untracked 
| 288|0x00000000b2000000, 0x00000000b2000000, 0x00000000b2100000|  0%| F|  |TAMS 0x00000000b2000000, 0x00000000b2000000| Untracked 
| 289|0x00000000b2100000, 0x00000000b2100000, 0x00000000b2200000|  0%| F|  |TAMS 0x00000000b2100000, 0x00000000b2100000| Untracked 
| 290|0x00000000b2200000, 0x00000000b2200000, 0x00000000b2300000|  0%| F|  |TAMS 0x00000000b2200000, 0x00000000b2200000| Untracked 
| 291|0x00000000b2300000, 0x00000000b2300000, 0x00000000b2400000|  0%| F|  |TAMS 0x00000000b2300000, 0x00000000b2300000| Untracked 
| 292|0x00000000b2400000, 0x00000000b2400000, 0x00000000b2500000|  0%| F|  |TAMS 0x00000000b2400000, 0x00000000b2400000| Untracked 
| 293|0x00000000b2500000, 0x00000000b2500000, 0x00000000b2600000|  0%| F|  |TAMS 0x00000000b2500000, 0x00000000b2500000| Untracked 
| 294|0x00000000b2600000, 0x00000000b2600000, 0x00000000b2700000|  0%| F|  |TAMS 0x00000000b2600000, 0x00000000b2600000| Untracked 
| 295|0x00000000b2700000, 0x00000000b2700000, 0x00000000b2800000|  0%| F|  |TAMS 0x00000000b2700000, 0x00000000b2700000| Untracked 
| 296|0x00000000b2800000, 0x00000000b2800000, 0x00000000b2900000|  0%| F|  |TAMS 0x00000000b2800000, 0x00000000b2800000| Untracked 
| 297|0x00000000b2900000, 0x00000000b2900000, 0x00000000b2a00000|  0%| F|  |TAMS 0x00000000b2900000, 0x00000000b2900000| Untracked 
| 298|0x00000000b2a00000, 0x00000000b2a00000, 0x00000000b2b00000|  0%| F|  |TAMS 0x00000000b2a00000, 0x00000000b2a00000| Untracked 
| 299|0x00000000b2b00000, 0x00000000b2b00000, 0x00000000b2c00000|  0%| F|  |TAMS 0x00000000b2b00000, 0x00000000b2b00000| Untracked 
| 300|0x00000000b2c00000, 0x00000000b2c00000, 0x00000000b2d00000|  0%| F|  |TAMS 0x00000000b2c00000, 0x00000000b2c00000| Untracked 
| 301|0x00000000b2d00000, 0x00000000b2d00000, 0x00000000b2e00000|  0%| F|  |TAMS 0x00000000b2d00000, 0x00000000b2d00000| Untracked 
| 302|0x00000000b2e00000, 0x00000000b2e00000, 0x00000000b2f00000|  0%| F|  |TAMS 0x00000000b2e00000, 0x00000000b2e00000| Untracked 
| 303|0x00000000b2f00000, 0x00000000b2f00000, 0x00000000b3000000|  0%| F|  |TAMS 0x00000000b2f00000, 0x00000000b2f00000| Untracked 
| 304|0x00000000b3000000, 0x00000000b3000000, 0x00000000b3100000|  0%| F|  |TAMS 0x00000000b3000000, 0x00000000b3000000| Untracked 
| 305|0x00000000b3100000, 0x00000000b3100000, 0x00000000b3200000|  0%| F|  |TAMS 0x00000000b3100000, 0x00000000b3100000| Untracked 
| 306|0x00000000b3200000, 0x00000000b3200000, 0x00000000b3300000|  0%| F|  |TAMS 0x00000000b3200000, 0x00000000b3200000| Untracked 
| 307|0x00000000b3300000, 0x00000000b3300000, 0x00000000b3400000|  0%| F|  |TAMS 0x00000000b3300000, 0x00000000b3300000| Untracked 
| 308|0x00000000b3400000, 0x00000000b3400000, 0x00000000b3500000|  0%| F|  |TAMS 0x00000000b3400000, 0x00000000b3400000| Untracked 
| 309|0x00000000b3500000, 0x00000000b3500000, 0x00000000b3600000|  0%| F|  |TAMS 0x00000000b3500000, 0x00000000b3500000| Untracked 
| 310|0x00000000b3600000, 0x00000000b3600000, 0x00000000b3700000|  0%| F|  |TAMS 0x00000000b3600000, 0x00000000b3600000| Untracked 
| 311|0x00000000b3700000, 0x00000000b3700000, 0x00000000b3800000|  0%| F|  |TAMS 0x00000000b3700000, 0x00000000b3700000| Untracked 
| 312|0x00000000b3800000, 0x00000000b3800000, 0x00000000b3900000|  0%| F|  |TAMS 0x00000000b3800000, 0x00000000b3800000| Untracked 
| 313|0x00000000b3900000, 0x00000000b3900000, 0x00000000b3a00000|  0%| F|  |TAMS 0x00000000b3900000, 0x00000000b3900000| Untracked 
| 314|0x00000000b3a00000, 0x00000000b3a00000, 0x00000000b3b00000|  0%| F|  |TAMS 0x00000000b3a00000, 0x00000000b3a00000| Untracked 
| 315|0x00000000b3b00000, 0x00000000b3b00000, 0x00000000b3c00000|  0%| F|  |TAMS 0x00000000b3b00000, 0x00000000b3b00000| Untracked 
| 316|0x00000000b3c00000, 0x00000000b3c00000, 0x00000000b3d00000|  0%| F|  |TAMS 0x00000000b3c00000, 0x00000000b3c00000| Untracked 
| 317|0x00000000b3d00000, 0x00000000b3d00000, 0x00000000b3e00000|  0%| F|  |TAMS 0x00000000b3d00000, 0x00000000b3d00000| Untracked 
| 318|0x00000000b3e00000, 0x00000000b3e00000, 0x00000000b3f00000|  0%| F|  |TAMS 0x00000000b3e00000, 0x00000000b3e00000| Untracked 
| 319|0x00000000b3f00000, 0x00000000b3f00000, 0x00000000b4000000|  0%| F|  |TAMS 0x00000000b3f00000, 0x00000000b3f00000| Untracked 
| 320|0x00000000b4000000, 0x00000000b4000000, 0x00000000b4100000|  0%| F|  |TAMS 0x00000000b4000000, 0x00000000b4000000| Untracked 
| 321|0x00000000b4100000, 0x00000000b4100000, 0x00000000b4200000|  0%| F|  |TAMS 0x00000000b4100000, 0x00000000b4100000| Untracked 
| 322|0x00000000b4200000, 0x00000000b4200000, 0x00000000b4300000|  0%| F|  |TAMS 0x00000000b4200000, 0x00000000b4200000| Untracked 
| 323|0x00000000b4300000, 0x00000000b4300000, 0x00000000b4400000|  0%| F|  |TAMS 0x00000000b4300000, 0x00000000b4300000| Untracked 
| 324|0x00000000b4400000, 0x00000000b4400000, 0x00000000b4500000|  0%| F|  |TAMS 0x00000000b4400000, 0x00000000b4400000| Untracked 
| 325|0x00000000b4500000, 0x00000000b4500000, 0x00000000b4600000|  0%| F|  |TAMS 0x00000000b4500000, 0x00000000b4500000| Untracked 
| 326|0x00000000b4600000, 0x00000000b4600000, 0x00000000b4700000|  0%| F|  |TAMS 0x00000000b4600000, 0x00000000b4600000| Untracked 
| 327|0x00000000b4700000, 0x00000000b4700000, 0x00000000b4800000|  0%| F|  |TAMS 0x00000000b4700000, 0x00000000b4700000| Untracked 
| 328|0x00000000b4800000, 0x00000000b4800000, 0x00000000b4900000|  0%| F|  |TAMS 0x00000000b4800000, 0x00000000b4800000| Untracked 
| 329|0x00000000b4900000, 0x00000000b4900000, 0x00000000b4a00000|  0%| F|  |TAMS 0x00000000b4900000, 0x00000000b4900000| Untracked 
| 330|0x00000000b4a00000, 0x00000000b4a00000, 0x00000000b4b00000|  0%| F|  |TAMS 0x00000000b4a00000, 0x00000000b4a00000| Untracked 
| 331|0x00000000b4b00000, 0x00000000b4b00000, 0x00000000b4c00000|  0%| F|  |TAMS 0x00000000b4b00000, 0x00000000b4b00000| Untracked 
| 332|0x00000000b4c00000, 0x00000000b4c00000, 0x00000000b4d00000|  0%| F|  |TAMS 0x00000000b4c00000, 0x00000000b4c00000| Untracked 
| 333|0x00000000b4d00000, 0x00000000b4d00000, 0x00000000b4e00000|  0%| F|  |TAMS 0x00000000b4d00000, 0x00000000b4d00000| Untracked 
| 334|0x00000000b4e00000, 0x00000000b4e00000, 0x00000000b4f00000|  0%| F|  |TAMS 0x00000000b4e00000, 0x00000000b4e00000| Untracked 
| 335|0x00000000b4f00000, 0x00000000b4f00000, 0x00000000b5000000|  0%| F|  |TAMS 0x00000000b4f00000, 0x00000000b4f00000| Untracked 
| 336|0x00000000b5000000, 0x00000000b5000000, 0x00000000b5100000|  0%| F|  |TAMS 0x00000000b5000000, 0x00000000b5000000| Untracked 
| 337|0x00000000b5100000, 0x00000000b5100000, 0x00000000b5200000|  0%| F|  |TAMS 0x00000000b5100000, 0x00000000b5100000| Untracked 
| 338|0x00000000b5200000, 0x00000000b5200000, 0x00000000b5300000|  0%| F|  |TAMS 0x00000000b5200000, 0x00000000b5200000| Untracked 
| 339|0x00000000b5300000, 0x00000000b5300000, 0x00000000b5400000|  0%| F|  |TAMS 0x00000000b5300000, 0x00000000b5300000| Untracked 
| 340|0x00000000b5400000, 0x00000000b5400000, 0x00000000b5500000|  0%| F|  |TAMS 0x00000000b5400000, 0x00000000b5400000| Untracked 
| 341|0x00000000b5500000, 0x00000000b5500000, 0x00000000b5600000|  0%| F|  |TAMS 0x00000000b5500000, 0x00000000b5500000| Untracked 
| 342|0x00000000b5600000, 0x00000000b5600000, 0x00000000b5700000|  0%| F|  |TAMS 0x00000000b5600000, 0x00000000b5600000| Untracked 
| 343|0x00000000b5700000, 0x00000000b5700000, 0x00000000b5800000|  0%| F|  |TAMS 0x00000000b5700000, 0x00000000b5700000| Untracked 
| 344|0x00000000b5800000, 0x00000000b5800000, 0x00000000b5900000|  0%| F|  |TAMS 0x00000000b5800000, 0x00000000b5800000| Untracked 
| 345|0x00000000b5900000, 0x00000000b5900000, 0x00000000b5a00000|  0%| F|  |TAMS 0x00000000b5900000, 0x00000000b5900000| Untracked 
| 346|0x00000000b5a00000, 0x00000000b5a00000, 0x00000000b5b00000|  0%| F|  |TAMS 0x00000000b5a00000, 0x00000000b5a00000| Untracked 
| 347|0x00000000b5b00000, 0x00000000b5b00000, 0x00000000b5c00000|  0%| F|  |TAMS 0x00000000b5b00000, 0x00000000b5b00000| Untracked 
| 348|0x00000000b5c00000, 0x00000000b5c00000, 0x00000000b5d00000|  0%| F|  |TAMS 0x00000000b5c00000, 0x00000000b5c00000| Untracked 
| 349|0x00000000b5d00000, 0x00000000b5d00000, 0x00000000b5e00000|  0%| F|  |TAMS 0x00000000b5d00000, 0x00000000b5d00000| Untracked 
| 350|0x00000000b5e00000, 0x00000000b5e00000, 0x00000000b5f00000|  0%| F|  |TAMS 0x00000000b5e00000, 0x00000000b5e00000| Untracked 
| 351|0x00000000b5f00000, 0x00000000b5f00000, 0x00000000b6000000|  0%| F|  |TAMS 0x00000000b5f00000, 0x00000000b5f00000| Untracked 
| 352|0x00000000b6000000, 0x00000000b6000000, 0x00000000b6100000|  0%| F|  |TAMS 0x00000000b6000000, 0x00000000b6000000| Untracked 
| 353|0x00000000b6100000, 0x00000000b6100000, 0x00000000b6200000|  0%| F|  |TAMS 0x00000000b6100000, 0x00000000b6100000| Untracked 
| 354|0x00000000b6200000, 0x00000000b6200000, 0x00000000b6300000|  0%| F|  |TAMS 0x00000000b6200000, 0x00000000b6200000| Untracked 
| 355|0x00000000b6300000, 0x00000000b6300000, 0x00000000b6400000|  0%| F|  |TAMS 0x00000000b6300000, 0x00000000b6300000| Untracked 
| 356|0x00000000b6400000, 0x00000000b6400000, 0x00000000b6500000|  0%| F|  |TAMS 0x00000000b6400000, 0x00000000b6400000| Untracked 
| 357|0x00000000b6500000, 0x00000000b6500000, 0x00000000b6600000|  0%| F|  |TAMS 0x00000000b6500000, 0x00000000b6500000| Untracked 
| 358|0x00000000b6600000, 0x00000000b6600000, 0x00000000b6700000|  0%| F|  |TAMS 0x00000000b6600000, 0x00000000b6600000| Untracked 
| 359|0x00000000b6700000, 0x00000000b6700000, 0x00000000b6800000|  0%| F|  |TAMS 0x00000000b6700000, 0x00000000b6700000| Untracked 
| 360|0x00000000b6800000, 0x00000000b6800000, 0x00000000b6900000|  0%| F|  |TAMS 0x00000000b6800000, 0x00000000b6800000| Untracked 
| 361|0x00000000b6900000, 0x00000000b6900000, 0x00000000b6a00000|  0%| F|  |TAMS 0x00000000b6900000, 0x00000000b6900000| Untracked 
| 362|0x00000000b6a00000, 0x00000000b6a00000, 0x00000000b6b00000|  0%| F|  |TAMS 0x00000000b6a00000, 0x00000000b6a00000| Untracked 
| 363|0x00000000b6b00000, 0x00000000b6b00000, 0x00000000b6c00000|  0%| F|  |TAMS 0x00000000b6b00000, 0x00000000b6b00000| Untracked 
| 364|0x00000000b6c00000, 0x00000000b6c00000, 0x00000000b6d00000|  0%| F|  |TAMS 0x00000000b6c00000, 0x00000000b6c00000| Untracked 
| 365|0x00000000b6d00000, 0x00000000b6d00000, 0x00000000b6e00000|  0%| F|  |TAMS 0x00000000b6d00000, 0x00000000b6d00000| Untracked 
| 366|0x00000000b6e00000, 0x00000000b6f00000, 0x00000000b6f00000|100%| S|CS|TAMS 0x00000000b6e00000, 0x00000000b6e00000| Complete 
| 367|0x00000000b6f00000, 0x00000000b7000000, 0x00000000b7000000|100%| S|CS|TAMS 0x00000000b6f00000, 0x00000000b6f00000| Complete 
| 368|0x00000000b7000000, 0x00000000b7100000, 0x00000000b7100000|100%| S|CS|TAMS 0x00000000b7000000, 0x00000000b7000000| Complete 
| 369|0x00000000b7100000, 0x00000000b7100000, 0x00000000b7200000|  0%| F|  |TAMS 0x00000000b7100000, 0x00000000b7100000| Untracked 
| 370|0x00000000b7200000, 0x00000000b7200000, 0x00000000b7300000|  0%| F|  |TAMS 0x00000000b7200000, 0x00000000b7200000| Untracked 
| 371|0x00000000b7300000, 0x00000000b7300000, 0x00000000b7400000|  0%| F|  |TAMS 0x00000000b7300000, 0x00000000b7300000| Untracked 
| 372|0x00000000b7400000, 0x00000000b7400000, 0x00000000b7500000|  0%| F|  |TAMS 0x00000000b7400000, 0x00000000b7400000| Untracked 
| 373|0x00000000b7500000, 0x00000000b7500000, 0x00000000b7600000|  0%| F|  |TAMS 0x00000000b7500000, 0x00000000b7500000| Untracked 
| 374|0x00000000b7600000, 0x00000000b7600000, 0x00000000b7700000|  0%| F|  |TAMS 0x00000000b7600000, 0x00000000b7600000| Untracked 
| 375|0x00000000b7700000, 0x00000000b7700000, 0x00000000b7800000|  0%| F|  |TAMS 0x00000000b7700000, 0x00000000b7700000| Untracked 
| 376|0x00000000b7800000, 0x00000000b7800000, 0x00000000b7900000|  0%| F|  |TAMS 0x00000000b7800000, 0x00000000b7800000| Untracked 
| 377|0x00000000b7900000, 0x00000000b7900000, 0x00000000b7a00000|  0%| F|  |TAMS 0x00000000b7900000, 0x00000000b7900000| Untracked 
| 378|0x00000000b7a00000, 0x00000000b7a00000, 0x00000000b7b00000|  0%| F|  |TAMS 0x00000000b7a00000, 0x00000000b7a00000| Untracked 
| 379|0x00000000b7b00000, 0x00000000b7b00000, 0x00000000b7c00000|  0%| F|  |TAMS 0x00000000b7b00000, 0x00000000b7b00000| Untracked 
| 380|0x00000000b7c00000, 0x00000000b7c00000, 0x00000000b7d00000|  0%| F|  |TAMS 0x00000000b7c00000, 0x00000000b7c00000| Untracked 

Card table byte_map: [0x00000172d5680000,0x00000172d5980000] _byte_map_base: 0x00000172d5180000

Marking Bits (Prev, Next): (CMBitMap*) 0x00000172c0653d70, (CMBitMap*) 0x00000172c0653d38
 Prev Bits: [0x00000172d7480000, 0x00000172d8c80000)
 Next Bits: [0x00000172d5c80000, 0x00000172d7480000)

Polling page: 0x00000172c0700000

Metaspace:

Usage:
  Non-class:     80.62 MB capacity,    79.13 MB ( 98%) used,     1.28 MB (  2%) free+waste,   211.06 KB ( <1%) overhead. 
      Class:     12.17 MB capacity,    11.39 MB ( 94%) used,   698.81 KB (  6%) free+waste,    94.00 KB ( <1%) overhead. 
       Both:     92.79 MB capacity,    90.52 MB ( 98%) used,     1.97 MB (  2%) free+waste,   305.06 KB ( <1%) overhead. 

Virtual space:
  Non-class space:       82.00 MB reserved,      80.75 MB ( 98%) committed 
      Class space:        1.00 GB reserved,      12.25 MB (  1%) committed 
             Both:        1.08 GB reserved,      93.00 MB (  8%) committed 

Chunk freelists:
   Non-Class:  4.00 KB
       Class:  0 bytes
        Both:  4.00 KB

MaxMetaspaceSize: 17179869184.00 GB
CompressedClassSpaceSize: 1.00 GB

CodeHeap 'non-profiled nmethods': size=120000Kb used=7239Kb max_used=7239Kb free=112761Kb
 bounds [0x00000172cd3e0000, 0x00000172cdb00000, 0x00000172d4910000]
CodeHeap 'profiled nmethods': size=120000Kb used=25603Kb max_used=25603Kb free=94397Kb
 bounds [0x00000172c5eb0000, 0x00000172c77c0000, 0x00000172cd3e0000]
CodeHeap 'non-nmethods': size=5760Kb used=2285Kb max_used=2351Kb free=3474Kb
 bounds [0x00000172c5910000, 0x00000172c5b80000, 0x00000172c5eb0000]
 total_blobs=12434 nmethods=11550 adapters=795
 compilation: enabled
              stopped_count=0, restarted_count=0
 full_count=0

Compilation events (20 events):
Event: 92.709 Thread 0x00000172db75f000 11701       2       com.android.tools.r8.graph.DexType::toDescriptorString (8 bytes)
Event: 92.709 Thread 0x00000172db75f000 nmethod 11701 0x00000172c77aee10 code [0x00000172c77aefe0, 0x00000172c77af1d8]
Event: 92.709 Thread 0x00000172db75f000 11702   !   2       com.android.tools.r8.graph.DexString::toString (17 bytes)
Event: 92.710 Thread 0x00000172db75f000 nmethod 11702 0x00000172c77af310 code [0x00000172c77af4e0, 0x00000172c77af6b8]
Event: 92.710 Thread 0x00000172db75f000 11704       2       java.lang.Iterable::forEach (39 bytes)
Event: 92.710 Thread 0x00000172db75f000 nmethod 11704 0x00000172c77af810 code [0x00000172c77afa00, 0x00000172c77afca8]
Event: 92.720 Thread 0x00000172db75f000 11705       2       com.android.tools.r8.dex.VirtualFile$c$$Lambda$639/0x0000000100c2a040::compare (16 bytes)
Event: 92.720 Thread 0x00000172dc24e800 nmethod 11632 0x00000172cdaefa10 code [0x00000172cdaefc00, 0x00000172cdaf03c8]
Event: 92.720 Thread 0x00000172dc24e800 11695       4       java.util.stream.AbstractSpinedBuffer::count (31 bytes)
Event: 92.720 Thread 0x00000172db75f000 nmethod 11705 0x00000172c77afe10 code [0x00000172c77affc0, 0x00000172c77b0148]
Event: 92.720 Thread 0x00000172db75f000 11706       2       com.android.tools.r8.dex.VirtualFile$c::a (94 bytes)
Event: 92.720 Thread 0x00000172dc24e800 nmethod 11695 0x00000172cdaf0a90 code [0x00000172cdaf0c20, 0x00000172cdaf0cb8]
Event: 92.721 Thread 0x00000172dc24e800 11630       4       com.android.tools.r8.graph.DexValue$NestedDexValue::hashCode (16 bytes)
Event: 92.721 Thread 0x00000172db75f000 nmethod 11706 0x00000172c77b0210 code [0x00000172c77b0460, 0x00000172c77b08c8]
Event: 92.722 Thread 0x00000172dc24e800 nmethod 11630 0x00000172cdaf0d90 code [0x00000172cdaf0f20, 0x00000172cdaf0ff8]
Event: 92.722 Thread 0x00000172dc24e800 11635       4       com.android.tools.r8.graph.DexProgramClass$$Lambda$623/0x0000000100bfac40::apply (8 bytes)
Event: 92.722 Thread 0x00000172dc24e800 nmethod 11635 0x00000172cdaf1110 code [0x00000172cdaf12a0, 0x00000172cdaf1338]
Event: 92.722 Thread 0x00000172dc24e800 11652       4       java.util.Comparator$$Lambda$240/0x0000000100787040::compare (10 bytes)
Event: 92.726 Thread 0x00000172dc24e800 nmethod 11652 0x00000172cdaf1410 code [0x00000172cdaf1600, 0x00000172cdaf18b8]
Event: 92.726 Thread 0x00000172dc24e800 11658       4       com.android.tools.r8.graph.DexEncodedMethod::a (6 bytes)

GC Heap History (20 events):
Event: 90.425 GC heap after
{Heap after GC invocations=42 (full 0):
 garbage-first heap   total 141312K, used 133588K [0x00000000a0000000, 0x0000000100000000)
  region size 1024K, 1 young (1024K), 1 survivors (1024K)
 Metaspace       used 89815K, capacity 92006K, committed 92160K, reserved 1130496K
  class space    used 11193K, capacity 11947K, committed 12032K, reserved 1048576K
}
Event: 90.472 GC heap before
{Heap before GC invocations=42 (full 0):
 garbage-first heap   total 141312K, used 138708K [0x00000000a0000000, 0x0000000100000000)
  region size 1024K, 6 young (6144K), 1 survivors (1024K)
 Metaspace       used 89799K, capacity 91979K, committed 92160K, reserved 1130496K
  class space    used 11189K, capacity 11940K, committed 12032K, reserved 1048576K
}
Event: 90.479 GC heap after
{Heap after GC invocations=43 (full 0):
 garbage-first heap   total 142336K, used 135953K [0x00000000a0000000, 0x0000000100000000)
  region size 1024K, 1 young (1024K), 1 survivors (1024K)
 Metaspace       used 89799K, capacity 91979K, committed 92160K, reserved 1130496K
  class space    used 11189K, capacity 11940K, committed 12032K, reserved 1048576K
}
Event: 90.514 GC heap before
{Heap before GC invocations=43 (full 0):
 garbage-first heap   total 142336K, used 140049K [0x00000000a0000000, 0x0000000100000000)
  region size 1024K, 6 young (6144K), 1 survivors (1024K)
 Metaspace       used 89799K, capacity 91979K, committed 92160K, reserved 1130496K
  class space    used 11189K, capacity 11940K, committed 12032K, reserved 1048576K
}
Event: 90.523 GC heap after
{Heap after GC invocations=44 (full 0):
 garbage-first heap   total 187392K, used 138568K [0x00000000a0000000, 0x0000000100000000)
  region size 1024K, 1 young (1024K), 1 survivors (1024K)
 Metaspace       used 89799K, capacity 91979K, committed 92160K, reserved 1130496K
  class space    used 11189K, capacity 11940K, committed 12032K, reserved 1048576K
}
Event: 90.589 GC heap before
{Heap before GC invocations=45 (full 0):
 garbage-first heap   total 187392K, used 147784K [0x00000000a0000000, 0x0000000100000000)
  region size 1024K, 12 young (12288K), 1 survivors (1024K)
 Metaspace       used 89813K, capacity 92043K, committed 92160K, reserved 1130496K
  class space    used 11191K, capacity 11940K, committed 12032K, reserved 1048576K
}
Event: 90.600 GC heap after
{Heap after GC invocations=46 (full 0):
 garbage-first heap   total 187392K, used 143356K [0x00000000a0000000, 0x0000000100000000)
  region size 1024K, 2 young (2048K), 2 survivors (2048K)
 Metaspace       used 89813K, capacity 92043K, committed 92160K, reserved 1130496K
  class space    used 11191K, capacity 11940K, committed 12032K, reserved 1048576K
}
Event: 90.698 GC heap before
{Heap before GC invocations=46 (full 0):
 garbage-first heap   total 187392K, used 156668K [0x00000000a0000000, 0x0000000100000000)
  region size 1024K, 13 young (13312K), 2 survivors (2048K)
 Metaspace       used 89817K, capacity 92043K, committed 92160K, reserved 1130496K
  class space    used 11191K, capacity 11940K, committed 12032K, reserved 1048576K
}
Event: 90.715 GC heap after
{Heap after GC invocations=47 (full 0):
 garbage-first heap   total 187392K, used 151632K [0x00000000a0000000, 0x0000000100000000)
  region size 1024K, 2 young (2048K), 2 survivors (2048K)
 Metaspace       used 89817K, capacity 92043K, committed 92160K, reserved 1130496K
  class space    used 11191K, capacity 11940K, committed 12032K, reserved 1048576K
}
Event: 90.757 GC heap before
{Heap before GC invocations=47 (full 0):
 garbage-first heap   total 187392K, used 158800K [0x00000000a0000000, 0x0000000100000000)
  region size 1024K, 9 young (9216K), 2 survivors (2048K)
 Metaspace       used 89817K, capacity 92043K, committed 92160K, reserved 1130496K
  class space    used 11191K, capacity 11940K, committed 12032K, reserved 1048576K
}
Event: 90.768 GC heap after
{Heap after GC invocations=48 (full 0):
 garbage-first heap   total 187392K, used 155193K [0x00000000a0000000, 0x0000000100000000)
  region size 1024K, 2 young (2048K), 2 survivors (2048K)
 Metaspace       used 89817K, capacity 92043K, committed 92160K, reserved 1130496K
  class space    used 11191K, capacity 11940K, committed 12032K, reserved 1048576K
}
Event: 90.811 GC heap before
{Heap before GC invocations=48 (full 0):
 garbage-first heap   total 187392K, used 162361K [0x00000000a0000000, 0x0000000100000000)
  region size 1024K, 9 young (9216K), 2 survivors (2048K)
 Metaspace       used 89817K, capacity 92043K, committed 92160K, reserved 1130496K
  class space    used 11191K, capacity 11940K, committed 12032K, reserved 1048576K
}
Event: 90.832 GC heap after
{Heap after GC invocations=49 (full 0):
 garbage-first heap   total 390144K, used 158562K [0x00000000a0000000, 0x0000000100000000)
  region size 1024K, 2 young (2048K), 2 survivors (2048K)
 Metaspace       used 89817K, capacity 92043K, committed 92160K, reserved 1130496K
  class space    used 11191K, capacity 11940K, committed 12032K, reserved 1048576K
}
Event: 91.274 GC heap before
{Heap before GC invocations=50 (full 0):
 garbage-first heap   total 390144K, used 237410K [0x00000000a0000000, 0x0000000100000000)
  region size 1024K, 79 young (80896K), 2 survivors (2048K)
 Metaspace       used 91409K, capacity 93702K, committed 93952K, reserved 1130496K
  class space    used 11481K, capacity 12256K, committed 12288K, reserved 1048576K
}
Event: 91.340 GC heap after
{Heap after GC invocations=51 (full 0):
 garbage-first heap   total 390144K, used 200692K [0x00000000a0000000, 0x0000000100000000)
  region size 1024K, 10 young (10240K), 10 survivors (10240K)
 Metaspace       used 91409K, capacity 93702K, committed 93952K, reserved 1130496K
  class space    used 11481K, capacity 12256K, committed 12288K, reserved 1048576K
}
Event: 91.661 GC heap before
{Heap before GC invocations=51 (full 0):
 garbage-first heap   total 390144K, used 262132K [0x00000000a0000000, 0x0000000100000000)
  region size 1024K, 70 young (71680K), 10 survivors (10240K)
 Metaspace       used 92228K, capacity 94487K, committed 94592K, reserved 1132544K
  class space    used 11604K, capacity 12369K, committed 12416K, reserved 1048576K
}
Event: 91.719 GC heap after
{Heap after GC invocations=52 (full 0):
 garbage-first heap   total 390144K, used 236544K [0x00000000a0000000, 0x0000000100000000)
  region size 1024K, 9 young (9216K), 9 survivors (9216K)
 Metaspace       used 92228K, capacity 94487K, committed 94592K, reserved 1132544K
  class space    used 11604K, capacity 12369K, committed 12416K, reserved 1048576K
}
Event: 92.606 GC heap before
{Heap before GC invocations=53 (full 0):
 garbage-first heap   total 390144K, used 271360K [0x00000000a0000000, 0x0000000100000000)
  region size 1024K, 55 young (56320K), 9 survivors (9216K)
 Metaspace       used 92604K, capacity 94880K, committed 95104K, reserved 1132544K
  class space    used 11651K, capacity 12413K, committed 12416K, reserved 1048576K
}
Event: 92.652 GC heap after
{Heap after GC invocations=54 (full 0):
 garbage-first heap   total 390144K, used 237568K [0x00000000a0000000, 0x0000000100000000)
  region size 1024K, 7 young (7168K), 7 survivors (7168K)
 Metaspace       used 92604K, capacity 94880K, committed 95104K, reserved 1132544K
  class space    used 11651K, capacity 12413K, committed 12416K, reserved 1048576K
}
Event: 92.727 GC heap before
{Heap before GC invocations=54 (full 0):
 garbage-first heap   total 390144K, used 249856K [0x00000000a0000000, 0x0000000100000000)
  region size 1024K, 19 young (19456K), 7 survivors (7168K)
 Metaspace       used 92695K, capacity 95013K, committed 95232K, reserved 1132544K
  class space    used 11664K, capacity 12457K, committed 12544K, reserved 1048576K
}

Deoptimization events (20 events):
Event: 92.438 Thread 0x00000172ddef2000 Uncommon trap: trap_request=0xffffffd6 fr.pc=0x00000172cdacb298 relative=0x0000000000000558
Event: 92.438 Thread 0x00000172ddef2000 Uncommon trap: reason=array_check action=maybe_recompile pc=0x00000172cdacb298 method=java.util.TimSort.reverseRange([Ljava/lang/Object;II)V @ 27 c2
Event: 92.438 Thread 0x00000172ddef2000 DEOPT PACKING pc=0x00000172cdacb298 sp=0x00000047823fd900
Event: 92.438 Thread 0x00000172ddef2000 DEOPT UNPACKING pc=0x00000172c59378af sp=0x00000047823fd830 mode 2
Event: 92.500 Thread 0x00000172ddef2000 Uncommon trap: trap_request=0xffffffd6 fr.pc=0x00000172cdae0024 relative=0x0000000000002044
Event: 92.500 Thread 0x00000172ddef2000 Uncommon trap: reason=array_check action=maybe_recompile pc=0x00000172cdae0024 method=java.util.TimSort.reverseRange([Ljava/lang/Object;II)V @ 20 c2
Event: 92.500 Thread 0x00000172ddef2000 DEOPT PACKING pc=0x00000172cdae0024 sp=0x00000047823fd970
Event: 92.500 Thread 0x00000172ddef2000 DEOPT UNPACKING pc=0x00000172c59378af sp=0x00000047823fd828 mode 2
Event: 92.508 Thread 0x00000172ddef2000 Uncommon trap: trap_request=0xffffffcc fr.pc=0x00000172cdae1718 relative=0x0000000000000158
Event: 92.508 Thread 0x00000172ddef2000 Uncommon trap: reason=intrinsic_or_type_checked_inlining action=make_not_entrant pc=0x00000172cdae1718 method=java.util.stream.SpinedBuffer.copyInto([Ljava/lang/Object;I)V @ 51 c2
Event: 92.508 Thread 0x00000172ddef2000 DEOPT PACKING pc=0x00000172cdae1718 sp=0x00000047823fd6a0
Event: 92.508 Thread 0x00000172ddef2000 DEOPT UNPACKING pc=0x00000172c59378af sp=0x00000047823fd630 mode 2
Event: 92.591 Thread 0x00000172ddef2000 Uncommon trap: trap_request=0xffffffcc fr.pc=0x00000172cdae5ae0 relative=0x00000000000003a0
Event: 92.591 Thread 0x00000172ddef2000 Uncommon trap: reason=intrinsic_or_type_checked_inlining action=make_not_entrant pc=0x00000172cdae5ae0 method=java.util.stream.SpinedBuffer.copyInto([Ljava/lang/Object;I)V @ 87 c2
Event: 92.591 Thread 0x00000172ddef2000 DEOPT PACKING pc=0x00000172cdae5ae0 sp=0x00000047823fd6a0
Event: 92.591 Thread 0x00000172ddef2000 DEOPT UNPACKING pc=0x00000172c59378af sp=0x00000047823fd630 mode 2
Event: 92.601 Thread 0x00000172ddef2000 Uncommon trap: trap_request=0xffffffcc fr.pc=0x00000172cdae6a2c relative=0x000000000000046c
Event: 92.601 Thread 0x00000172ddef2000 Uncommon trap: reason=intrinsic_or_type_checked_inlining action=make_not_entrant pc=0x00000172cdae6a2c method=java.util.stream.SpinedBuffer.copyInto([Ljava/lang/Object;I)V @ 125 c2
Event: 92.601 Thread 0x00000172ddef2000 DEOPT PACKING pc=0x00000172cdae6a2c sp=0x00000047823fd690
Event: 92.601 Thread 0x00000172ddef2000 DEOPT UNPACKING pc=0x00000172c59378af sp=0x00000047823fd630 mode 2

Classes redefined (0 events):
No events

Internal exceptions (20 events):
Event: 89.287 Thread 0x00000172ddeef000 Implicit null exception at 0x00000172cd945c63 to 0x00000172cd9464e8
Event: 89.581 Thread 0x00000172e2200000 Exception <a 'java/lang/NoSuchMethodError'{0x00000000a6c6b568}: <clinit>> (0x00000000a6c6b568) thrown at [./src/hotspot/share/prims/jni.cpp, line 1362]
Event: 90.008 Thread 0x00000172ddeec800 Exception <a 'java/lang/NoSuchMethodError'{0x00000000a7331390}: <clinit>> (0x00000000a7331390) thrown at [./src/hotspot/share/prims/jni.cpp, line 1362]
Event: 90.187 Thread 0x00000172ddeed000 Exception <a 'java/io/FileNotFoundException'{0x00000000a78c7578}> (0x00000000a78c7578) thrown at [./src/hotspot/share/prims/jni.cpp, line 615]
Event: 90.204 Thread 0x00000172ddef2000 Exception <a 'sun/nio/fs/WindowsException'{0x00000000a76f7228}> (0x00000000a76f7228) thrown at [./src/hotspot/share/prims/jni.cpp, line 615]
Event: 90.848 Thread 0x00000172e317b000 Exception <a 'java/lang/NoSuchMethodError'{0x00000000b7a9ba68}: 'java.lang.Object java.lang.invoke.DirectMethodHandle$Holder.newInvokeSpecial(java.lang.Object, int)'> (0x00000000b7a9ba68) thrown at [./src/hotspot/share/interpreter/linkResolver.cpp, line 773]
Event: 90.902 Thread 0x00000172e317a000 Implicit null exception at 0x00000172cd5f32af to 0x00000172cd5f33a0
Event: 90.902 Thread 0x00000172e3182800 Implicit null exception at 0x00000172cd5f32af to 0x00000172cd5f33a0
Event: 90.902 Thread 0x00000172e317c000 Implicit null exception at 0x00000172cd5f32af to 0x00000172cd5f33a0
Event: 90.903 Thread 0x00000172e317d800 Implicit null exception at 0x00000172cd5f32af to 0x00000172cd5f33a0
Event: 90.902 Thread 0x00000172e317b000 Implicit null exception at 0x00000172cd5f32af to 0x00000172cd5f33a0
Event: 90.902 Thread 0x00000172e317f000 Implicit null exception at 0x00000172cd5f32af to 0x00000172cd5f33a0
Event: 91.643 Thread 0x00000172e3182800 Exception <a 'java/lang/NoSuchMethodError'{0x00000000b6d30868}: 'void java.lang.invoke.DirectMethodHandle$Holder.invokeSpecial(java.lang.Object, java.lang.Object, int, java.lang.Object)'> (0x00000000b6d30868) thrown at [./src/hotspot/share/interpreter/linkResolver.cpp, line 773]
Event: 91.643 Thread 0x00000172e317f000 Exception <a 'java/lang/NoSuchMethodError'{0x00000000b77bedc0}: 'void java.lang.invoke.DirectMethodHandle$Holder.invokeSpecial(java.lang.Object, java.lang.Object, int, java.lang.Object)'> (0x00000000b77bedc0) thrown at [./src/hotspot/share/interpreter/linkResolver.cpp, line 773]
Event: 91.643 Thread 0x00000172e317e800 Exception <a 'java/lang/NoSuchMethodError'{0x00000000b5dc4b00}: 'void java.lang.invoke.DirectMethodHandle$Holder.invokeSpecial(java.lang.Object, java.lang.Object, int, java.lang.Object)'> (0x00000000b5dc4b00) thrown at [./src/hotspot/share/interpreter/linkResolver.cpp, line 773]
Event: 91.643 Thread 0x00000172e317c800 Exception <a 'java/lang/NoSuchMethodError'{0x00000000b5bb9120}: 'void java.lang.invoke.DirectMethodHandle$Holder.invokeSpecial(java.lang.Object, java.lang.Object, int, java.lang.Object)'> (0x00000000b5bb9120) thrown at [./src/hotspot/share/interpreter/linkResolver.cpp, line 773]
Event: 91.643 Thread 0x00000172e317a000 Exception <a 'java/lang/NoSuchMethodError'{0x00000000b57db718}: 'void java.lang.invoke.DirectMethodHandle$Holder.invokeSpecial(java.lang.Object, java.lang.Object, int, java.lang.Object)'> (0x00000000b57db718) thrown at [./src/hotspot/share/interpreter/linkResolver.cpp, line 773]
Event: 91.643 Thread 0x00000172e317d800 Exception <a 'java/lang/NoSuchMethodError'{0x00000000b479b040}: 'void java.lang.invoke.DirectMethodHandle$Holder.invokeSpecial(java.lang.Object, java.lang.Object, int, java.lang.Object)'> (0x00000000b479b040) thrown at [./src/hotspot/share/interpreter/linkResolver.cpp, line 773]
Event: 91.643 Thread 0x00000172e317c000 Exception <a 'java/lang/NoSuchMethodError'{0x00000000b67fa628}: 'void java.lang.invoke.DirectMethodHandle$Holder.invokeSpecial(java.lang.Object, java.lang.Object, int, java.lang.Object)'> (0x00000000b67fa628) thrown at [./src/hotspot/share/interpreter/linkResolver.cpp, line 773]
Event: 92.693 Thread 0x00000172ddef2000 Exception <a 'java/lang/NoSuchMethodError'{0x00000000b780ae40}: 'int java.lang.invoke.DirectMethodHandle$Holder.invokeVirtual(java.lang.Object, java.lang.Object, java.lang.Object)'> (0x00000000b780ae40) thrown at [./src/hotspot/share/interpreter/linkResolver.cpp, line 773]

Events (20 events):
Event: 92.695 loading class com/android/tools/r8/dex/VirtualFile$k done
Event: 92.695 loading class com/android/tools/r8/graph/t
Event: 92.695 loading class com/android/tools/r8/graph/t done
Event: 92.695 loading class com/android/tools/r8/graph/t
Event: 92.695 loading class com/android/tools/r8/graph/t done
Event: 92.695 loading class com/android/tools/r8/dex/VirtualFile$k
Event: 92.695 loading class com/android/tools/r8/dex/VirtualFile$k done
Event: 92.703 loading class com/android/tools/r8/naming/ClassNameMapper
Event: 92.703 loading class com/android/tools/r8/naming/ClassNameMapper done
Event: 92.704 loading class com/android/tools/r8/naming/z
Event: 92.704 loading class com/android/tools/r8/naming/z done
Event: 92.705 loading class com/android/tools/r8/graph/DexProgramClass
Event: 92.705 loading class com/android/tools/r8/graph/DexProgramClass done
Event: 92.705 loading class com/android/tools/r8/utils/DescriptorUtils
Event: 92.705 loading class com/android/tools/r8/utils/DescriptorUtils done
Event: 92.718 loading class com/android/tools/r8/dex/VirtualFile$f
Event: 92.718 loading class com/android/tools/r8/dex/VirtualFile$f done
Event: 92.719 loading class com/android/tools/r8/graph/DexProgramClass
Event: 92.719 loading class com/android/tools/r8/graph/DexProgramClass done
Event: 92.727 Executing VM operation: G1CollectForAllocation


Dynamic libraries:
0x00007ff6d4990000 - 0x00007ff6d499a000 	C:\Program Files\Android\Android Studio\jre\bin\java.exe
0x00007fff38350000 - 0x00007fff38545000 	C:\WINDOWS\SYSTEM32\ntdll.dll
0x00007fff36d00000 - 0x00007fff36dbd000 	C:\WINDOWS\System32\KERNEL32.DLL
0x00007fff35cf0000 - 0x00007fff35fb9000 	C:\WINDOWS\System32\KERNELBASE.dll
0x00007fff35bf0000 - 0x00007fff35cf0000 	C:\WINDOWS\System32\ucrtbase.dll
0x00007fff2fbe0000 - 0x00007fff2fbf7000 	C:\Program Files\Android\Android Studio\jre\bin\VCRUNTIME140.dll
0x00007fff2e930000 - 0x00007fff2e949000 	C:\Program Files\Android\Android Studio\jre\bin\jli.dll
0x00007fff375a0000 - 0x00007fff37740000 	C:\WINDOWS\System32\USER32.dll
0x00007fff35fc0000 - 0x00007fff35fe2000 	C:\WINDOWS\System32\win32u.dll
0x00007fff37740000 - 0x00007fff3776a000 	C:\WINDOWS\System32\GDI32.dll
0x00007fff21e70000 - 0x00007fff2210a000 	C:\WINDOWS\WinSxS\amd64_microsoft.windows.common-controls_6595b64144ccf1df_6.0.19041.1110_none_60b5254171f9507e\COMCTL32.dll
0x00007fff36110000 - 0x00007fff3621b000 	C:\WINDOWS\System32\gdi32full.dll
0x00007fff37460000 - 0x00007fff374fe000 	C:\WINDOWS\System32\msvcrt.dll
0x00007fff36070000 - 0x00007fff3610d000 	C:\WINDOWS\System32\msvcp_win.dll
0x00007fff380d0000 - 0x00007fff38100000 	C:\WINDOWS\System32\IMM32.DLL
0x00007fff22ef0000 - 0x00007fff22f8d000 	C:\Program Files\Android\Android Studio\jre\bin\msvcp140.dll
0x00007ffeff670000 - 0x00007fff0013f000 	C:\Program Files\Android\Android Studio\jre\bin\server\jvm.dll
0x00007fff373b0000 - 0x00007fff3745c000 	C:\WINDOWS\System32\ADVAPI32.dll
0x00007fff37500000 - 0x00007fff3759b000 	C:\WINDOWS\System32\sechost.dll
0x00007fff38100000 - 0x00007fff3822a000 	C:\WINDOWS\System32\RPCRT4.dll
0x00007fff36a00000 - 0x00007fff36a08000 	C:\WINDOWS\System32\PSAPI.DLL
0x00007fff1f980000 - 0x00007fff1f989000 	C:\WINDOWS\SYSTEM32\WSOCK32.dll
0x00007fff1e700000 - 0x00007fff1e727000 	C:\WINDOWS\SYSTEM32\WINMM.dll
0x00007fff2cf70000 - 0x00007fff2cf7a000 	C:\WINDOWS\SYSTEM32\VERSION.dll
0x00007fff38060000 - 0x00007fff380cb000 	C:\WINDOWS\System32\WS2_32.dll
0x00007fff343a0000 - 0x00007fff343b2000 	C:\WINDOWS\SYSTEM32\kernel.appcore.dll
0x00007fff2e300000 - 0x00007fff2e311000 	C:\Program Files\Android\Android Studio\jre\bin\verify.dll
0x00007fff338b0000 - 0x00007fff33a94000 	C:\WINDOWS\SYSTEM32\DBGHELP.DLL
0x00007fff1e6b0000 - 0x00007fff1e6dc000 	C:\WINDOWS\SYSTEM32\dbgcore.DLL
0x00007fff36280000 - 0x00007fff36303000 	C:\WINDOWS\System32\bcryptPrimitives.dll
0x00007fff289a0000 - 0x00007fff289c9000 	C:\Program Files\Android\Android Studio\jre\bin\java.dll
0x00007fff2fbb0000 - 0x00007fff2fbbb000 	C:\Program Files\Android\Android Studio\jre\bin\jimage.dll
0x00007fff2d700000 - 0x00007fff2d718000 	C:\Program Files\Android\Android Studio\jre\bin\zip.dll
0x00007fff377f0000 - 0x00007fff37f2f000 	C:\WINDOWS\System32\SHELL32.dll
0x00007fff33ba0000 - 0x00007fff34331000 	C:\WINDOWS\SYSTEM32\windows.storage.dll
0x00007fff36f30000 - 0x00007fff37285000 	C:\WINDOWS\System32\combase.dll
0x00007fff35500000 - 0x00007fff3552c000 	C:\WINDOWS\SYSTEM32\Wldp.dll
0x00007fff36dd0000 - 0x00007fff36e7e000 	C:\WINDOWS\System32\SHCORE.dll
0x00007fff37350000 - 0x00007fff373a5000 	C:\WINDOWS\System32\shlwapi.dll
0x00007fff359d0000 - 0x00007fff359ef000 	C:\WINDOWS\SYSTEM32\profapi.dll
0x00007fff28980000 - 0x00007fff2899a000 	C:\Program Files\Android\Android Studio\jre\bin\net.dll
0x00007fff23750000 - 0x00007fff2385a000 	C:\WINDOWS\SYSTEM32\WINHTTP.dll
0x00007fff35260000 - 0x00007fff352ca000 	C:\WINDOWS\system32\mswsock.dll
0x00007fff28920000 - 0x00007fff28934000 	C:\Program Files\Android\Android Studio\jre\bin\nio.dll
0x00007fff230e0000 - 0x00007fff23106000 	C:\Users\Asus\.gradle\native\29\windows-amd64\native-platform.dll
0x00007fff2fb70000 - 0x00007fff2fb7a000 	C:\Program Files\Android\Android Studio\jre\bin\management.dll
0x00007fff2f550000 - 0x00007fff2f55c000 	C:\Program Files\Android\Android Studio\jre\bin\management_ext.dll
0x00007fff35440000 - 0x00007fff35458000 	C:\WINDOWS\SYSTEM32\CRYPTSP.dll
0x00007fff34b90000 - 0x00007fff34bc4000 	C:\WINDOWS\system32\rsaenh.dll
0x00007fff35ff0000 - 0x00007fff36017000 	C:\WINDOWS\System32\bcrypt.dll
0x00007fff35950000 - 0x00007fff3597e000 	C:\WINDOWS\SYSTEM32\USERENV.dll
0x00007fff35460000 - 0x00007fff3546c000 	C:\WINDOWS\SYSTEM32\CRYPTBASE.dll
0x00007fff34f00000 - 0x00007fff34f3b000 	C:\WINDOWS\SYSTEM32\IPHLPAPI.DLL
0x00007fff38230000 - 0x00007fff38238000 	C:\WINDOWS\System32\NSI.dll
0x00007fff2cf50000 - 0x00007fff2cf67000 	C:\WINDOWS\SYSTEM32\dhcpcsvc6.DLL
0x00007fff2d0c0000 - 0x00007fff2d0dd000 	C:\WINDOWS\SYSTEM32\dhcpcsvc.DLL
0x00007fff34f40000 - 0x00007fff3500c000 	C:\WINDOWS\SYSTEM32\DNSAPI.dll

dbghelp: loaded successfully - version: 4.0.5 - missing functions: none
symbol engine: initialized successfully - sym options: 0x614 - pdb path: .;C:\Program Files\Android\Android Studio\jre\bin;C:\WINDOWS\SYSTEM32;C:\WINDOWS\WinSxS\amd64_microsoft.windows.common-controls_6595b64144ccf1df_6.0.19041.1110_none_60b5254171f9507e;C:\Program Files\Android\Android Studio\jre\bin\server;C:\Users\Asus\.gradle\native\29\windows-amd64

VM Arguments:
jvm_args: --add-opens=java.base/java.util=ALL-UNNAMED --add-opens=java.base/java.lang=ALL-UNNAMED --add-opens=java.base/java.lang.invoke=ALL-UNNAMED --add-opens=java.prefs/java.util.prefs=ALL-UNNAMED -Xmx1536m -Dfile.encoding=windows-1252 -Duser.country=US -Duser.language=en -Duser.variant 
java_command: org.gradle.launcher.daemon.bootstrap.GradleDaemon 5.4.1
java_class_path (initial): C:\Users\Asus\.gradle\wrapper\dists\gradle-5.4.1-all\3221gyojl5jsh0helicew7rwx\gradle-5.4.1\lib\gradle-launcher-5.4.1.jar
Launcher Type: SUN_STANDARD

[Global flags]
     intx CICompilerCount                          = 4                                         {product} {ergonomic}
     uint ConcGCThreads                            = 2                                         {product} {ergonomic}
     uint G1ConcRefinementThreads                  = 8                                         {product} {ergonomic}
   size_t G1HeapRegionSize                         = 1048576                                   {product} {ergonomic}
    uintx GCDrainStackTargetSize                   = 64                                        {product} {ergonomic}
   size_t InitialHeapSize                          = 134217728                                 {product} {ergonomic}
   size_t MarkStackSize                            = 4194304                                   {product} {ergonomic}
   size_t MaxHeapSize                              = 1610612736                                {product} {command line}
   size_t MaxNewSize                               = 965738496                                 {product} {ergonomic}
   size_t MinHeapDeltaBytes                        = 1048576                                   {product} {ergonomic}
    uintx NonNMethodCodeHeapSize                   = 5836300                                {pd product} {ergonomic}
    uintx NonProfiledCodeHeapSize                  = 122910970                              {pd product} {ergonomic}
    uintx ProfiledCodeHeapSize                     = 122910970                              {pd product} {ergonomic}
    uintx ReservedCodeCacheSize                    = 251658240                              {pd product} {ergonomic}
     bool SegmentedCodeCache                       = true                                      {product} {ergonomic}
     bool UseCompressedClassPointers               = true                                 {lp64_product} {ergonomic}
     bool UseCompressedOops                        = true                                 {lp64_product} {ergonomic}
     bool UseG1GC                                  = true                                      {product} {ergonomic}
     bool UseLargePagesIndividualAllocation        = false                                  {pd product} {ergonomic}

Logging:
Log output configuration:
 #0: stdout all=warning uptime,level,tags
 #1: stderr all=off uptime,level,tags

Environment Variables:
PATH=C:\Program Files (x86)\Intel\iCLS Client\;C:\Program Files\Intel\iCLS Client\;C:\Windows\system32;C:\Windows;C:\Windows\System32\Wbem;C:\Windows\System32\WindowsPowerShell\v1.0\;C:\Program Files (x86)\Intel\Intel(R) Management Engine Components\DAL;C:\Program Files\Intel\Intel(R) Management Engine Components\DAL;C:\Program Files (x86)\Intel\Intel(R) Management Engine Components\IPT;C:\Program Files\Intel\Intel(R) Management Engine Components\IPT;C:\Program Files (x86)\NVIDIA Corporation\PhysX\Common;C:\WINDOWS\system32;C:\WINDOWS;C:\WINDOWS\System32\Wbem;C:\WINDOWS\System32\WindowsPowerShell\v1.0\;C:\WINDOWS\System32\OpenSSH\;C:\Program Files\Intel\WiFi\bin\;C:\Program Files\Common Files\Intel\WirelessCommon\;Y:\git\Git\cmd;Y:\python\python;C:\Program Files\Git\cmd;C:\Users\Asus\AppData\Local\Programs\Python\Python39\Scripts\;C:\Users\Asus\AppData\Local\Programs\Python\Python39\;C:\Users\Asus\.windows-build-tools\python27\;C:\Users\Asus\AppData\Local\Microsoft\WindowsApps;C:\Users\Asus\AppData\Local\Programs\Microsoft VS Code\bin;C:\Program Files (x86)\Microsoft Visual Studio\2017\Community\MSBuild\15.0\Bin;C:\Users\Asus\AppData\Local\Microsoft\WindowsApps;C:\Program Files (x86)\mingw-w64\i686-8.1.0-posix-dwarf-rt_v6-rev0\mingw32\bin;
USERNAME=Asus
OS=Windows_NT
PROCESSOR_IDENTIFIER=Intel64 Family 6 Model 142 Stepping 10, GenuineIntel



---------------  S Y S T E M  ---------------

OS: Windows 10 , 64 bit Build 19041 (10.0.19041.1023)
OS uptime: 22 days 22:38 hours

CPU:total 8 (initial active 8) (4 cores per cpu, 2 threads per core) family 6 model 142 stepping 10 microcode 0xb4, cmov, cx8, fxsr, mmx, sse, sse2, sse3, ssse3, sse4.1, sse4.2, popcnt, avx, avx2, aes, clmul, erms, 3dnowpref, lzcnt, ht, tsc, tscinvbit, bmi1, bmi2, adx, fma

Memory: 4k page, system-wide physical 8078M (738M free)
TotalPageFile size 30968M (AvailPageFile size 195M)
current process WorkingSet (physical memory assigned to process): 624M, peak: 625M
current process commit charge ("private bytes"): 728M, peak: 1192M

vm_info: OpenJDK 64-Bit Server VM (11.0.10+0-b96-7249189) for windows-amd64 JRE (11.0.10+0-b96-7249189), built on Mar 31 2021 21:44:00 by "builder" with MS VC++ 14.0 (VS2015)

END.
