#
# There is insufficient memory for the Java Runtime Environment to continue.
# Native memory allocation (mmap) failed to map 508559360 bytes for Failed to commit area from 0x00000000b4400000 to 0x00000000d2900000 of length 508559360.
# Possible reasons:
#   The system is out of physical RAM or swap space
#   The process is running with CompressedOops enabled, and the Java Heap may be blocking the growth of the native heap
# Possible solutions:
#   Reduce memory load on the system
#   Increase physical memory or swap space
#   Check if swap backing store is full
#   Decrease Java heap size (-Xmx/-Xms)
#   Decrease number of Java threads
#   Decrease Java thread stack sizes (-Xss)
#   Set larger code cache with -XX:ReservedCodeCacheSize=
#   JVM is running with Unscaled Compressed Oops mode in which the Java heap is
#     placed in the first 4GB address space. The Java Heap base address is the
#     maximum limit for the native heap growth. Please use -XX:HeapBaseMinAddress
#     to set the Java Heap base and to place the Java Heap above 4GB virtual address.
# This output file may be truncated or incomplete.
#
#  Out of Memory Error (./src/hotspot/os/windows/os_windows.cpp:3301), pid=38352, tid=18320
#
# JRE version: OpenJDK Runtime Environment (11.0.10) (build 11.0.10+0-b96-7249189)
# Java VM: OpenJDK 64-Bit Server VM (11.0.10+0-b96-7249189, mixed mode, tiered, compressed oops, g1 gc, windows-amd64)
# No core dump will be written. Minidumps are not enabled by default on client versions of Windows
#

---------------  S U M M A R Y ------------

Command Line: --add-opens=java.base/java.util=ALL-UNNAMED --add-opens=java.base/java.lang=ALL-UNNAMED --add-opens=java.base/java.lang.invoke=ALL-UNNAMED --add-opens=java.prefs/java.util.prefs=ALL-UNNAMED -Xmx1536m -Dfile.encoding=windows-1252 -Duser.country=US -Duser.language=en -Duser.variant org.gradle.launcher.daemon.bootstrap.GradleDaemon 5.4.1

Host: Intel(R) Core(TM) i5-8250U CPU @ 1.60GHz, 8 cores, 7G,  Windows 10 , 64 bit Build 19041 (10.0.19041.1023)
Time: Mon Aug 16 16:07:38 2021 India Standard Time elapsed time: 17.584060 seconds (0d 0h 0m 17s)

---------------  T H R E A D  ---------------

Current thread (0x000001b818b2d800):  VMThread "VM Thread" [stack: 0x0000007df8d00000,0x0000007df8e00000] [id=18320]

Stack: [0x0000007df8d00000,0x0000007df8e00000]
[error occurred during error reporting (printing stack bounds), id 0xc0000005, EXCEPTION_ACCESS_VIOLATION (0xc0000005) at pc=0x000001b803a10f2d]

Native frames: (J=compiled Java code, j=interpreted, Vv=VM code, C=native code)
V  [jvm.dll+0x5ecfaa]
V  [jvm.dll+0x722bd5]
V  [jvm.dll+0x72412d]
V  [jvm.dll+0x724745]
V  [jvm.dll+0x7246fb]
V  [jvm.dll+0x5ec348]
V  [jvm.dll+0x5ecad8]
C  [ntdll.dll+0xa217f]
C  [ntdll.dll+0x51454]
C  [ntdll.dll+0xa0cae]
C  0x000001b803a10f2d

VM_Operation (0x0000007dfc7fce40): G1CollectForAllocation, mode: safepoint, requested by thread 0x000001b81a765000


---------------  P R O C E S S  ---------------

Threads class SMR info:
_java_thread_list=0x000001b81a3cff90, length=59, elements={
0x000001b87f8eb000, 0x000001b818b4f800, 0x000001b818b59000, 0x000001b8193b7000,
0x000001b8193b9800, 0x000001b8193bb800, 0x000001b8193c0000, 0x000001b8193c6000,
0x000001b8193c7800, 0x000001b819541800, 0x000001b81ae66000, 0x000001b81a62b800,
0x000001b81a7cd800, 0x000001b81b29e800, 0x000001b81b272000, 0x000001b81b28f000,
0x000001b81ae28000, 0x000001b81b27c000, 0x000001b81b289000, 0x000001b81afd6000,
0x000001b81afd1000, 0x000001b81afd2000, 0x000001b81afd2800, 0x000001b81afd3800,
0x000001b81afd0000, 0x000001b81afd6800, 0x000001b81bf54800, 0x000001b81bf56000,
0x000001b81bf55000, 0x000001b81bf57000, 0x000001b81bf57800, 0x000001b81bf58800,
0x000001b81bf52800, 0x000001b81bf59800, 0x000001b81bf53800, 0x000001b81bf5a000,
0x000001b81b9a6800, 0x000001b81bf5e000, 0x000001b81bf5f000, 0x000001b81bf60000,
0x000001b81bf60800, 0x000001b81bf5b000, 0x000001b81bf61800, 0x000001b81bf5b800,
0x000001b81bf5c800, 0x000001b81a75f800, 0x000001b81a763800, 0x000001b81a764800,
0x000001b81a765000, 0x000001b81a761000, 0x000001b81a766000, 0x000001b81a762000,
0x000001b81a760000, 0x000001b81a766800, 0x000001b81a767800, 0x000001b81a762800,
0x000001b81a76d000, 0x000001b81a768800, 0x000001b81a76b000
}

Java Threads: ( => current thread )
  0x000001b87f8eb000 JavaThread "main" [_thread_blocked, id=13076, stack(0x0000007df8700000,0x0000007df8800000)]
  0x000001b818b4f800 JavaThread "Reference Handler" daemon [_thread_blocked, id=1804, stack(0x0000007df8e00000,0x0000007df8f00000)]
  0x000001b818b59000 JavaThread "Finalizer" daemon [_thread_blocked, id=6804, stack(0x0000007df8f00000,0x0000007df9000000)]
  0x000001b8193b7000 JavaThread "Signal Dispatcher" daemon [_thread_blocked, id=2744, stack(0x0000007df9000000,0x0000007df9100000)]
  0x000001b8193b9800 JavaThread "Attach Listener" daemon [_thread_blocked, id=1220, stack(0x0000007df9100000,0x0000007df9200000)]
  0x000001b8193bb800 JavaThread "Service Thread" daemon [_thread_blocked, id=12400, stack(0x0000007df9200000,0x0000007df9300000)]
  0x000001b8193c0000 JavaThread "C2 CompilerThread0" daemon [_thread_in_native, id=6828, stack(0x0000007df9300000,0x0000007df9400000)]
  0x000001b8193c6000 JavaThread "C1 CompilerThread0" daemon [_thread_blocked, id=1008, stack(0x0000007df9400000,0x0000007df9500000)]
  0x000001b8193c7800 JavaThread "Sweeper thread" daemon [_thread_blocked, id=7792, stack(0x0000007df9500000,0x0000007df9600000)]
  0x000001b819541800 JavaThread "Common-Cleaner" daemon [_thread_blocked, id=25548, stack(0x0000007df9600000,0x0000007df9700000)]
  0x000001b81ae66000 JavaThread "Daemon health stats" [_thread_blocked, id=18760, stack(0x0000007df9c00000,0x0000007df9d00000)]
  0x000001b81a62b800 JavaThread "Incoming local TCP Connector on port 52031" [_thread_in_native, id=6500, stack(0x0000007df9800000,0x0000007df9900000)]
  0x000001b81a7cd800 JavaThread "Daemon periodic checks" [_thread_blocked, id=31924, stack(0x0000007df9900000,0x0000007df9a00000)]
  0x000001b81b29e800 JavaThread "Daemon" [_thread_blocked, id=30392, stack(0x0000007df9d00000,0x0000007df9e00000)]
  0x000001b81b272000 JavaThread "Handler for socket connection from /127.0.0.1:52031 to /127.0.0.1:52032" [_thread_in_native, id=31392, stack(0x0000007df9e00000,0x0000007df9f00000)]
  0x000001b81b28f000 JavaThread "Cancel handler" [_thread_blocked, id=23728, stack(0x0000007df9f00000,0x0000007dfa000000)]
  0x000001b81ae28000 JavaThread "Daemon worker" [_thread_blocked, id=9448, stack(0x0000007dfa000000,0x0000007dfa100000)]
  0x000001b81b27c000 JavaThread "Asynchronous log dispatcher for DefaultDaemonConnection: socket connection from /127.0.0.1:52031 to /127.0.0.1:52032" [_thread_blocked, id=21616, stack(0x0000007dfa200000,0x0000007dfa300000)]
  0x000001b81b289000 JavaThread "Stdin handler" [_thread_blocked, id=5944, stack(0x0000007dfa300000,0x0000007dfa400000)]
  0x000001b81afd6000 JavaThread "Thread-8" [_thread_blocked, id=27244, stack(0x0000007dfa400000,0x0000007dfa500000)]
  0x000001b81afd1000 JavaThread "Cache worker for file hash cache (C:\Users\Asus\.gradle\caches\5.4.1\fileHashes)" [_thread_blocked, id=27828, stack(0x0000007dfa500000,0x0000007dfa600000)]
  0x000001b81afd2000 JavaThread "File lock request listener" [_thread_in_native, id=24720, stack(0x0000007dfa600000,0x0000007dfa700000)]
  0x000001b81afd2800 JavaThread "Cache worker for journal cache (C:\Users\Asus\.gradle\caches\journal-1)" [_thread_blocked, id=18468, stack(0x0000007dfa700000,0x0000007dfa800000)]
  0x000001b81afd3800 JavaThread "Cache worker for file hash cache (C:\Users\Asus\AndroidStudioProjects\Aucrypto\.gradle\5.4.1\fileHashes)" [_thread_blocked, id=18156, stack(0x0000007dfae00000,0x0000007dfaf00000)]
  0x000001b81afd0000 JavaThread "Cache worker for cache directory md-supplier (C:\Users\Asus\.gradle\caches\5.4.1\md-supplier)" [_thread_blocked, id=31104, stack(0x0000007dfaf00000,0x0000007dfb000000)]
  0x000001b81afd6800 JavaThread "Cache worker for cache directory md-rule (C:\Users\Asus\.gradle\caches\5.4.1\md-rule)" [_thread_blocked, id=21532, stack(0x0000007dfb000000,0x0000007dfb100000)]
  0x000001b81bf54800 JavaThread "Cache worker for execution history cache (C:\Users\Asus\.gradle\caches\5.4.1\executionHistory)" [_thread_blocked, id=23616, stack(0x0000007dfb100000,0x0000007dfb200000)]
  0x000001b81bf56000 JavaThread "Build operations" [_thread_blocked, id=29840, stack(0x0000007dfb200000,0x0000007dfb300000)]
  0x000001b81bf55000 JavaThread "Build operations Thread 2" [_thread_blocked, id=38316, stack(0x0000007dfb300000,0x0000007dfb400000)]
  0x000001b81bf57000 JavaThread "Build operations Thread 3" [_thread_blocked, id=29936, stack(0x0000007dfb400000,0x0000007dfb500000)]
  0x000001b81bf57800 JavaThread "Build operations Thread 4" [_thread_blocked, id=11956, stack(0x0000007dfb500000,0x0000007dfb600000)]
  0x000001b81bf58800 JavaThread "Build operations Thread 5" [_thread_blocked, id=3524, stack(0x0000007dfb600000,0x0000007dfb700000)]
  0x000001b81bf52800 JavaThread "Build operations Thread 6" [_thread_blocked, id=38100, stack(0x0000007dfb700000,0x0000007dfb800000)]
  0x000001b81bf59800 JavaThread "Build operations Thread 7" [_thread_blocked, id=27776, stack(0x0000007dfb800000,0x0000007dfb900000)]
  0x000001b81bf53800 JavaThread "Build operations Thread 8" [_thread_blocked, id=34972, stack(0x0000007dfb900000,0x0000007dfba00000)]
  0x000001b81bf5a000 JavaThread "Cache worker for Build Output Cleanup Cache (C:\Users\Asus\AndroidStudioProjects\Aucrypto\.gradle\buildOutputCleanup)" [_thread_blocked, id=3064, stack(0x0000007dfa100000,0x0000007dfa200000)]
  0x000001b81b9a6800 JavaThread "C2 CompilerThread1" daemon [_thread_in_native, id=29308, stack(0x0000007dfbb00000,0x0000007dfbc00000)]
  0x000001b81bf5e000 JavaThread "Memory manager" [_thread_blocked, id=9016, stack(0x0000007dfbc00000,0x0000007dfbd00000)]
  0x000001b81bf5f000 JavaThread "Cache worker for file content cache (C:\Users\Asus\.gradle\caches\5.4.1\fileContent)" [_thread_blocked, id=25076, stack(0x0000007dfbd00000,0x0000007dfbe00000)]
  0x000001b81bf60000 JavaThread "Cache worker for file content cache (C:\Users\Asus\AndroidStudioProjects\Aucrypto\.gradle\5.4.1\fileContent)" [_thread_blocked, id=15140, stack(0x0000007dfbe00000,0x0000007dfbf00000)]
  0x000001b81bf60800 JavaThread "Execution worker for ':'" [_thread_blocked, id=38672, stack(0x0000007dfbf00000,0x0000007dfc000000)]
  0x000001b81bf5b000 JavaThread "Execution worker for ':' Thread 2" [_thread_blocked, id=27388, stack(0x0000007dfc000000,0x0000007dfc100000)]
  0x000001b81bf61800 JavaThread "Execution worker for ':' Thread 3" [_thread_blocked, id=22780, stack(0x0000007dfc100000,0x0000007dfc200000)]
  0x000001b81bf5b800 JavaThread "Execution worker for ':' Thread 4" [_thread_blocked, id=3120, stack(0x0000007dfc200000,0x0000007dfc300000)]
  0x000001b81bf5c800 JavaThread "Execution worker for ':' Thread 5" [_thread_blocked, id=20372, stack(0x0000007dfc300000,0x0000007dfc400000)]
  0x000001b81a75f800 JavaThread "Execution worker for ':' Thread 6" [_thread_blocked, id=17148, stack(0x0000007dfc400000,0x0000007dfc500000)]
  0x000001b81a763800 JavaThread "Execution worker for ':' Thread 7" [_thread_blocked, id=23088, stack(0x0000007dfc500000,0x0000007dfc600000)]
  0x000001b81a764800 JavaThread "Cache worker for execution history cache (C:\Users\Asus\AndroidStudioProjects\Aucrypto\.gradle\5.4.1\executionHistory)" [_thread_blocked, id=1084, stack(0x0000007dfc600000,0x0000007dfc700000)]
  0x000001b81a765000 JavaThread "WorkerExecutor Queue" [_thread_blocked, id=11680, stack(0x0000007dfc700000,0x0000007dfc800000)]
  0x000001b81a761000 JavaThread "WorkerExecutor Queue Thread 2" [_thread_blocked, id=6316, stack(0x0000007dfc800000,0x0000007dfc900000)]
  0x000001b81a766000 JavaThread "WorkerExecutor Queue Thread 3" [_thread_blocked, id=11348, stack(0x0000007dfc900000,0x0000007dfca00000)]
  0x000001b81a762000 JavaThread "ForkJoinPool-2-worker-3" daemon [_thread_blocked, id=23412, stack(0x0000007dfcb00000,0x0000007dfcc00000)]
  0x000001b81a760000 JavaThread "ForkJoinPool-2-worker-5" daemon [_thread_blocked, id=21944, stack(0x0000007dfcc00000,0x0000007dfcd00000)]
  0x000001b81a766800 JavaThread "ForkJoinPool-2-worker-7" daemon [_thread_blocked, id=10140, stack(0x0000007dfcd00000,0x0000007dfce00000)]
  0x000001b81a767800 JavaThread "ForkJoinPool-2-worker-9" daemon [_thread_blocked, id=27712, stack(0x0000007dfce00000,0x0000007dfcf00000)]
  0x000001b81a762800 JavaThread "ForkJoinPool-2-worker-11" daemon [_thread_blocked, id=19300, stack(0x0000007dfcf00000,0x0000007dfd000000)]
  0x000001b81a76d000 JavaThread "ForkJoinPool-2-worker-13" daemon [_thread_blocked, id=23272, stack(0x0000007dfd000000,0x0000007dfd100000)]
  0x000001b81a768800 JavaThread "ForkJoinPool-2-worker-15" daemon [_thread_blocked, id=10976, stack(0x0000007dfd100000,0x0000007dfd200000)]
  0x000001b81a76b000 JavaThread "ForkJoinPool-2-worker-1" daemon [_thread_blocked, id=14964, stack(0x0000007dfd200000,0x0000007dfd300000)]

Other Threads:
=>0x000001b818b2d800 VMThread "VM Thread" [stack: 0x0000007df8d00000,0x0000007df8e00000] [id=18320]
  0x000001b81956f000 WatcherThread [stack: 0x0000007df9700000,0x0000007df9800000] [id=10996]
  0x000001b87f904800 GCTaskThread "GC Thread#0" [stack: 0x0000007df8800000,0x0000007df8900000] [id=8728]
  0x000001b81a5b2800 GCTaskThread "GC Thread#1" [stack: 0x0000007df9a00000,0x0000007df9b00000] [id=21228]
  0x000001b819dac000 GCTaskThread "GC Thread#2" [stack: 0x0000007df9b00000,0x0000007df9c00000] [id=30484]
  0x000001b819dab800 GCTaskThread "GC Thread#3" [stack: 0x0000007dfa800000,0x0000007dfa900000] [id=27400]
  0x000001b819da5800 GCTaskThread "GC Thread#4" [stack: 0x0000007dfa900000,0x0000007dfaa00000] [id=21884]
  0x000001b819da7000 GCTaskThread "GC Thread#5" [stack: 0x0000007dfaa00000,0x0000007dfab00000] [id=8352]
  0x000001b819daa800 GCTaskThread "GC Thread#6" [stack: 0x0000007dfab00000,0x0000007dfac00000] [id=9536]
  0x000001b819da6000 GCTaskThread "GC Thread#7" [stack: 0x0000007dfac00000,0x0000007dfad00000] [id=14532]
  0x000001b87f92b000 ConcurrentGCThread "G1 Main Marker" [stack: 0x0000007df8900000,0x0000007df8a00000] [id=4792]
  0x000001b87f92e000 ConcurrentGCThread "G1 Conc#0" [stack: 0x0000007df8a00000,0x0000007df8b00000] [id=11364]
  0x000001b819dac800 ConcurrentGCThread "G1 Conc#1" [stack: 0x0000007dfad00000,0x0000007dfae00000] [id=20460]
  0x000001b87f9ce800 ConcurrentGCThread "G1 Refine#0" [stack: 0x0000007df8b00000,0x0000007df8c00000] [id=37368]
  0x000001b81ee1e800 ConcurrentGCThread "G1 Refine#1" [stack: 0x0000007dfba00000,0x0000007dfbb00000] [id=23820]
  0x000001b81f0bf000 ConcurrentGCThread "G1 Refine#2" [stack: 0x0000007dfca00000,0x0000007dfcb00000] [id=30280]
  0x000001b81ea8e000 ConcurrentGCThread "G1 Refine#3" [stack: 0x0000007dfd300000,0x0000007dfd400000] [id=23108]
  0x000001b81f1d9000 ConcurrentGCThread "G1 Refine#4" [stack: 0x0000007dfd400000,0x0000007dfd500000] [id=13888]
  0x000001b818994800 ConcurrentGCThread "G1 Young RemSet Sampling" [stack: 0x0000007df8c00000,0x0000007df8d00000] [id=20104]

Threads with active compile tasks:
C2 CompilerThread0  17616 8753 %     4       com.android.tools.r8.dex.DexParser::a @ 161 (1326 bytes)
C2 CompilerThread1  17616 8916   !   4       java.util.concurrent.ConcurrentHashMap::transfer (828 bytes)

VM state:at safepoint (normal execution)

VM Mutex/Monitor currently owned by a thread:  ([mutex/lock_event])
[0x000001b87f8e7750] Threads_lock - owner thread: 0x000001b818b2d800
[0x000001b87f8e6700] Heap_lock - owner thread: 0x000001b81a765000

Heap address: 0x00000000a0000000, size: 1536 MB, Compressed Oops mode: 32-bit
Narrow klass base: 0x0000000000000000, Narrow klass shift: 3
Compressed class space size: 1073741824 Address: 0x0000000100000000

Heap:
 garbage-first heap   total 828416K, used 231936K [0x00000000a0000000, 0x0000000100000000)
  region size 1024K, 5 young (5120K), 5 survivors (5120K)
 Metaspace       used 75240K, capacity 76943K, committed 77184K, reserved 1116160K
  class space    used 9740K, capacity 10325K, committed 10368K, reserved 1048576K
Heap Regions: E=young(eden), S=young(survivor), O=old, HS=humongous(starts), HC=humongous(continues), CS=collection set, F=free, A=archive, TAMS=top-at-mark-start (previous, next)
|   0|0x00000000a0000000, 0x00000000a0100000, 0x00000000a0100000|100%|HS|  |TAMS 0x00000000a0100000, 0x00000000a0000000| Complete 
|   1|0x00000000a0100000, 0x00000000a0200000, 0x00000000a0200000|100%|HC|  |TAMS 0x00000000a0200000, 0x00000000a0100000| Complete 
|   2|0x00000000a0200000, 0x00000000a0300000, 0x00000000a0300000|100%|HS|  |TAMS 0x00000000a0300000, 0x00000000a0200000| Complete 
|   3|0x00000000a0300000, 0x00000000a0400000, 0x00000000a0400000|100%|HS|  |TAMS 0x00000000a0400000, 0x00000000a0300000| Complete 
|   4|0x00000000a0400000, 0x00000000a0500000, 0x00000000a0500000|100%|HC|  |TAMS 0x00000000a0500000, 0x00000000a0400000| Complete 
|   5|0x00000000a0500000, 0x00000000a0600000, 0x00000000a0600000|100%| O|  |TAMS 0x00000000a0600000, 0x00000000a0500000| Untracked 
|   6|0x00000000a0600000, 0x00000000a0700000, 0x00000000a0700000|100%| O|  |TAMS 0x00000000a0700000, 0x00000000a0600000| Untracked 
|   7|0x00000000a0700000, 0x00000000a0800000, 0x00000000a0800000|100%|HS|  |TAMS 0x00000000a0800000, 0x00000000a0700000| Complete 
|   8|0x00000000a0800000, 0x00000000a0900000, 0x00000000a0900000|100%|HC|  |TAMS 0x00000000a0900000, 0x00000000a0800000| Complete 
|   9|0x00000000a0900000, 0x00000000a0a00000, 0x00000000a0a00000|100%|HC|  |TAMS 0x00000000a0a00000, 0x00000000a0900000| Complete 
|  10|0x00000000a0a00000, 0x00000000a0b00000, 0x00000000a0b00000|100%|HS|  |TAMS 0x00000000a0b00000, 0x00000000a0a00000| Complete 
|  11|0x00000000a0b00000, 0x00000000a0c00000, 0x00000000a0c00000|100%|HC|  |TAMS 0x00000000a0c00000, 0x00000000a0b00000| Complete 
|  12|0x00000000a0c00000, 0x00000000a0d00000, 0x00000000a0d00000|100%|HC|  |TAMS 0x00000000a0d00000, 0x00000000a0c00000| Complete 
|  13|0x00000000a0d00000, 0x00000000a0e00000, 0x00000000a0e00000|100%|HC|  |TAMS 0x00000000a0e00000, 0x00000000a0d00000| Complete 
|  14|0x00000000a0e00000, 0x00000000a0f00000, 0x00000000a0f00000|100%|HC|  |TAMS 0x00000000a0f00000, 0x00000000a0e00000| Complete 
|  15|0x00000000a0f00000, 0x00000000a1000000, 0x00000000a1000000|100%| O|  |TAMS 0x00000000a1000000, 0x00000000a0f00000| Untracked 
|  16|0x00000000a1000000, 0x00000000a1100000, 0x00000000a1100000|100%| O|  |TAMS 0x00000000a1100000, 0x00000000a1000000| Untracked 
|  17|0x00000000a1100000, 0x00000000a1200000, 0x00000000a1200000|100%| O|  |TAMS 0x00000000a1200000, 0x00000000a1100000| Untracked 
|  18|0x00000000a1200000, 0x00000000a1300000, 0x00000000a1300000|100%| O|  |TAMS 0x00000000a1300000, 0x00000000a1200000| Untracked 
|  19|0x00000000a1300000, 0x00000000a1400000, 0x00000000a1400000|100%| O|  |TAMS 0x00000000a1400000, 0x00000000a1300000| Untracked 
|  20|0x00000000a1400000, 0x00000000a1500000, 0x00000000a1500000|100%| O|  |TAMS 0x00000000a1500000, 0x00000000a1400000| Untracked 
|  21|0x00000000a1500000, 0x00000000a1600000, 0x00000000a1600000|100%| O|  |TAMS 0x00000000a1600000, 0x00000000a1500000| Untracked 
|  22|0x00000000a1600000, 0x00000000a1700000, 0x00000000a1700000|100%| O|  |TAMS 0x00000000a1700000, 0x00000000a1600000| Untracked 
|  23|0x00000000a1700000, 0x00000000a1800000, 0x00000000a1800000|100%| O|  |TAMS 0x00000000a1800000, 0x00000000a1700000| Untracked 
|  24|0x00000000a1800000, 0x00000000a1900000, 0x00000000a1900000|100%| O|  |TAMS 0x00000000a1900000, 0x00000000a1800000| Untracked 
|  25|0x00000000a1900000, 0x00000000a1a00000, 0x00000000a1a00000|100%| O|  |TAMS 0x00000000a1a00000, 0x00000000a1900000| Untracked 
|  26|0x00000000a1a00000, 0x00000000a1b00000, 0x00000000a1b00000|100%| O|  |TAMS 0x00000000a1b00000, 0x00000000a1a00000| Untracked 
|  27|0x00000000a1b00000, 0x00000000a1c00000, 0x00000000a1c00000|100%| O|  |TAMS 0x00000000a1c00000, 0x00000000a1b00000| Untracked 
|  28|0x00000000a1c00000, 0x00000000a1d00000, 0x00000000a1d00000|100%| O|  |TAMS 0x00000000a1d00000, 0x00000000a1c00000| Untracked 
|  29|0x00000000a1d00000, 0x00000000a1e00000, 0x00000000a1e00000|100%|HS|  |TAMS 0x00000000a1e00000, 0x00000000a1d00000| Complete 
|  30|0x00000000a1e00000, 0x00000000a1f00000, 0x00000000a1f00000|100%|HC|  |TAMS 0x00000000a1f00000, 0x00000000a1e00000| Complete 
|  31|0x00000000a1f00000, 0x00000000a2000000, 0x00000000a2000000|100%| O|  |TAMS 0x00000000a2000000, 0x00000000a1f00000| Untracked 
|  32|0x00000000a2000000, 0x00000000a2100000, 0x00000000a2100000|100%| O|  |TAMS 0x00000000a2100000, 0x00000000a2000000| Untracked 
|  33|0x00000000a2100000, 0x00000000a2200000, 0x00000000a2200000|100%| O|  |TAMS 0x00000000a2200000, 0x00000000a2100000| Untracked 
|  34|0x00000000a2200000, 0x00000000a2300000, 0x00000000a2300000|100%| O|  |TAMS 0x00000000a2300000, 0x00000000a2200000| Untracked 
|  35|0x00000000a2300000, 0x00000000a2400000, 0x00000000a2400000|100%| O|  |TAMS 0x00000000a2400000, 0x00000000a2300000| Untracked 
|  36|0x00000000a2400000, 0x00000000a2500000, 0x00000000a2500000|100%| O|  |TAMS 0x00000000a2500000, 0x00000000a2400000| Untracked 
|  37|0x00000000a2500000, 0x00000000a2600000, 0x00000000a2600000|100%| O|  |TAMS 0x00000000a2600000, 0x00000000a2500000| Untracked 
|  38|0x00000000a2600000, 0x00000000a2700000, 0x00000000a2700000|100%| O|  |TAMS 0x00000000a2700000, 0x00000000a2600000| Untracked 
|  39|0x00000000a2700000, 0x00000000a2800000, 0x00000000a2800000|100%| O|  |TAMS 0x00000000a2800000, 0x00000000a2700000| Untracked 
|  40|0x00000000a2800000, 0x00000000a2900000, 0x00000000a2900000|100%| O|  |TAMS 0x00000000a2900000, 0x00000000a2800000| Untracked 
|  41|0x00000000a2900000, 0x00000000a2a00000, 0x00000000a2a00000|100%| O|  |TAMS 0x00000000a2a00000, 0x00000000a2900000| Untracked 
|  42|0x00000000a2a00000, 0x00000000a2b00000, 0x00000000a2b00000|100%| O|  |TAMS 0x00000000a2b00000, 0x00000000a2a00000| Untracked 
|  43|0x00000000a2b00000, 0x00000000a2c00000, 0x00000000a2c00000|100%| O|  |TAMS 0x00000000a2c00000, 0x00000000a2b00000| Untracked 
|  44|0x00000000a2c00000, 0x00000000a2d00000, 0x00000000a2d00000|100%| O|  |TAMS 0x00000000a2d00000, 0x00000000a2c00000| Untracked 
|  45|0x00000000a2d00000, 0x00000000a2e00000, 0x00000000a2e00000|100%| O|  |TAMS 0x00000000a2e00000, 0x00000000a2d00000| Untracked 
|  46|0x00000000a2e00000, 0x00000000a2f00000, 0x00000000a2f00000|100%| O|  |TAMS 0x00000000a2f00000, 0x00000000a2e00000| Untracked 
|  47|0x00000000a2f00000, 0x00000000a3000000, 0x00000000a3000000|100%| O|  |TAMS 0x00000000a3000000, 0x00000000a2f00000| Untracked 
|  48|0x00000000a3000000, 0x00000000a3100000, 0x00000000a3100000|100%| O|  |TAMS 0x00000000a3100000, 0x00000000a3000000| Untracked 
|  49|0x00000000a3100000, 0x00000000a3200000, 0x00000000a3200000|100%| O|  |TAMS 0x00000000a3200000, 0x00000000a3100000| Untracked 
|  50|0x00000000a3200000, 0x00000000a3300000, 0x00000000a3300000|100%| O|  |TAMS 0x00000000a3300000, 0x00000000a3200000| Untracked 
|  51|0x00000000a3300000, 0x00000000a3400000, 0x00000000a3400000|100%| O|  |TAMS 0x00000000a3400000, 0x00000000a3300000| Untracked 
|  52|0x00000000a3400000, 0x00000000a3500000, 0x00000000a3500000|100%| O|  |TAMS 0x00000000a3500000, 0x00000000a3400000| Untracked 
|  53|0x00000000a3500000, 0x00000000a3600000, 0x00000000a3600000|100%| O|  |TAMS 0x00000000a3600000, 0x00000000a3500000| Untracked 
|  54|0x00000000a3600000, 0x00000000a3700000, 0x00000000a3700000|100%| O|  |TAMS 0x00000000a3700000, 0x00000000a3600000| Untracked 
|  55|0x00000000a3700000, 0x00000000a3800000, 0x00000000a3800000|100%| O|  |TAMS 0x00000000a3800000, 0x00000000a3700000| Untracked 
|  56|0x00000000a3800000, 0x00000000a3900000, 0x00000000a3900000|100%| O|  |TAMS 0x00000000a3900000, 0x00000000a3800000| Untracked 
|  57|0x00000000a3900000, 0x00000000a3a00000, 0x00000000a3a00000|100%| O|  |TAMS 0x00000000a3a00000, 0x00000000a3900000| Untracked 
|  58|0x00000000a3a00000, 0x00000000a3b00000, 0x00000000a3b00000|100%| O|  |TAMS 0x00000000a3b00000, 0x00000000a3a00000| Untracked 
|  59|0x00000000a3b00000, 0x00000000a3c00000, 0x00000000a3c00000|100%| O|  |TAMS 0x00000000a3c00000, 0x00000000a3b00000| Untracked 
|  60|0x00000000a3c00000, 0x00000000a3d00000, 0x00000000a3d00000|100%| O|  |TAMS 0x00000000a3d00000, 0x00000000a3c00000| Untracked 
|  61|0x00000000a3d00000, 0x00000000a3e00000, 0x00000000a3e00000|100%| O|  |TAMS 0x00000000a3e00000, 0x00000000a3d00000| Untracked 
|  62|0x00000000a3e00000, 0x00000000a3f00000, 0x00000000a3f00000|100%| O|  |TAMS 0x00000000a3f00000, 0x00000000a3e00000| Untracked 
|  63|0x00000000a3f00000, 0x00000000a4000000, 0x00000000a4000000|100%| O|  |TAMS 0x00000000a4000000, 0x00000000a3f00000| Untracked 
|  64|0x00000000a4000000, 0x00000000a4100000, 0x00000000a4100000|100%| O|  |TAMS 0x00000000a4100000, 0x00000000a4000000| Untracked 
|  65|0x00000000a4100000, 0x00000000a4200000, 0x00000000a4200000|100%|HS|  |TAMS 0x00000000a4200000, 0x00000000a4100000| Complete 
|  66|0x00000000a4200000, 0x00000000a4300000, 0x00000000a4300000|100%|HS|  |TAMS 0x00000000a4300000, 0x00000000a4200000| Complete 
|  67|0x00000000a4300000, 0x00000000a4400000, 0x00000000a4400000|100%|HS|  |TAMS 0x00000000a4400000, 0x00000000a4300000| Complete 
|  68|0x00000000a4400000, 0x00000000a4500000, 0x00000000a4500000|100%|HS|  |TAMS 0x00000000a4500000, 0x00000000a4400000| Complete 
|  69|0x00000000a4500000, 0x00000000a4600000, 0x00000000a4600000|100%|HC|  |TAMS 0x00000000a4600000, 0x00000000a4500000| Complete 
|  70|0x00000000a4600000, 0x00000000a4700000, 0x00000000a4700000|100%|HS|  |TAMS 0x00000000a4700000, 0x00000000a4600000| Complete 
|  71|0x00000000a4700000, 0x00000000a4800000, 0x00000000a4800000|100%|HS|  |TAMS 0x00000000a4800000, 0x00000000a4700000| Complete 
|  72|0x00000000a4800000, 0x00000000a4900000, 0x00000000a4900000|100%|HS|  |TAMS 0x00000000a4900000, 0x00000000a4800000| Complete 
|  73|0x00000000a4900000, 0x00000000a4a00000, 0x00000000a4a00000|100%|HS|  |TAMS 0x00000000a4a00000, 0x00000000a4900000| Complete 
|  74|0x00000000a4a00000, 0x00000000a4b00000, 0x00000000a4b00000|100%|HC|  |TAMS 0x00000000a4b00000, 0x00000000a4a00000| Complete 
|  75|0x00000000a4b00000, 0x00000000a4c00000, 0x00000000a4c00000|100%|HC|  |TAMS 0x00000000a4c00000, 0x00000000a4b00000| Complete 
|  76|0x00000000a4c00000, 0x00000000a4d00000, 0x00000000a4d00000|100%| O|  |TAMS 0x00000000a4d00000, 0x00000000a4c00000| Untracked 
|  77|0x00000000a4d00000, 0x00000000a4e00000, 0x00000000a4e00000|100%| O|  |TAMS 0x00000000a4e00000, 0x00000000a4d00000| Untracked 
|  78|0x00000000a4e00000, 0x00000000a4f00000, 0x00000000a4f00000|100%| O|  |TAMS 0x00000000a4f00000, 0x00000000a4e00000| Untracked 
|  79|0x00000000a4f00000, 0x00000000a5000000, 0x00000000a5000000|100%| O|  |TAMS 0x00000000a5000000, 0x00000000a4f00000| Untracked 
|  80|0x00000000a5000000, 0x00000000a5100000, 0x00000000a5100000|100%| O|  |TAMS 0x00000000a5100000, 0x00000000a5000000| Untracked 
|  81|0x00000000a5100000, 0x00000000a5200000, 0x00000000a5200000|100%| O|  |TAMS 0x00000000a5200000, 0x00000000a5100000| Untracked 
|  82|0x00000000a5200000, 0x00000000a5300000, 0x00000000a5300000|100%| O|  |TAMS 0x00000000a5300000, 0x00000000a5200000| Untracked 
|  83|0x00000000a5300000, 0x00000000a5400000, 0x00000000a5400000|100%| O|  |TAMS 0x00000000a5400000, 0x00000000a5300000| Untracked 
|  84|0x00000000a5400000, 0x00000000a5500000, 0x00000000a5500000|100%| O|  |TAMS 0x00000000a5500000, 0x00000000a5400000| Untracked 
|  85|0x00000000a5500000, 0x00000000a5600000, 0x00000000a5600000|100%| O|  |TAMS 0x00000000a5600000, 0x00000000a5500000| Untracked 
|  86|0x00000000a5600000, 0x00000000a5700000, 0x00000000a5700000|100%|HS|  |TAMS 0x00000000a5700000, 0x00000000a5600000| Complete 
|  87|0x00000000a5700000, 0x00000000a5800000, 0x00000000a5800000|100%| O|  |TAMS 0x00000000a5800000, 0x00000000a5700000| Untracked 
|  88|0x00000000a5800000, 0x00000000a5900000, 0x00000000a5900000|100%|HS|  |TAMS 0x00000000a5900000, 0x00000000a5800000| Complete 
|  89|0x00000000a5900000, 0x00000000a5a00000, 0x00000000a5a00000|100%| O|  |TAMS 0x00000000a5a00000, 0x00000000a5900000| Untracked 
|  90|0x00000000a5a00000, 0x00000000a5b00000, 0x00000000a5b00000|100%|HS|  |TAMS 0x00000000a5b00000, 0x00000000a5a00000| Complete 
|  91|0x00000000a5b00000, 0x00000000a5c00000, 0x00000000a5c00000|100%| O|  |TAMS 0x00000000a5c00000, 0x00000000a5b00000| Untracked 
|  92|0x00000000a5c00000, 0x00000000a5d00000, 0x00000000a5d00000|100%| O|  |TAMS 0x00000000a5d00000, 0x00000000a5c00000| Untracked 
|  93|0x00000000a5d00000, 0x00000000a5e00000, 0x00000000a5e00000|100%| O|  |TAMS 0x00000000a5e00000, 0x00000000a5d00000| Untracked 
|  94|0x00000000a5e00000, 0x00000000a5f00000, 0x00000000a5f00000|100%| O|  |TAMS 0x00000000a5f00000, 0x00000000a5e00000| Untracked 
|  95|0x00000000a5f00000, 0x00000000a6000000, 0x00000000a6000000|100%| O|  |TAMS 0x00000000a6000000, 0x00000000a5f00000| Untracked 
|  96|0x00000000a6000000, 0x00000000a6100000, 0x00000000a6100000|100%| O|  |TAMS 0x00000000a6100000, 0x00000000a6000000| Untracked 
|  97|0x00000000a6100000, 0x00000000a6200000, 0x00000000a6200000|100%| O|  |TAMS 0x00000000a6200000, 0x00000000a6100000| Untracked 
|  98|0x00000000a6200000, 0x00000000a6300000, 0x00000000a6300000|100%|HS|  |TAMS 0x00000000a6300000, 0x00000000a6200000| Complete 
|  99|0x00000000a6300000, 0x00000000a6400000, 0x00000000a6400000|100%|HC|  |TAMS 0x00000000a6400000, 0x00000000a6300000| Complete 
| 100|0x00000000a6400000, 0x00000000a6500000, 0x00000000a6500000|100%| O|  |TAMS 0x00000000a6500000, 0x00000000a6400000| Untracked 
| 101|0x00000000a6500000, 0x00000000a6600000, 0x00000000a6600000|100%|HS|  |TAMS 0x00000000a6600000, 0x00000000a6500000| Complete 
| 102|0x00000000a6600000, 0x00000000a6700000, 0x00000000a6700000|100%| O|  |TAMS 0x00000000a6700000, 0x00000000a6600000| Untracked 
| 103|0x00000000a6700000, 0x00000000a6800000, 0x00000000a6800000|100%|HS|  |TAMS 0x00000000a6800000, 0x00000000a6700000| Complete 
| 104|0x00000000a6800000, 0x00000000a6900000, 0x00000000a6900000|100%| O|  |TAMS 0x00000000a6900000, 0x00000000a6800000| Untracked 
| 105|0x00000000a6900000, 0x00000000a6a00000, 0x00000000a6a00000|100%|HS|  |TAMS 0x00000000a6a00000, 0x00000000a6900000| Complete 
| 106|0x00000000a6a00000, 0x00000000a6b00000, 0x00000000a6b00000|100%| O|  |TAMS 0x00000000a6b00000, 0x00000000a6a00000| Untracked 
| 107|0x00000000a6b00000, 0x00000000a6c00000, 0x00000000a6c00000|100%| O|  |TAMS 0x00000000a6c00000, 0x00000000a6b00000| Untracked 
| 108|0x00000000a6c00000, 0x00000000a6d00000, 0x00000000a6d00000|100%| O|  |TAMS 0x00000000a6d00000, 0x00000000a6c00000| Untracked 
| 109|0x00000000a6d00000, 0x00000000a6e00000, 0x00000000a6e00000|100%|HS|  |TAMS 0x00000000a6e00000, 0x00000000a6d00000| Complete 
| 110|0x00000000a6e00000, 0x00000000a6f00000, 0x00000000a6f00000|100%|HC|  |TAMS 0x00000000a6f00000, 0x00000000a6e00000| Complete 
| 111|0x00000000a6f00000, 0x00000000a7000000, 0x00000000a7000000|100%|HC|  |TAMS 0x00000000a7000000, 0x00000000a6f00000| Complete 
| 112|0x00000000a7000000, 0x00000000a7100000, 0x00000000a7100000|100%| O|  |TAMS 0x00000000a7100000, 0x00000000a7000000| Untracked 
| 113|0x00000000a7100000, 0x00000000a7200000, 0x00000000a7200000|100%| O|  |TAMS 0x00000000a7200000, 0x00000000a7100000| Untracked 
| 114|0x00000000a7200000, 0x00000000a7300000, 0x00000000a7300000|100%|HS|  |TAMS 0x00000000a7300000, 0x00000000a7200000| Complete 
| 115|0x00000000a7300000, 0x00000000a7400000, 0x00000000a7400000|100%|HS|  |TAMS 0x00000000a7400000, 0x00000000a7300000| Complete 
| 116|0x00000000a7400000, 0x00000000a7500000, 0x00000000a7500000|100%| O|  |TAMS 0x00000000a7500000, 0x00000000a7400000| Untracked 
| 117|0x00000000a7500000, 0x00000000a7600000, 0x00000000a7600000|100%| O|  |TAMS 0x00000000a7600000, 0x00000000a7500000| Untracked 
| 118|0x00000000a7600000, 0x00000000a7700000, 0x00000000a7700000|100%| O|  |TAMS 0x00000000a7700000, 0x00000000a7600000| Untracked 
| 119|0x00000000a7700000, 0x00000000a7800000, 0x00000000a7800000|100%| O|  |TAMS 0x00000000a7800000, 0x00000000a7700000| Untracked 
| 120|0x00000000a7800000, 0x00000000a7900000, 0x00000000a7900000|100%| O|  |TAMS 0x00000000a7900000, 0x00000000a7800000| Untracked 
| 121|0x00000000a7900000, 0x00000000a7a00000, 0x00000000a7a00000|100%| O|  |TAMS 0x00000000a7a00000, 0x00000000a7900000| Untracked 
| 122|0x00000000a7a00000, 0x00000000a7b00000, 0x00000000a7b00000|100%| O|  |TAMS 0x00000000a7b00000, 0x00000000a7a00000| Untracked 
| 123|0x00000000a7b00000, 0x00000000a7c00000, 0x00000000a7c00000|100%| O|  |TAMS 0x00000000a7c00000, 0x00000000a7b00000| Untracked 
| 124|0x00000000a7c00000, 0x00000000a7d00000, 0x00000000a7d00000|100%| O|  |TAMS 0x00000000a7d00000, 0x00000000a7c00000| Untracked 
| 125|0x00000000a7d00000, 0x00000000a7e00000, 0x00000000a7e00000|100%| O|  |TAMS 0x00000000a7e00000, 0x00000000a7d00000| Untracked 
| 126|0x00000000a7e00000, 0x00000000a7f00000, 0x00000000a7f00000|100%| O|  |TAMS 0x00000000a7f00000, 0x00000000a7e00000| Untracked 
| 127|0x00000000a7f00000, 0x00000000a8000000, 0x00000000a8000000|100%| O|  |TAMS 0x00000000a8000000, 0x00000000a7f00000| Untracked 
| 128|0x00000000a8000000, 0x00000000a8100000, 0x00000000a8100000|100%| O|  |TAMS 0x00000000a8100000, 0x00000000a8000000| Untracked 
| 129|0x00000000a8100000, 0x00000000a8200000, 0x00000000a8200000|100%| O|  |TAMS 0x00000000a8200000, 0x00000000a8100000| Untracked 
| 130|0x00000000a8200000, 0x00000000a8300000, 0x00000000a8300000|100%| O|  |TAMS 0x00000000a8300000, 0x00000000a8200000| Untracked 
| 131|0x00000000a8300000, 0x00000000a8400000, 0x00000000a8400000|100%| O|  |TAMS 0x00000000a8400000, 0x00000000a8300000| Untracked 
| 132|0x00000000a8400000, 0x00000000a8500000, 0x00000000a8500000|100%| O|  |TAMS 0x00000000a8500000, 0x00000000a8400000| Untracked 
| 133|0x00000000a8500000, 0x00000000a8600000, 0x00000000a8600000|100%| O|  |TAMS 0x00000000a8600000, 0x00000000a8500000| Untracked 
| 134|0x00000000a8600000, 0x00000000a8700000, 0x00000000a8700000|100%| O|  |TAMS 0x00000000a8700000, 0x00000000a8600000| Untracked 
| 135|0x00000000a8700000, 0x00000000a8800000, 0x00000000a8800000|100%| O|  |TAMS 0x00000000a8800000, 0x00000000a8700000| Untracked 
| 136|0x00000000a8800000, 0x00000000a8900000, 0x00000000a8900000|100%| O|  |TAMS 0x00000000a8900000, 0x00000000a8800000| Untracked 
| 137|0x00000000a8900000, 0x00000000a8a00000, 0x00000000a8a00000|100%| O|  |TAMS 0x00000000a8a00000, 0x00000000a8900000| Untracked 
| 138|0x00000000a8a00000, 0x00000000a8b00000, 0x00000000a8b00000|100%| O|  |TAMS 0x00000000a8b00000, 0x00000000a8a00000| Untracked 
| 139|0x00000000a8b00000, 0x00000000a8c00000, 0x00000000a8c00000|100%| O|  |TAMS 0x00000000a8c00000, 0x00000000a8b00000| Untracked 
| 140|0x00000000a8c00000, 0x00000000a8d00000, 0x00000000a8d00000|100%| O|  |TAMS 0x00000000a8d00000, 0x00000000a8c00000| Untracked 
| 141|0x00000000a8d00000, 0x00000000a8e00000, 0x00000000a8e00000|100%| O|  |TAMS 0x00000000a8e00000, 0x00000000a8d00000| Untracked 
| 142|0x00000000a8e00000, 0x00000000a8f00000, 0x00000000a8f00000|100%| O|  |TAMS 0x00000000a8f00000, 0x00000000a8e00000| Untracked 
| 143|0x00000000a8f00000, 0x00000000a9000000, 0x00000000a9000000|100%| O|  |TAMS 0x00000000a9000000, 0x00000000a8f00000| Untracked 
| 144|0x00000000a9000000, 0x00000000a9100000, 0x00000000a9100000|100%| O|  |TAMS 0x00000000a9100000, 0x00000000a9000000| Untracked 
| 145|0x00000000a9100000, 0x00000000a9200000, 0x00000000a9200000|100%| O|  |TAMS 0x00000000a9200000, 0x00000000a9100000| Untracked 
| 146|0x00000000a9200000, 0x00000000a9300000, 0x00000000a9300000|100%| O|  |TAMS 0x00000000a9300000, 0x00000000a9200000| Untracked 
| 147|0x00000000a9300000, 0x00000000a9400000, 0x00000000a9400000|100%| O|  |TAMS 0x00000000a9400000, 0x00000000a9300000| Untracked 
| 148|0x00000000a9400000, 0x00000000a9500000, 0x00000000a9500000|100%| O|  |TAMS 0x00000000a9500000, 0x00000000a9400000| Untracked 
| 149|0x00000000a9500000, 0x00000000a9600000, 0x00000000a9600000|100%| O|  |TAMS 0x00000000a9600000, 0x00000000a9500000| Untracked 
| 150|0x00000000a9600000, 0x00000000a9700000, 0x00000000a9700000|100%| O|  |TAMS 0x00000000a9700000, 0x00000000a9600000| Untracked 
| 151|0x00000000a9700000, 0x00000000a9800000, 0x00000000a9800000|100%| O|  |TAMS 0x00000000a9800000, 0x00000000a9700000| Untracked 
| 152|0x00000000a9800000, 0x00000000a9900000, 0x00000000a9900000|100%| O|  |TAMS 0x00000000a9900000, 0x00000000a9800000| Untracked 
| 153|0x00000000a9900000, 0x00000000a9a00000, 0x00000000a9a00000|100%| O|  |TAMS 0x00000000a9a00000, 0x00000000a9900000| Untracked 
| 154|0x00000000a9a00000, 0x00000000a9b00000, 0x00000000a9b00000|100%| O|  |TAMS 0x00000000a9b00000, 0x00000000a9a00000| Untracked 
| 155|0x00000000a9b00000, 0x00000000a9c00000, 0x00000000a9c00000|100%| O|  |TAMS 0x00000000a9c00000, 0x00000000a9b00000| Untracked 
| 156|0x00000000a9c00000, 0x00000000a9d00000, 0x00000000a9d00000|100%| O|  |TAMS 0x00000000a9d00000, 0x00000000a9c00000| Untracked 
| 157|0x00000000a9d00000, 0x00000000a9e00000, 0x00000000a9e00000|100%| O|  |TAMS 0x00000000a9e00000, 0x00000000a9d00000| Untracked 
| 158|0x00000000a9e00000, 0x00000000a9f00000, 0x00000000a9f00000|100%| O|  |TAMS 0x00000000a9f00000, 0x00000000a9e00000| Untracked 
| 159|0x00000000a9f00000, 0x00000000aa000000, 0x00000000aa000000|100%| O|  |TAMS 0x00000000aa000000, 0x00000000a9f00000| Untracked 
| 160|0x00000000aa000000, 0x00000000aa100000, 0x00000000aa100000|100%| O|  |TAMS 0x00000000aa100000, 0x00000000aa000000| Untracked 
| 161|0x00000000aa100000, 0x00000000aa200000, 0x00000000aa200000|100%| O|  |TAMS 0x00000000aa200000, 0x00000000aa100000| Untracked 
| 162|0x00000000aa200000, 0x00000000aa300000, 0x00000000aa300000|100%| O|  |TAMS 0x00000000aa300000, 0x00000000aa200000| Untracked 
| 163|0x00000000aa300000, 0x00000000aa400000, 0x00000000aa400000|100%| O|  |TAMS 0x00000000aa400000, 0x00000000aa300000| Untracked 
| 164|0x00000000aa400000, 0x00000000aa500000, 0x00000000aa500000|100%| O|  |TAMS 0x00000000aa500000, 0x00000000aa400000| Untracked 
| 165|0x00000000aa500000, 0x00000000aa600000, 0x00000000aa600000|100%| O|  |TAMS 0x00000000aa600000, 0x00000000aa500000| Untracked 
| 166|0x00000000aa600000, 0x00000000aa700000, 0x00000000aa700000|100%| O|  |TAMS 0x00000000aa700000, 0x00000000aa600000| Untracked 
| 167|0x00000000aa700000, 0x00000000aa800000, 0x00000000aa800000|100%| O|  |TAMS 0x00000000aa800000, 0x00000000aa700000| Untracked 
| 168|0x00000000aa800000, 0x00000000aa900000, 0x00000000aa900000|100%| O|  |TAMS 0x00000000aa900000, 0x00000000aa800000| Untracked 
| 169|0x00000000aa900000, 0x00000000aaa00000, 0x00000000aaa00000|100%| O|  |TAMS 0x00000000aaa00000, 0x00000000aa900000| Untracked 
| 170|0x00000000aaa00000, 0x00000000aab00000, 0x00000000aab00000|100%| O|  |TAMS 0x00000000aab00000, 0x00000000aaa00000| Untracked 
| 171|0x00000000aab00000, 0x00000000aac00000, 0x00000000aac00000|100%| O|  |TAMS 0x00000000aac00000, 0x00000000aab00000| Untracked 
| 172|0x00000000aac00000, 0x00000000aad00000, 0x00000000aad00000|100%| O|  |TAMS 0x00000000aad00000, 0x00000000aac00000| Untracked 
| 173|0x00000000aad00000, 0x00000000aae00000, 0x00000000aae00000|100%| O|  |TAMS 0x00000000aae00000, 0x00000000aad00000| Untracked 
| 174|0x00000000aae00000, 0x00000000aaf00000, 0x00000000aaf00000|100%| O|  |TAMS 0x00000000aaf00000, 0x00000000aae00000| Untracked 
| 175|0x00000000aaf00000, 0x00000000ab000000, 0x00000000ab000000|100%| O|  |TAMS 0x00000000ab000000, 0x00000000aaf00000| Untracked 
| 176|0x00000000ab000000, 0x00000000ab100000, 0x00000000ab100000|100%| O|  |TAMS 0x00000000ab100000, 0x00000000ab000000| Untracked 
| 177|0x00000000ab100000, 0x00000000ab200000, 0x00000000ab200000|100%| O|  |TAMS 0x00000000ab200000, 0x00000000ab100000| Untracked 
| 178|0x00000000ab200000, 0x00000000ab300000, 0x00000000ab300000|100%| O|  |TAMS 0x00000000ab300000, 0x00000000ab200000| Untracked 
| 179|0x00000000ab300000, 0x00000000ab400000, 0x00000000ab400000|100%| O|  |TAMS 0x00000000ab400000, 0x00000000ab300000| Untracked 
| 180|0x00000000ab400000, 0x00000000ab500000, 0x00000000ab500000|100%| O|  |TAMS 0x00000000ab4a6e00, 0x00000000ab400000| Untracked 
| 181|0x00000000ab500000, 0x00000000ab600000, 0x00000000ab600000|100%| O|  |TAMS 0x00000000ab500000, 0x00000000ab500000| Untracked 
| 182|0x00000000ab600000, 0x00000000ab700000, 0x00000000ab700000|100%| O|  |TAMS 0x00000000ab600000, 0x00000000ab600000| Untracked 
| 183|0x00000000ab700000, 0x00000000ab800000, 0x00000000ab800000|100%| O|  |TAMS 0x00000000ab700000, 0x00000000ab700000| Untracked 
| 184|0x00000000ab800000, 0x00000000ab900000, 0x00000000ab900000|100%| O|  |TAMS 0x00000000ab800000, 0x00000000ab800000| Untracked 
| 185|0x00000000ab900000, 0x00000000aba00000, 0x00000000aba00000|100%| O|  |TAMS 0x00000000ab900000, 0x00000000ab900000| Untracked 
| 186|0x00000000aba00000, 0x00000000abb00000, 0x00000000abb00000|100%| O|  |TAMS 0x00000000aba00000, 0x00000000aba00000| Untracked 
| 187|0x00000000abb00000, 0x00000000abc00000, 0x00000000abc00000|100%| O|  |TAMS 0x00000000abb00000, 0x00000000abb00000| Untracked 
| 188|0x00000000abc00000, 0x00000000abd00000, 0x00000000abd00000|100%| O|  |TAMS 0x00000000abc00000, 0x00000000abc00000| Untracked 
| 189|0x00000000abd00000, 0x00000000abe00000, 0x00000000abe00000|100%| O|  |TAMS 0x00000000abd00000, 0x00000000abd00000| Untracked 
| 190|0x00000000abe00000, 0x00000000abf00000, 0x00000000abf00000|100%| O|  |TAMS 0x00000000abe00000, 0x00000000abe00000| Untracked 
| 191|0x00000000abf00000, 0x00000000ac000000, 0x00000000ac000000|100%| O|  |TAMS 0x00000000abf00000, 0x00000000abf00000| Untracked 
| 192|0x00000000ac000000, 0x00000000ac100000, 0x00000000ac100000|100%| O|  |TAMS 0x00000000ac000000, 0x00000000ac000000| Untracked 
| 193|0x00000000ac100000, 0x00000000ac200000, 0x00000000ac200000|100%| O|  |TAMS 0x00000000ac100000, 0x00000000ac100000| Untracked 
| 194|0x00000000ac200000, 0x00000000ac300000, 0x00000000ac300000|100%| O|  |TAMS 0x00000000ac200000, 0x00000000ac200000| Untracked 
| 195|0x00000000ac300000, 0x00000000ac400000, 0x00000000ac400000|100%| O|  |TAMS 0x00000000ac300000, 0x00000000ac300000| Untracked 
| 196|0x00000000ac400000, 0x00000000ac500000, 0x00000000ac500000|100%| O|  |TAMS 0x00000000ac400000, 0x00000000ac400000| Untracked 
| 197|0x00000000ac500000, 0x00000000ac600000, 0x00000000ac600000|100%| O|  |TAMS 0x00000000ac500000, 0x00000000ac500000| Untracked 
| 198|0x00000000ac600000, 0x00000000ac700000, 0x00000000ac700000|100%| O|  |TAMS 0x00000000ac600000, 0x00000000ac600000| Untracked 
| 199|0x00000000ac700000, 0x00000000ac800000, 0x00000000ac800000|100%| O|  |TAMS 0x00000000ac700000, 0x00000000ac700000| Untracked 
| 200|0x00000000ac800000, 0x00000000ac900000, 0x00000000ac900000|100%| O|  |TAMS 0x00000000ac800000, 0x00000000ac800000| Untracked 
| 201|0x00000000ac900000, 0x00000000aca00000, 0x00000000aca00000|100%| O|  |TAMS 0x00000000ac900000, 0x00000000ac900000| Untracked 
| 202|0x00000000aca00000, 0x00000000acb00000, 0x00000000acb00000|100%| O|  |TAMS 0x00000000aca00000, 0x00000000aca00000| Untracked 
| 203|0x00000000acb00000, 0x00000000acc00000, 0x00000000acc00000|100%| O|  |TAMS 0x00000000acb00000, 0x00000000acb00000| Untracked 
| 204|0x00000000acc00000, 0x00000000acd00000, 0x00000000acd00000|100%| O|  |TAMS 0x00000000acc00000, 0x00000000acc00000| Untracked 
| 205|0x00000000acd00000, 0x00000000ace00000, 0x00000000ace00000|100%| O|  |TAMS 0x00000000acd00000, 0x00000000acd00000| Untracked 
| 206|0x00000000ace00000, 0x00000000acf00000, 0x00000000acf00000|100%| O|  |TAMS 0x00000000ace00000, 0x00000000ace00000| Untracked 
| 207|0x00000000acf00000, 0x00000000ad000000, 0x00000000ad000000|100%| O|  |TAMS 0x00000000acf00000, 0x00000000acf00000| Untracked 
| 208|0x00000000ad000000, 0x00000000ad100000, 0x00000000ad100000|100%| O|  |TAMS 0x00000000ad000000, 0x00000000ad000000| Untracked 
| 209|0x00000000ad100000, 0x00000000ad200000, 0x00000000ad200000|100%| O|  |TAMS 0x00000000ad100000, 0x00000000ad100000| Untracked 
| 210|0x00000000ad200000, 0x00000000ad300000, 0x00000000ad300000|100%| O|  |TAMS 0x00000000ad200000, 0x00000000ad200000| Untracked 
| 211|0x00000000ad300000, 0x00000000ad400000, 0x00000000ad400000|100%| O|  |TAMS 0x00000000ad300000, 0x00000000ad300000| Untracked 
| 212|0x00000000ad400000, 0x00000000ad500000, 0x00000000ad500000|100%| O|  |TAMS 0x00000000ad400000, 0x00000000ad400000| Untracked 
| 213|0x00000000ad500000, 0x00000000ad600000, 0x00000000ad600000|100%| O|  |TAMS 0x00000000ad500000, 0x00000000ad500000| Untracked 
| 214|0x00000000ad600000, 0x00000000ad700000, 0x00000000ad700000|100%| O|  |TAMS 0x00000000ad600000, 0x00000000ad600000| Untracked 
| 215|0x00000000ad700000, 0x00000000ad800000, 0x00000000ad800000|100%| O|  |TAMS 0x00000000ad700000, 0x00000000ad700000| Untracked 
| 216|0x00000000ad800000, 0x00000000ad900000, 0x00000000ad900000|100%| O|  |TAMS 0x00000000ad800000, 0x00000000ad800000| Untracked 
| 217|0x00000000ad900000, 0x00000000ada00000, 0x00000000ada00000|100%| O|  |TAMS 0x00000000ad900000, 0x00000000ad900000| Untracked 
| 218|0x00000000ada00000, 0x00000000adb00000, 0x00000000adb00000|100%| O|  |TAMS 0x00000000ada00000, 0x00000000ada00000| Untracked 
| 219|0x00000000adb00000, 0x00000000adc00000, 0x00000000adc00000|100%| O|  |TAMS 0x00000000adb00000, 0x00000000adb00000| Untracked 
| 220|0x00000000adc00000, 0x00000000add00000, 0x00000000add00000|100%| O|  |TAMS 0x00000000adc00000, 0x00000000adc00000| Untracked 
| 221|0x00000000add00000, 0x00000000add80000, 0x00000000ade00000| 50%| O|  |TAMS 0x00000000add00000, 0x00000000add00000| Untracked 
| 222|0x00000000ade00000, 0x00000000ade00000, 0x00000000adf00000|  0%| F|  |TAMS 0x00000000ade00000, 0x00000000ade00000| Untracked 
| 223|0x00000000adf00000, 0x00000000adf00000, 0x00000000ae000000|  0%| F|  |TAMS 0x00000000adf00000, 0x00000000adf00000| Untracked 
| 224|0x00000000ae000000, 0x00000000ae000000, 0x00000000ae100000|  0%| F|  |TAMS 0x00000000ae000000, 0x00000000ae000000| Untracked 
| 225|0x00000000ae100000, 0x00000000ae100000, 0x00000000ae200000|  0%| F|  |TAMS 0x00000000ae100000, 0x00000000ae100000| Untracked 
| 226|0x00000000ae200000, 0x00000000ae200000, 0x00000000ae300000|  0%| F|  |TAMS 0x00000000ae200000, 0x00000000ae200000| Untracked 
| 227|0x00000000ae300000, 0x00000000ae300000, 0x00000000ae400000|  0%| F|  |TAMS 0x00000000ae300000, 0x00000000ae300000| Untracked 
| 228|0x00000000ae400000, 0x00000000ae400000, 0x00000000ae500000|  0%| F|  |TAMS 0x00000000ae400000, 0x00000000ae400000| Untracked 
| 229|0x00000000ae500000, 0x00000000ae500000, 0x00000000ae600000|  0%| F|  |TAMS 0x00000000ae500000, 0x00000000ae500000| Untracked 
| 230|0x00000000ae600000, 0x00000000ae600000, 0x00000000ae700000|  0%| F|  |TAMS 0x00000000ae600000, 0x00000000ae600000| Untracked 
| 231|0x00000000ae700000, 0x00000000ae700000, 0x00000000ae800000|  0%| F|  |TAMS 0x00000000ae700000, 0x00000000ae700000| Untracked 
| 232|0x00000000ae800000, 0x00000000ae800000, 0x00000000ae900000|  0%| F|  |TAMS 0x00000000ae800000, 0x00000000ae800000| Untracked 
| 233|0x00000000ae900000, 0x00000000ae900000, 0x00000000aea00000|  0%| F|  |TAMS 0x00000000ae900000, 0x00000000ae900000| Untracked 
| 234|0x00000000aea00000, 0x00000000aea00000, 0x00000000aeb00000|  0%| F|  |TAMS 0x00000000aea00000, 0x00000000aea00000| Untracked 
| 235|0x00000000aeb00000, 0x00000000aeb00000, 0x00000000aec00000|  0%| F|  |TAMS 0x00000000aeb00000, 0x00000000aeb00000| Untracked 
| 236|0x00000000aec00000, 0x00000000aec00000, 0x00000000aed00000|  0%| F|  |TAMS 0x00000000aec00000, 0x00000000aec00000| Untracked 
| 237|0x00000000aed00000, 0x00000000aed00000, 0x00000000aee00000|  0%| F|  |TAMS 0x00000000aed00000, 0x00000000aed00000| Untracked 
| 238|0x00000000aee00000, 0x00000000aee00000, 0x00000000aef00000|  0%| F|  |TAMS 0x00000000aee00000, 0x00000000aee00000| Untracked 
| 239|0x00000000aef00000, 0x00000000aef00000, 0x00000000af000000|  0%| F|  |TAMS 0x00000000aef00000, 0x00000000aef00000| Untracked 
| 240|0x00000000af000000, 0x00000000af000000, 0x00000000af100000|  0%| F|  |TAMS 0x00000000af000000, 0x00000000af000000| Untracked 
| 241|0x00000000af100000, 0x00000000af100000, 0x00000000af200000|  0%| F|  |TAMS 0x00000000af100000, 0x00000000af100000| Untracked 
| 242|0x00000000af200000, 0x00000000af200000, 0x00000000af300000|  0%| F|  |TAMS 0x00000000af200000, 0x00000000af200000| Untracked 
| 243|0x00000000af300000, 0x00000000af300000, 0x00000000af400000|  0%| F|  |TAMS 0x00000000af300000, 0x00000000af300000| Untracked 
| 244|0x00000000af400000, 0x00000000af400000, 0x00000000af500000|  0%| F|  |TAMS 0x00000000af400000, 0x00000000af400000| Untracked 
| 245|0x00000000af500000, 0x00000000af500000, 0x00000000af600000|  0%| F|  |TAMS 0x00000000af500000, 0x00000000af500000| Untracked 
| 246|0x00000000af600000, 0x00000000af600000, 0x00000000af700000|  0%| F|  |TAMS 0x00000000af600000, 0x00000000af600000| Untracked 
| 247|0x00000000af700000, 0x00000000af700000, 0x00000000af800000|  0%| F|  |TAMS 0x00000000af700000, 0x00000000af700000| Untracked 
| 248|0x00000000af800000, 0x00000000af800000, 0x00000000af900000|  0%| F|  |TAMS 0x00000000af800000, 0x00000000af800000| Untracked 
| 249|0x00000000af900000, 0x00000000af900000, 0x00000000afa00000|  0%| F|  |TAMS 0x00000000af900000, 0x00000000af900000| Untracked 
| 250|0x00000000afa00000, 0x00000000afa00000, 0x00000000afb00000|  0%| F|  |TAMS 0x00000000afa00000, 0x00000000afa00000| Untracked 
| 251|0x00000000afb00000, 0x00000000afb00000, 0x00000000afc00000|  0%| F|  |TAMS 0x00000000afb00000, 0x00000000afb00000| Untracked 
| 252|0x00000000afc00000, 0x00000000afc00000, 0x00000000afd00000|  0%| F|  |TAMS 0x00000000afc00000, 0x00000000afc00000| Untracked 
| 253|0x00000000afd00000, 0x00000000afd00000, 0x00000000afe00000|  0%| F|  |TAMS 0x00000000afd00000, 0x00000000afd00000| Untracked 
| 254|0x00000000afe00000, 0x00000000afe00000, 0x00000000aff00000|  0%| F|  |TAMS 0x00000000afe00000, 0x00000000afe00000| Untracked 
| 255|0x00000000aff00000, 0x00000000aff00000, 0x00000000b0000000|  0%| F|  |TAMS 0x00000000aff00000, 0x00000000aff00000| Untracked 
| 256|0x00000000b0000000, 0x00000000b0000000, 0x00000000b0100000|  0%| F|  |TAMS 0x00000000b0000000, 0x00000000b0000000| Untracked 
| 257|0x00000000b0100000, 0x00000000b0100000, 0x00000000b0200000|  0%| F|  |TAMS 0x00000000b0100000, 0x00000000b0100000| Untracked 
| 258|0x00000000b0200000, 0x00000000b0200000, 0x00000000b0300000|  0%| F|  |TAMS 0x00000000b0200000, 0x00000000b0200000| Untracked 
| 259|0x00000000b0300000, 0x00000000b0300000, 0x00000000b0400000|  0%| F|  |TAMS 0x00000000b0300000, 0x00000000b0300000| Untracked 
| 260|0x00000000b0400000, 0x00000000b0400000, 0x00000000b0500000|  0%| F|  |TAMS 0x00000000b0400000, 0x00000000b0400000| Untracked 
| 261|0x00000000b0500000, 0x00000000b0500000, 0x00000000b0600000|  0%| F|  |TAMS 0x00000000b0500000, 0x00000000b0500000| Untracked 
| 262|0x00000000b0600000, 0x00000000b0600000, 0x00000000b0700000|  0%| F|  |TAMS 0x00000000b0600000, 0x00000000b0600000| Untracked 
| 263|0x00000000b0700000, 0x00000000b0700000, 0x00000000b0800000|  0%| F|  |TAMS 0x00000000b0700000, 0x00000000b0700000| Untracked 
| 264|0x00000000b0800000, 0x00000000b0800000, 0x00000000b0900000|  0%| F|  |TAMS 0x00000000b0800000, 0x00000000b0800000| Untracked 
| 265|0x00000000b0900000, 0x00000000b0900000, 0x00000000b0a00000|  0%| F|  |TAMS 0x00000000b0900000, 0x00000000b0900000| Untracked 
| 266|0x00000000b0a00000, 0x00000000b0a00000, 0x00000000b0b00000|  0%| F|  |TAMS 0x00000000b0a00000, 0x00000000b0a00000| Untracked 
| 267|0x00000000b0b00000, 0x00000000b0b00000, 0x00000000b0c00000|  0%| F|  |TAMS 0x00000000b0b00000, 0x00000000b0b00000| Untracked 
| 268|0x00000000b0c00000, 0x00000000b0c00000, 0x00000000b0d00000|  0%| F|  |TAMS 0x00000000b0c00000, 0x00000000b0c00000| Untracked 
| 269|0x00000000b0d00000, 0x00000000b0d00000, 0x00000000b0e00000|  0%| F|  |TAMS 0x00000000b0d00000, 0x00000000b0d00000| Untracked 
| 270|0x00000000b0e00000, 0x00000000b0e00000, 0x00000000b0f00000|  0%| F|  |TAMS 0x00000000b0e00000, 0x00000000b0e00000| Untracked 
| 271|0x00000000b0f00000, 0x00000000b0f00000, 0x00000000b1000000|  0%| F|  |TAMS 0x00000000b0f00000, 0x00000000b0f00000| Untracked 
| 272|0x00000000b1000000, 0x00000000b1000000, 0x00000000b1100000|  0%| F|  |TAMS 0x00000000b1000000, 0x00000000b1000000| Untracked 
| 273|0x00000000b1100000, 0x00000000b1100000, 0x00000000b1200000|  0%| F|  |TAMS 0x00000000b1100000, 0x00000000b1100000| Untracked 
| 274|0x00000000b1200000, 0x00000000b1200000, 0x00000000b1300000|  0%| F|  |TAMS 0x00000000b1200000, 0x00000000b1200000| Untracked 
| 275|0x00000000b1300000, 0x00000000b1300000, 0x00000000b1400000|  0%| F|  |TAMS 0x00000000b1300000, 0x00000000b1300000| Untracked 
| 276|0x00000000b1400000, 0x00000000b1400000, 0x00000000b1500000|  0%| F|  |TAMS 0x00000000b1400000, 0x00000000b1400000| Untracked 
| 277|0x00000000b1500000, 0x00000000b1500000, 0x00000000b1600000|  0%| F|  |TAMS 0x00000000b1500000, 0x00000000b1500000| Untracked 
| 278|0x00000000b1600000, 0x00000000b1600000, 0x00000000b1700000|  0%| F|  |TAMS 0x00000000b1600000, 0x00000000b1600000| Untracked 
| 279|0x00000000b1700000, 0x00000000b1700000, 0x00000000b1800000|  0%| F|  |TAMS 0x00000000b1700000, 0x00000000b1700000| Untracked 
| 280|0x00000000b1800000, 0x00000000b1800000, 0x00000000b1900000|  0%| F|  |TAMS 0x00000000b1800000, 0x00000000b1800000| Untracked 
| 281|0x00000000b1900000, 0x00000000b1900000, 0x00000000b1a00000|  0%| F|  |TAMS 0x00000000b1900000, 0x00000000b1900000| Untracked 
| 282|0x00000000b1a00000, 0x00000000b1a00000, 0x00000000b1b00000|  0%| F|  |TAMS 0x00000000b1a00000, 0x00000000b1a00000| Untracked 
| 283|0x00000000b1b00000, 0x00000000b1b00000, 0x00000000b1c00000|  0%| F|  |TAMS 0x00000000b1b00000, 0x00000000b1b00000| Untracked 
| 284|0x00000000b1c00000, 0x00000000b1c00000, 0x00000000b1d00000|  0%| F|  |TAMS 0x00000000b1c00000, 0x00000000b1c00000| Untracked 
| 285|0x00000000b1d00000, 0x00000000b1d00000, 0x00000000b1e00000|  0%| F|  |TAMS 0x00000000b1d00000, 0x00000000b1d00000| Untracked 
| 286|0x00000000b1e00000, 0x00000000b1e00000, 0x00000000b1f00000|  0%| F|  |TAMS 0x00000000b1e00000, 0x00000000b1e00000| Untracked 
| 287|0x00000000b1f00000, 0x00000000b2000000, 0x00000000b2000000|100%| S|CS|TAMS 0x00000000b1f00000, 0x00000000b1f00000| Complete 
| 288|0x00000000b2000000, 0x00000000b2100000, 0x00000000b2100000|100%| S|CS|TAMS 0x00000000b2000000, 0x00000000b2000000| Complete 
| 289|0x00000000b2100000, 0x00000000b2200000, 0x00000000b2200000|100%| S|CS|TAMS 0x00000000b2100000, 0x00000000b2100000| Complete 
| 290|0x00000000b2200000, 0x00000000b2300000, 0x00000000b2300000|100%| S|CS|TAMS 0x00000000b2200000, 0x00000000b2200000| Complete 
| 291|0x00000000b2300000, 0x00000000b2400000, 0x00000000b2400000|100%| S|CS|TAMS 0x00000000b2300000, 0x00000000b2300000| Complete 
| 292|0x00000000b2400000, 0x00000000b2400000, 0x00000000b2500000|  0%| F|  |TAMS 0x00000000b2400000, 0x00000000b2400000| Untracked 
| 293|0x00000000b2500000, 0x00000000b2500000, 0x00000000b2600000|  0%| F|  |TAMS 0x00000000b2500000, 0x00000000b2500000| Untracked 
| 294|0x00000000b2600000, 0x00000000b2600000, 0x00000000b2700000|  0%| F|  |TAMS 0x00000000b2600000, 0x00000000b2600000| Untracked 
| 295|0x00000000b2700000, 0x00000000b2700000, 0x00000000b2800000|  0%| F|  |TAMS 0x00000000b2700000, 0x00000000b2700000| Untracked 
| 296|0x00000000b2800000, 0x00000000b2800000, 0x00000000b2900000|  0%| F|  |TAMS 0x00000000b2800000, 0x00000000b2800000| Untracked 
| 297|0x00000000b2900000, 0x00000000b2900000, 0x00000000b2a00000|  0%| F|  |TAMS 0x00000000b2900000, 0x00000000b2900000| Untracked 
| 298|0x00000000b2a00000, 0x00000000b2a00000, 0x00000000b2b00000|  0%| F|  |TAMS 0x00000000b2a00000, 0x00000000b2a00000| Untracked 
| 299|0x00000000b2b00000, 0x00000000b2b00000, 0x00000000b2c00000|  0%| F|  |TAMS 0x00000000b2b00000, 0x00000000b2b00000| Untracked 
| 300|0x00000000b2c00000, 0x00000000b2c00000, 0x00000000b2d00000|  0%| F|  |TAMS 0x00000000b2c00000, 0x00000000b2c00000| Untracked 
| 301|0x00000000b2d00000, 0x00000000b2d00000, 0x00000000b2e00000|  0%| F|  |TAMS 0x00000000b2d00000, 0x00000000b2d00000| Untracked 
| 302|0x00000000b2e00000, 0x00000000b2e00000, 0x00000000b2f00000|  0%| F|  |TAMS 0x00000000b2e00000, 0x00000000b2e00000| Untracked 
| 303|0x00000000b2f00000, 0x00000000b2f00000, 0x00000000b3000000|  0%| F|  |TAMS 0x00000000b2f00000, 0x00000000b2f00000| Untracked 
| 304|0x00000000b3000000, 0x00000000b3000000, 0x00000000b3100000|  0%| F|  |TAMS 0x00000000b3000000, 0x00000000b3000000| Untracked 
| 305|0x00000000b3100000, 0x00000000b3100000, 0x00000000b3200000|  0%| F|  |TAMS 0x00000000b3100000, 0x00000000b3100000| Untracked 
| 306|0x00000000b3200000, 0x00000000b3200000, 0x00000000b3300000|  0%| F|  |TAMS 0x00000000b3200000, 0x00000000b3200000| Untracked 
| 307|0x00000000b3300000, 0x00000000b3300000, 0x00000000b3400000|  0%| F|  |TAMS 0x00000000b3300000, 0x00000000b3300000| Untracked 
| 308|0x00000000b3400000, 0x00000000b3400000, 0x00000000b3500000|  0%| F|  |TAMS 0x00000000b3400000, 0x00000000b3400000| Untracked 
| 309|0x00000000b3500000, 0x00000000b3500000, 0x00000000b3600000|  0%| F|  |TAMS 0x00000000b3500000, 0x00000000b3500000| Untracked 
| 310|0x00000000b3600000, 0x00000000b3600000, 0x00000000b3700000|  0%| F|  |TAMS 0x00000000b3600000, 0x00000000b3600000| Untracked 
| 311|0x00000000b3700000, 0x00000000b3700000, 0x00000000b3800000|  0%| F|  |TAMS 0x00000000b3700000, 0x00000000b3700000| Untracked 
| 312|0x00000000b3800000, 0x00000000b3800000, 0x00000000b3900000|  0%| F|  |TAMS 0x00000000b3800000, 0x00000000b3800000| Untracked 
| 313|0x00000000b3900000, 0x00000000b3900000, 0x00000000b3a00000|  0%| F|  |TAMS 0x00000000b3900000, 0x00000000b3900000| Untracked 
| 314|0x00000000b3a00000, 0x00000000b3a00000, 0x00000000b3b00000|  0%| F|  |TAMS 0x00000000b3a00000, 0x00000000b3a00000| Untracked 
| 315|0x00000000b3b00000, 0x00000000b3b00000, 0x00000000b3c00000|  0%| F|  |TAMS 0x00000000b3b00000, 0x00000000b3b00000| Untracked 
| 316|0x00000000b3c00000, 0x00000000b3c00000, 0x00000000b3d00000|  0%| F|  |TAMS 0x00000000b3c00000, 0x00000000b3c00000| Untracked 
| 317|0x00000000b3d00000, 0x00000000b3d00000, 0x00000000b3e00000|  0%| F|  |TAMS 0x00000000b3d00000, 0x00000000b3d00000| Untracked 
| 318|0x00000000b3e00000, 0x00000000b3e00000, 0x00000000b3f00000|  0%| F|  |TAMS 0x00000000b3e00000, 0x00000000b3e00000| Untracked 
| 319|0x00000000b3f00000, 0x00000000b3f00000, 0x00000000b4000000|  0%| F|  |TAMS 0x00000000b3f00000, 0x00000000b3f00000| Untracked 
| 320|0x00000000b4000000, 0x00000000b4000000, 0x00000000b4100000|  0%| F|  |TAMS 0x00000000b4000000, 0x00000000b4000000| Untracked 
| 321|0x00000000b4100000, 0x00000000b4100000, 0x00000000b4200000|  0%| F|  |TAMS 0x00000000b4100000, 0x00000000b4100000| Untracked 
| 322|0x00000000b4200000, 0x00000000b4200000, 0x00000000b4300000|  0%| F|  |TAMS 0x00000000b4200000, 0x00000000b4200000| Untracked 
| 323|0x00000000b4300000, 0x00000000b4300000, 0x00000000b4400000|  0%| F|  |TAMS 0x00000000b4300000, 0x00000000b4300000| Untracked 

Card table byte_map: [0x000001b812d10000,0x000001b813010000] _byte_map_base: 0x000001b812810000

Marking Bits (Prev, Next): (CMBitMap*) 0x000001b87f923f20, (CMBitMap*) 0x000001b87f923ee8
 Prev Bits: [0x000001b814b10000, 0x000001b816310000)
 Next Bits: [0x000001b813310000, 0x000001b814b10000)

Polling page: 0x000001b87d8b0000

Metaspace:

Usage:
  Non-class:     65.06 MB capacity,    63.97 MB ( 98%) used,   958.43 KB (  1%) free+waste,   158.63 KB ( <1%) overhead. 
      Class:     10.08 MB capacity,     9.51 MB ( 94%) used,   513.00 KB (  5%) free+waste,    72.00 KB ( <1%) overhead. 
       Both:     75.14 MB capacity,    73.48 MB ( 98%) used,     1.44 MB (  2%) free+waste,   230.63 KB ( <1%) overhead. 

Virtual space:
  Non-class space:       66.00 MB reserved,      65.25 MB ( 99%) committed 
      Class space:        1.00 GB reserved,      10.13 MB ( <1%) committed 
             Both:        1.06 GB reserved,      75.38 MB (  7%) committed 

Chunk freelists:
   Non-Class:  6.00 KB
       Class:  43.00 KB
        Both:  49.00 KB

MaxMetaspaceSize: 17179869184.00 GB
CompressedClassSpaceSize: 1.00 GB

CodeHeap 'non-profiled nmethods': size=120000Kb used=4412Kb max_used=4412Kb free=115587Kb
 bounds [0x000001b80b4e0000, 0x000001b80b930000, 0x000001b812a10000]
CodeHeap 'profiled nmethods': size=120000Kb used=18945Kb max_used=18945Kb free=101054Kb
 bounds [0x000001b803fb0000, 0x000001b805240000, 0x000001b80b4e0000]
CodeHeap 'non-nmethods': size=5760Kb used=2259Kb max_used=2308Kb free=3500Kb
 bounds [0x000001b803a10000, 0x000001b803c80000, 0x000001b803fb0000]
 total_blobs=9652 nmethods=8798 adapters=765
 compilation: enabled
              stopped_count=0, restarted_count=0
 full_count=0

Compilation events (20 events):
Event: 17.440 Thread 0x000001b8193c6000 8905       2       java.util.concurrent.ConcurrentLinkedQueue::succ (17 bytes)
Event: 17.440 Thread 0x000001b8193c6000 nmethod 8905 0x000001b80522c390 code [0x000001b80522c540, 0x000001b80522c658]
Event: 17.440 Thread 0x000001b8193c6000 8904       2       java.util.concurrent.ConcurrentLinkedQueue$Itr::next (96 bytes)
Event: 17.441 Thread 0x000001b81b9a6800 nmethod 8670 0x000001b80b922910 code [0x000001b80b922e80, 0x000001b80b929ba0]
Event: 17.441 Thread 0x000001b8193c6000 nmethod 8904 0x000001b80522c710 code [0x000001b80522c900, 0x000001b80522cd38]
Event: 17.441 Thread 0x000001b8193c6000 8906       2       com.android.tools.r8.graph.DexProgramClass::o (2 bytes)
Event: 17.441 Thread 0x000001b81b9a6800 8862   !   4       com.android.tools.r8.graph.DexString::g (125 bytes)
Event: 17.441 Thread 0x000001b8193c6000 nmethod 8906 0x000001b80522cf90 code [0x000001b80522d140, 0x000001b80522d238]
Event: 17.441 Thread 0x000001b8193c6000 8907  s    2       com.android.tools.r8.graph.DexApplication$Builder::addProgramClass (16 bytes)
Event: 17.442 Thread 0x000001b8193c6000 nmethod 8907 0x000001b80522d310 code [0x000001b80522d4e0, 0x000001b80522d798]
Event: 17.442 Thread 0x000001b8193c6000 8908       2       com.android.tools.r8.graph.LazyLoadedDexApplication$Builder::d (5 bytes)
Event: 17.442 Thread 0x000001b8193c6000 nmethod 8908 0x000001b80522d890 code [0x000001b80522da40, 0x000001b80522db38]
Event: 17.446 Thread 0x000001b8193c6000 8913   !   2       java.util.concurrent.ConcurrentHashMap::merge (545 bytes)
Event: 17.449 Thread 0x000001b8193c6000 nmethod 8913 0x000001b80522dc10 code [0x000001b80522df00, 0x000001b80522f258]
Event: 17.449 Thread 0x000001b8193c6000 8914       2       com.android.tools.r8.utils.Q$$Lambda$609/0x000000010091a040::get$Lambda (9 bytes)
Event: 17.449 Thread 0x000001b8193c6000 nmethod 8914 0x000001b80522fe10 code [0x000001b80522ffc0, 0x000001b805230138]
Event: 17.449 Thread 0x000001b8193c6000 8915       2       com.android.tools.r8.utils.Q$$Lambda$609/0x000000010091a040::<init> (10 bytes)
Event: 17.450 Thread 0x000001b8193c6000 nmethod 8915 0x000001b805230210 code [0x000001b8052303c0, 0x000001b8052304f8]
Event: 17.479 Thread 0x000001b81b9a6800 nmethod 8862 0x000001b80b92da10 code [0x000001b80b92dc00, 0x000001b80b92e818]
Event: 17.479 Thread 0x000001b81b9a6800 8916   !   4       java.util.concurrent.ConcurrentHashMap::transfer (828 bytes)

GC Heap History (20 events):
Event: 15.568 GC heap after
{Heap after GC invocations=24 (full 0):
 garbage-first heap   total 143360K, used 117098K [0x00000000a0000000, 0x0000000100000000)
  region size 1024K, 2 young (2048K), 2 survivors (2048K)
 Metaspace       used 72778K, capacity 74442K, committed 74752K, reserved 1114112K
  class space    used 9317K, capacity 9898K, committed 9984K, reserved 1048576K
}
Event: 15.601 GC heap before
{Heap before GC invocations=25 (full 0):
 garbage-first heap   total 143360K, used 122218K [0x00000000a0000000, 0x0000000100000000)
  region size 1024K, 8 young (8192K), 2 survivors (2048K)
 Metaspace       used 72781K, capacity 74442K, committed 74752K, reserved 1114112K
  class space    used 9317K, capacity 9898K, committed 9984K, reserved 1048576K
}
Event: 15.608 GC heap after
{Heap after GC invocations=26 (full 0):
 garbage-first heap   total 143360K, used 119615K [0x00000000a0000000, 0x0000000100000000)
  region size 1024K, 1 young (1024K), 1 survivors (1024K)
 Metaspace       used 72781K, capacity 74442K, committed 74752K, reserved 1114112K
  class space    used 9317K, capacity 9898K, committed 9984K, reserved 1048576K
}
Event: 15.644 GC heap before
{Heap before GC invocations=26 (full 0):
 garbage-first heap   total 143360K, used 124735K [0x00000000a0000000, 0x0000000100000000)
  region size 1024K, 7 young (7168K), 1 survivors (1024K)
 Metaspace       used 72782K, capacity 74442K, committed 74752K, reserved 1114112K
  class space    used 9317K, capacity 9898K, committed 9984K, reserved 1048576K
}
Event: 15.652 GC heap after
{Heap after GC invocations=27 (full 0):
 garbage-first heap   total 172032K, used 121856K [0x00000000a0000000, 0x0000000100000000)
  region size 1024K, 1 young (1024K), 1 survivors (1024K)
 Metaspace       used 72782K, capacity 74442K, committed 74752K, reserved 1114112K
  class space    used 9317K, capacity 9898K, committed 9984K, reserved 1048576K
}
Event: 15.756 GC heap before
{Heap before GC invocations=27 (full 0):
 garbage-first heap   total 172032K, used 135168K [0x00000000a0000000, 0x0000000100000000)
  region size 1024K, 14 young (14336K), 1 survivors (1024K)
 Metaspace       used 72799K, capacity 74442K, committed 74752K, reserved 1114112K
  class space    used 9318K, capacity 9898K, committed 9984K, reserved 1048576K
}
Event: 15.766 GC heap after
{Heap after GC invocations=28 (full 0):
 garbage-first heap   total 172032K, used 127223K [0x00000000a0000000, 0x0000000100000000)
  region size 1024K, 2 young (2048K), 2 survivors (2048K)
 Metaspace       used 72799K, capacity 74442K, committed 74752K, reserved 1114112K
  class space    used 9318K, capacity 9898K, committed 9984K, reserved 1048576K
}
Event: 15.845 GC heap before
{Heap before GC invocations=28 (full 0):
 garbage-first heap   total 172032K, used 139511K [0x00000000a0000000, 0x0000000100000000)
  region size 1024K, 13 young (13312K), 2 survivors (2048K)
 Metaspace       used 72804K, capacity 74442K, committed 74752K, reserved 1114112K
  class space    used 9318K, capacity 9898K, committed 9984K, reserved 1048576K
}
Event: 15.860 GC heap after
{Heap after GC invocations=29 (full 0):
 garbage-first heap   total 172032K, used 133633K [0x00000000a0000000, 0x0000000100000000)
  region size 1024K, 2 young (2048K), 2 survivors (2048K)
 Metaspace       used 72804K, capacity 74442K, committed 74752K, reserved 1114112K
  class space    used 9318K, capacity 9898K, committed 9984K, reserved 1048576K
}
Event: 15.914 GC heap before
{Heap before GC invocations=30 (full 0):
 garbage-first heap   total 172032K, used 141825K [0x00000000a0000000, 0x0000000100000000)
  region size 1024K, 11 young (11264K), 2 survivors (2048K)
 Metaspace       used 72806K, capacity 74442K, committed 74752K, reserved 1114112K
  class space    used 9318K, capacity 9898K, committed 9984K, reserved 1048576K
}
Event: 15.927 GC heap after
{Heap after GC invocations=31 (full 0):
 garbage-first heap   total 172032K, used 137966K [0x00000000a0000000, 0x0000000100000000)
  region size 1024K, 2 young (2048K), 2 survivors (2048K)
 Metaspace       used 72806K, capacity 74442K, committed 74752K, reserved 1114112K
  class space    used 9318K, capacity 9898K, committed 9984K, reserved 1048576K
}
Event: 15.957 GC heap before
{Heap before GC invocations=31 (full 0):
 garbage-first heap   total 172032K, used 144110K [0x00000000a0000000, 0x0000000100000000)
  region size 1024K, 9 young (9216K), 2 survivors (2048K)
 Metaspace       used 72807K, capacity 74442K, committed 74752K, reserved 1114112K
  class space    used 9318K, capacity 9898K, committed 9984K, reserved 1048576K
}
Event: 15.971 GC heap after
{Heap after GC invocations=32 (full 0):
 garbage-first heap   total 331776K, used 141265K [0x00000000a0000000, 0x0000000100000000)
  region size 1024K, 2 young (2048K), 2 survivors (2048K)
 Metaspace       used 72807K, capacity 74442K, committed 74752K, reserved 1114112K
  class space    used 9318K, capacity 9898K, committed 9984K, reserved 1048576K
}
Event: 16.493 GC heap before
{Heap before GC invocations=33 (full 0):
 garbage-first heap   total 331776K, used 196561K [0x00000000a0000000, 0x0000000100000000)
  region size 1024K, 57 young (58368K), 2 survivors (2048K)
 Metaspace       used 74366K, capacity 76066K, committed 76416K, reserved 1116160K
  class space    used 9624K, capacity 10228K, committed 10368K, reserved 1048576K
}
Event: 16.551 GC heap after
{Heap after GC invocations=34 (full 0):
 garbage-first heap   total 331776K, used 165089K [0x00000000a0000000, 0x0000000100000000)
  region size 1024K, 8 young (8192K), 8 survivors (8192K)
 Metaspace       used 74366K, capacity 76066K, committed 76416K, reserved 1116160K
  class space    used 9624K, capacity 10228K, committed 10368K, reserved 1048576K
}
Event: 16.740 GC heap before
{Heap before GC invocations=34 (full 0):
 garbage-first heap   total 331776K, used 215265K [0x00000000a0000000, 0x0000000100000000)
  region size 1024K, 58 young (59392K), 8 survivors (8192K)
 Metaspace       used 74486K, capacity 76266K, committed 76416K, reserved 1116160K
  class space    used 9624K, capacity 10228K, committed 10368K, reserved 1048576K
}
Event: 16.792 GC heap after
{Heap after GC invocations=35 (full 0):
 garbage-first heap   total 331776K, used 193179K [0x00000000a0000000, 0x0000000100000000)
  region size 1024K, 8 young (8192K), 8 survivors (8192K)
 Metaspace       used 74486K, capacity 76266K, committed 76416K, reserved 1116160K
  class space    used 9624K, capacity 10228K, committed 10368K, reserved 1048576K
}
Event: 17.272 GC heap before
{Heap before GC invocations=35 (full 0):
 garbage-first heap   total 331776K, used 234139K [0x00000000a0000000, 0x0000000100000000)
  region size 1024K, 49 young (50176K), 8 survivors (8192K)
 Metaspace       used 74526K, capacity 76267K, committed 76416K, reserved 1116160K
  class space    used 9626K, capacity 10228K, committed 10368K, reserved 1048576K
}
Event: 17.313 GC heap after
{Heap after GC invocations=36 (full 0):
 garbage-first heap   total 331776K, used 217600K [0x00000000a0000000, 0x0000000100000000)
  region size 1024K, 7 young (7168K), 7 survivors (7168K)
 Metaspace       used 74526K, capacity 76267K, committed 76416K, reserved 1116160K
  class space    used 9626K, capacity 10228K, committed 10368K, reserved 1048576K
}
Event: 17.516 GC heap before
{Heap before GC invocations=37 (full 0):
 garbage-first heap   total 331776K, used 249344K [0x00000000a0000000, 0x0000000100000000)
  region size 1024K, 39 young (39936K), 7 survivors (7168K)
 Metaspace       used 75240K, capacity 76943K, committed 77184K, reserved 1116160K
  class space    used 9740K, capacity 10325K, committed 10368K, reserved 1048576K
}

Deoptimization events (20 events):
Event: 16.279 Thread 0x000001b81a76b000 DEOPT PACKING pc=0x000001b805167c02 sp=0x0000007dfd2fef20
Event: 16.279 Thread 0x000001b81a76b000 DEOPT UNPACKING pc=0x000001b803a376ce sp=0x0000007dfd2fe3a0 mode 0
Event: 16.281 Thread 0x000001b81a76b000 DEOPT PACKING pc=0x000001b805167c02 sp=0x0000007dfd2feef0
Event: 16.281 Thread 0x000001b81a76b000 DEOPT UNPACKING pc=0x000001b803a376ce sp=0x0000007dfd2fe370 mode 0
Event: 16.584 Thread 0x000001b81a76b000 DEOPT PACKING pc=0x000001b80517f75c sp=0x0000007dfd2fec50
Event: 16.584 Thread 0x000001b81a76b000 DEOPT UNPACKING pc=0x000001b803a376ce sp=0x0000007dfd2fe198 mode 0
Event: 16.907 Thread 0x000001b81a767800 DEOPT PACKING pc=0x000001b805184a73 sp=0x0000007dfcefddb0
Event: 16.908 Thread 0x000001b81a767800 DEOPT UNPACKING pc=0x000001b803a376ce sp=0x0000007dfcefd2e8 mode 0
Event: 17.264 Thread 0x000001b81a767800 DEOPT PACKING pc=0x000001b8051ebfbe sp=0x0000007dfcefe5a0
Event: 17.264 Thread 0x000001b81a767800 DEOPT UNPACKING pc=0x000001b803a376ce sp=0x0000007dfcefda20 mode 0
Event: 17.375 Thread 0x000001b81a767800 DEOPT PACKING pc=0x000001b8051da77a sp=0x0000007dfcefded0
Event: 17.375 Thread 0x000001b81a767800 DEOPT UNPACKING pc=0x000001b803a376ce sp=0x0000007dfcefd418 mode 0
Event: 17.447 Thread 0x000001b81a761000 DEOPT PACKING pc=0x000001b80511bb98 sp=0x0000007dfc8fd7f0
Event: 17.447 Thread 0x000001b81a761000 DEOPT UNPACKING pc=0x000001b803a376ce sp=0x0000007dfc8fccf0 mode 0
Event: 17.448 Thread 0x000001b81a761000 DEOPT PACKING pc=0x000001b80511bb77 sp=0x0000007dfc8fd7f0
Event: 17.448 Thread 0x000001b81a761000 DEOPT UNPACKING pc=0x000001b803a376ce sp=0x0000007dfc8fccf0 mode 0
Event: 17.450 Thread 0x000001b81a761000 DEOPT PACKING pc=0x000001b80511bb98 sp=0x0000007dfc8fd760
Event: 17.450 Thread 0x000001b81a761000 DEOPT UNPACKING pc=0x000001b803a376ce sp=0x0000007dfc8fcc60 mode 0
Event: 17.452 Thread 0x000001b81a761000 DEOPT PACKING pc=0x000001b80511bb98 sp=0x0000007dfc8fd760
Event: 17.452 Thread 0x000001b81a761000 DEOPT UNPACKING pc=0x000001b803a376ce sp=0x0000007dfc8fcc60 mode 0

Classes redefined (0 events):
No events

Internal exceptions (20 events):
Event: 13.906 Thread 0x000001b81afd6000 Exception <a 'java/lang/NoSuchMethodError'{0x00000000a6594c58}: <clinit>> (0x00000000a6594c58) thrown at [./src/hotspot/share/prims/jni.cpp, line 1362]
Event: 13.907 Thread 0x000001b81afd6000 Exception <a 'java/lang/NoSuchMethodError'{0x00000000a65aeb48}: <clinit>> (0x00000000a65aeb48) thrown at [./src/hotspot/share/prims/jni.cpp, line 1362]
Event: 13.926 Thread 0x000001b81afd6000 Exception <a 'java/lang/NoSuchMethodError'{0x00000000a63f4598}: <clinit>> (0x00000000a63f4598) thrown at [./src/hotspot/share/prims/jni.cpp, line 1362]
Event: 13.930 Thread 0x000001b81afd6000 Exception <a 'java/lang/NoSuchMethodError'{0x00000000a62471a8}: <clinit>> (0x00000000a62471a8) thrown at [./src/hotspot/share/prims/jni.cpp, line 1362]
Event: 13.930 Thread 0x000001b81afd6000 Exception <a 'java/lang/NoSuchMethodError'{0x00000000a62486e0}: <clinit>> (0x00000000a62486e0) thrown at [./src/hotspot/share/prims/jni.cpp, line 1362]
Event: 13.931 Thread 0x000001b81afd6000 Exception <a 'java/lang/NoSuchMethodError'{0x00000000a624c108}: <clinit>> (0x00000000a624c108) thrown at [./src/hotspot/share/prims/jni.cpp, line 1362]
Event: 14.070 Thread 0x000001b81afd6000 Exception <a 'java/lang/NoSuchMethodError'{0x00000000a559c4f0}: <clinit>> (0x00000000a559c4f0) thrown at [./src/hotspot/share/prims/jni.cpp, line 1362]
Event: 14.394 Thread 0x000001b81a75f800 Exception <a 'java/lang/NoSuchMethodError'{0x00000000a6266350}: <clinit>> (0x00000000a6266350) thrown at [./src/hotspot/share/prims/jni.cpp, line 1362]
Event: 14.773 Thread 0x000001b81bf5b000 Exception <a 'java/lang/NoSuchMethodError'{0x00000000a7455ca0}: <clinit>> (0x00000000a7455ca0) thrown at [./src/hotspot/share/prims/jni.cpp, line 1362]
Event: 14.774 Thread 0x000001b81bf5b000 Exception <a 'java/lang/NoSuchMethodError'{0x00000000a7467258}: <clinit>> (0x00000000a7467258) thrown at [./src/hotspot/share/prims/jni.cpp, line 1362]
Event: 14.779 Thread 0x000001b81bf5b000 Exception <a 'java/lang/NoSuchMethodError'{0x00000000a74859c8}: <clinit>> (0x00000000a74859c8) thrown at [./src/hotspot/share/prims/jni.cpp, line 1362]
Event: 14.883 Thread 0x000001b81a765000 Exception <a 'java/lang/NoSuchMethodError'{0x00000000a64c79f8}: 'int java.lang.invoke.DirectMethodHandle$Holder.invokeSpecialIFC(java.lang.Object, java.lang.Object, java.lang.Object, java.lang.Object)'> (0x00000000a64c79f8) thrown at [./src/hotspot/share/interpreter/linkResolver.cpp, line 773]
Event: 14.994 Thread 0x000001b81a763800 Exception <a 'java/lang/NoSuchMethodError'{0x00000000a5b930b8}: <clinit>> (0x00000000a5b930b8) thrown at [./src/hotspot/share/prims/jni.cpp, line 1362]
Event: 15.089 Thread 0x000001b81a761000 Exception <a 'java/lang/NoSuchMethodError'{0x00000000a79bf878}: 'int java.lang.invoke.DirectMethodHandle$Holder.invokeStaticInit(java.lang.Object, java.lang.Object)'> (0x00000000a79bf878) thrown at [./src/hotspot/share/interpreter/linkResolver.cpp, line 773]
Event: 15.244 Thread 0x000001b81a761000 Exception <a 'sun/nio/fs/WindowsException'{0x00000000a6fd8788}> (0x00000000a6fd8788) thrown at [./src/hotspot/share/prims/jni.cpp, line 615]
Event: 16.063 Thread 0x000001b81a767800 Exception <a 'java/lang/NoSuchMethodError'{0x00000000b345cfc0}: 'java.lang.Object java.lang.invoke.DirectMethodHandle$Holder.newInvokeSpecial(java.lang.Object, int)'> (0x00000000b345cfc0) thrown at [./src/hotspot/share/interpreter/linkResolver.cpp, line 773]
Event: 16.160 Thread 0x000001b81a767800 Implicit null exception at 0x000001b80b666caf to 0x000001b80b666da0
Event: 16.160 Thread 0x000001b81a768800 Implicit null exception at 0x000001b80b666caf to 0x000001b80b666da0
Event: 16.160 Thread 0x000001b81a762000 Implicit null exception at 0x000001b80b666caf to 0x000001b80b666da0
Event: 16.160 Thread 0x000001b81a76b000 Implicit null exception at 0x000001b80b666caf to 0x000001b80b666da0

Events (20 events):
Event: 17.511 loading class com/android/tools/r8/ir/optimize/n done
Event: 17.512 loading class com/android/tools/r8/n/a/a/a/b
Event: 17.512 loading class com/android/tools/r8/n/a/a/a/b done
Event: 17.512 loading class com/android/tools/r8/m/a/a/b/F1
Event: 17.512 loading class com/android/tools/r8/m/a/a/b/F1 done
Event: 17.513 loading class com/android/tools/r8/m/a/a/b/E1
Event: 17.513 loading class com/android/tools/r8/m/a/a/b/E1 done
Event: 17.513 loading class com/android/tools/r8/m/a/a/b/B2
Event: 17.513 loading class com/android/tools/r8/m/a/a/b/B2 done
Event: 17.514 loading class com/android/tools/r8/m/a/a/b/L
Event: 17.514 loading class com/android/tools/r8/m/a/a/b/L done
Event: 17.514 loading class com/android/tools/r8/m/a/a/b/P$b
Event: 17.514 loading class com/android/tools/r8/m/a/a/b/P$b done
Event: 17.515 loading class com/android/tools/r8/m/a/a/b/L$a
Event: 17.515 loading class com/android/tools/r8/m/a/a/b/L$a done
Event: 17.515 loading class com/android/tools/r8/graph/DexApplication$a
Event: 17.515 loading class com/android/tools/r8/graph/DexApplication$a done
Event: 17.516 loading class com/android/tools/r8/graph/DexType
Event: 17.516 loading class com/android/tools/r8/graph/DexType done
Event: 17.516 Executing VM operation: G1CollectForAllocation


Dynamic libraries:
0x00007ff6d4990000 - 0x00007ff6d499a000 	C:\Program Files\Android\Android Studio\jre\bin\java.exe
0x00007fff38350000 - 0x00007fff38545000 	C:\WINDOWS\SYSTEM32\ntdll.dll
0x00007fff36d00000 - 0x00007fff36dbd000 	C:\WINDOWS\System32\KERNEL32.DLL
0x00007fff35cf0000 - 0x00007fff35fb9000 	C:\WINDOWS\System32\KERNELBASE.dll
0x00007fff35bf0000 - 0x00007fff35cf0000 	C:\WINDOWS\System32\ucrtbase.dll
0x00007fff2e930000 - 0x00007fff2e949000 	C:\Program Files\Android\Android Studio\jre\bin\jli.dll
0x00007fff2fbe0000 - 0x00007fff2fbf7000 	C:\Program Files\Android\Android Studio\jre\bin\VCRUNTIME140.dll
0x00007fff375a0000 - 0x00007fff37740000 	C:\WINDOWS\System32\USER32.dll
0x00007fff35fc0000 - 0x00007fff35fe2000 	C:\WINDOWS\System32\win32u.dll
0x00007fff21e70000 - 0x00007fff2210a000 	C:\WINDOWS\WinSxS\amd64_microsoft.windows.common-controls_6595b64144ccf1df_6.0.19041.1110_none_60b5254171f9507e\COMCTL32.dll
0x00007fff37740000 - 0x00007fff3776a000 	C:\WINDOWS\System32\GDI32.dll
0x00007fff37460000 - 0x00007fff374fe000 	C:\WINDOWS\System32\msvcrt.dll
0x00007fff36110000 - 0x00007fff3621b000 	C:\WINDOWS\System32\gdi32full.dll
0x00007fff36070000 - 0x00007fff3610d000 	C:\WINDOWS\System32\msvcp_win.dll
0x00007fff380d0000 - 0x00007fff38100000 	C:\WINDOWS\System32\IMM32.DLL
0x00007fff22ef0000 - 0x00007fff22f8d000 	C:\Program Files\Android\Android Studio\jre\bin\msvcp140.dll
0x00007ffeff670000 - 0x00007fff0013f000 	C:\Program Files\Android\Android Studio\jre\bin\server\jvm.dll
0x00007fff373b0000 - 0x00007fff3745c000 	C:\WINDOWS\System32\ADVAPI32.dll
0x00007fff37500000 - 0x00007fff3759b000 	C:\WINDOWS\System32\sechost.dll
0x00007fff38100000 - 0x00007fff3822a000 	C:\WINDOWS\System32\RPCRT4.dll
0x00007fff36a00000 - 0x00007fff36a08000 	C:\WINDOWS\System32\PSAPI.DLL
0x00007fff2cf70000 - 0x00007fff2cf7a000 	C:\WINDOWS\SYSTEM32\VERSION.dll
0x00007fff1e700000 - 0x00007fff1e727000 	C:\WINDOWS\SYSTEM32\WINMM.dll
0x00007fff1f980000 - 0x00007fff1f989000 	C:\WINDOWS\SYSTEM32\WSOCK32.dll
0x00007fff38060000 - 0x00007fff380cb000 	C:\WINDOWS\System32\ws2_32.DLL
0x00007fff343a0000 - 0x00007fff343b2000 	C:\WINDOWS\SYSTEM32\kernel.appcore.dll
0x00007fff2e300000 - 0x00007fff2e311000 	C:\Program Files\Android\Android Studio\jre\bin\verify.dll
0x00007fff338b0000 - 0x00007fff33a94000 	C:\WINDOWS\SYSTEM32\DBGHELP.DLL
0x00007fff1e6b0000 - 0x00007fff1e6dc000 	C:\WINDOWS\SYSTEM32\dbgcore.DLL
0x00007fff36280000 - 0x00007fff36303000 	C:\WINDOWS\System32\bcryptPrimitives.dll
0x00007fff289a0000 - 0x00007fff289c9000 	C:\Program Files\Android\Android Studio\jre\bin\java.dll
0x00007fff2fbb0000 - 0x00007fff2fbbb000 	C:\Program Files\Android\Android Studio\jre\bin\jimage.dll
0x00007fff2d700000 - 0x00007fff2d718000 	C:\Program Files\Android\Android Studio\jre\bin\zip.dll
0x00007fff377f0000 - 0x00007fff37f2f000 	C:\WINDOWS\System32\SHELL32.dll
0x00007fff33ba0000 - 0x00007fff34331000 	C:\WINDOWS\SYSTEM32\windows.storage.dll
0x00007fff36f30000 - 0x00007fff37285000 	C:\WINDOWS\System32\combase.dll
0x00007fff35500000 - 0x00007fff3552c000 	C:\WINDOWS\SYSTEM32\Wldp.dll
0x00007fff36dd0000 - 0x00007fff36e7e000 	C:\WINDOWS\System32\SHCORE.dll
0x00007fff37350000 - 0x00007fff373a5000 	C:\WINDOWS\System32\shlwapi.dll
0x00007fff359d0000 - 0x00007fff359ef000 	C:\WINDOWS\SYSTEM32\profapi.dll
0x00007fff28980000 - 0x00007fff2899a000 	C:\Program Files\Android\Android Studio\jre\bin\net.dll
0x00007fff23750000 - 0x00007fff2385a000 	C:\WINDOWS\SYSTEM32\WINHTTP.dll
0x00007fff35260000 - 0x00007fff352ca000 	C:\WINDOWS\system32\mswsock.dll
0x00007fff28920000 - 0x00007fff28934000 	C:\Program Files\Android\Android Studio\jre\bin\nio.dll
0x00007fff230e0000 - 0x00007fff23106000 	C:\Users\Asus\.gradle\native\29\windows-amd64\native-platform.dll
0x00007fff2fb70000 - 0x00007fff2fb7a000 	C:\Program Files\Android\Android Studio\jre\bin\management.dll
0x00007fff2f550000 - 0x00007fff2f55c000 	C:\Program Files\Android\Android Studio\jre\bin\management_ext.dll
0x00007fff35440000 - 0x00007fff35458000 	C:\WINDOWS\SYSTEM32\CRYPTSP.dll
0x00007fff34b90000 - 0x00007fff34bc4000 	C:\WINDOWS\system32\rsaenh.dll
0x00007fff35ff0000 - 0x00007fff36017000 	C:\WINDOWS\System32\bcrypt.dll
0x00007fff35950000 - 0x00007fff3597e000 	C:\WINDOWS\SYSTEM32\USERENV.dll
0x00007fff35460000 - 0x00007fff3546c000 	C:\WINDOWS\SYSTEM32\CRYPTBASE.dll
0x00007fff34f00000 - 0x00007fff34f3b000 	C:\WINDOWS\SYSTEM32\IPHLPAPI.DLL
0x00007fff38230000 - 0x00007fff38238000 	C:\WINDOWS\System32\NSI.dll
0x00007fff2cf50000 - 0x00007fff2cf67000 	C:\WINDOWS\SYSTEM32\dhcpcsvc6.DLL
0x00007fff2d0c0000 - 0x00007fff2d0dd000 	C:\WINDOWS\SYSTEM32\dhcpcsvc.DLL
0x00007fff34f40000 - 0x00007fff3500c000 	C:\WINDOWS\SYSTEM32\DNSAPI.dll

dbghelp: loaded successfully - version: 4.0.5 - missing functions: none
symbol engine: initialized successfully - sym options: 0x614 - pdb path: .;C:\Program Files\Android\Android Studio\jre\bin;C:\WINDOWS\SYSTEM32;C:\WINDOWS\WinSxS\amd64_microsoft.windows.common-controls_6595b64144ccf1df_6.0.19041.1110_none_60b5254171f9507e;C:\Program Files\Android\Android Studio\jre\bin\server;C:\Users\Asus\.gradle\native\29\windows-amd64

VM Arguments:
jvm_args: --add-opens=java.base/java.util=ALL-UNNAMED --add-opens=java.base/java.lang=ALL-UNNAMED --add-opens=java.base/java.lang.invoke=ALL-UNNAMED --add-opens=java.prefs/java.util.prefs=ALL-UNNAMED -Xmx1536m -Dfile.encoding=windows-1252 -Duser.country=US -Duser.language=en -Duser.variant 
java_command: org.gradle.launcher.daemon.bootstrap.GradleDaemon 5.4.1
java_class_path (initial): C:\Users\Asus\.gradle\wrapper\dists\gradle-5.4.1-all\3221gyojl5jsh0helicew7rwx\gradle-5.4.1\lib\gradle-launcher-5.4.1.jar
Launcher Type: SUN_STANDARD

[Global flags]
     intx CICompilerCount                          = 4                                         {product} {ergonomic}
     uint ConcGCThreads                            = 2                                         {product} {ergonomic}
     uint G1ConcRefinementThreads                  = 8                                         {product} {ergonomic}
   size_t G1HeapRegionSize                         = 1048576                                   {product} {ergonomic}
    uintx GCDrainStackTargetSize                   = 64                                        {product} {ergonomic}
   size_t InitialHeapSize                          = 134217728                                 {product} {ergonomic}
   size_t MarkStackSize                            = 4194304                                   {product} {ergonomic}
   size_t MaxHeapSize                              = 1610612736                                {product} {command line}
   size_t MaxNewSize                               = 965738496                                 {product} {ergonomic}
   size_t MinHeapDeltaBytes                        = 1048576                                   {product} {ergonomic}
    uintx NonNMethodCodeHeapSize                   = 5836300                                {pd product} {ergonomic}
    uintx NonProfiledCodeHeapSize                  = 122910970                              {pd product} {ergonomic}
    uintx ProfiledCodeHeapSize                     = 122910970                              {pd product} {ergonomic}
    uintx ReservedCodeCacheSize                    = 251658240                              {pd product} {ergonomic}
     bool SegmentedCodeCache                       = true                                      {product} {ergonomic}
     bool UseCompressedClassPointers               = true                                 {lp64_product} {ergonomic}
     bool UseCompressedOops                        = true                                 {lp64_product} {ergonomic}
     bool UseG1GC                                  = true                                      {product} {ergonomic}
     bool UseLargePagesIndividualAllocation        = false                                  {pd product} {ergonomic}

Logging:
Log output configuration:
 #0: stdout all=warning uptime,level,tags
 #1: stderr all=off uptime,level,tags

Environment Variables:
PATH=C:\Program Files (x86)\Intel\iCLS Client\;C:\Program Files\Intel\iCLS Client\;C:\Windows\system32;C:\Windows;C:\Windows\System32\Wbem;C:\Windows\System32\WindowsPowerShell\v1.0\;C:\Program Files (x86)\Intel\Intel(R) Management Engine Components\DAL;C:\Program Files\Intel\Intel(R) Management Engine Components\DAL;C:\Program Files (x86)\Intel\Intel(R) Management Engine Components\IPT;C:\Program Files\Intel\Intel(R) Management Engine Components\IPT;C:\Program Files (x86)\NVIDIA Corporation\PhysX\Common;C:\WINDOWS\system32;C:\WINDOWS;C:\WINDOWS\System32\Wbem;C:\WINDOWS\System32\WindowsPowerShell\v1.0\;C:\WINDOWS\System32\OpenSSH\;C:\Program Files\Intel\WiFi\bin\;C:\Program Files\Common Files\Intel\WirelessCommon\;Y:\git\Git\cmd;Y:\python\python;C:\Program Files\Git\cmd;C:\Users\Asus\AppData\Local\Programs\Python\Python39\Scripts\;C:\Users\Asus\AppData\Local\Programs\Python\Python39\;C:\Users\Asus\.windows-build-tools\python27\;C:\Users\Asus\AppData\Local\Microsoft\WindowsApps;C:\Users\Asus\AppData\Local\Programs\Microsoft VS Code\bin;C:\Program Files (x86)\Microsoft Visual Studio\2017\Community\MSBuild\15.0\Bin;C:\Users\Asus\AppData\Local\Microsoft\WindowsApps;C:\Program Files (x86)\mingw-w64\i686-8.1.0-posix-dwarf-rt_v6-rev0\mingw32\bin;
USERNAME=Asus
OS=Windows_NT
PROCESSOR_IDENTIFIER=Intel64 Family 6 Model 142 Stepping 10, GenuineIntel



---------------  S Y S T E M  ---------------

OS: Windows 10 , 64 bit Build 19041 (10.0.19041.1023)
OS uptime: 22 days 22:36 hours

CPU:total 8 (initial active 8) (4 cores per cpu, 2 threads per core) family 6 model 142 stepping 10 microcode 0xb4, cmov, cx8, fxsr, mmx, sse, sse2, sse3, ssse3, sse4.1, sse4.2, popcnt, avx, avx2, aes, clmul, erms, 3dnowpref, lzcnt, ht, tsc, tscinvbit, bmi1, bmi2, adx, fma

Memory: 4k page, system-wide physical 8078M (369M free)
TotalPageFile size 30968M (AvailPageFile size 328M)
current process WorkingSet (physical memory assigned to process): 402M, peak: 467M
current process commit charge ("private bytes"): 598M, peak: 1078M

vm_info: OpenJDK 64-Bit Server VM (11.0.10+0-b96-7249189) for windows-amd64 JRE (11.0.10+0-b96-7249189), built on Mar 31 2021 21:44:00 by "builder" with MS VC++ 14.0 (VS2015)

END.
